Mensaje I / 00:00:00:000 / Root(00) para top(01)
Mensaje I / 00:00:00:000 / top(01) para bim(02)
Mensaje D / 00:00:00:000 / bim(02) / ... para top(01)
Mensaje D / 00:00:00:000 / top(01) / ... para Root(00)
Mensaje X / 00:00:10:000 / Root(00) / testin /      5.00000 para top(01)
Mensaje X / 00:00:10:000 / top(01) / in_button /      5.00000 para bim(02)
Mensaje D / 00:00:10:000 / bim(02) / 00:00:00:015 para top(01)
Mensaje D / 00:00:10:000 / top(01) / 00:00:00:015 para Root(00)
Mensaje * / 00:00:10:015 / Root(00) para top(01)
Mensaje * / 00:00:10:015 / top(01) para bim(02)
Mensaje Y / 00:00:10:015 / bim(02) / out_dec /      1.00000 para top(01)
Mensaje D / 00:00:10:015 / bim(02) / ... para top(01)
Mensaje Y / 00:00:10:015 / top(01) / testout_dec /      1.00000 para Root(00)
Mensaje D / 00:00:10:015 / top(01) / ... para Root(00)
Mensaje X / 00:00:30:000 / Root(00) / testin /      6.00000 para top(01)
Mensaje X / 00:00:30:000 / top(01) / in_button /      6.00000 para bim(02)
Mensaje D / 00:00:30:000 / bim(02) / 00:00:00:015 para top(01)
Mensaje D / 00:00:30:000 / top(01) / 00:00:00:015 para Root(00)
Mensaje * / 00:00:30:015 / Root(00) para top(01)
Mensaje * / 00:00:30:015 / top(01) para bim(02)
Mensaje Y / 00:00:30:015 / bim(02) / out_resume /      1.00000 para top(01)
Mensaje D / 00:00:30:015 / bim(02) / ... para top(01)
Mensaje Y / 00:00:30:015 / top(01) / testout_resume /      1.00000 para Root(00)
Mensaje D / 00:00:30:015 / top(01) / ... para Root(00)
Mensaje X / 00:00:50:000 / Root(00) / testin /      3.00000 para top(01)
Mensaje X / 00:00:50:000 / top(01) / in_button /      3.00000 para bim(02)
Mensaje D / 00:00:50:000 / bim(02) / 00:00:00:015 para top(01)
Mensaje D / 00:00:50:000 / top(01) / 00:00:00:015 para Root(00)
Mensaje * / 00:00:50:015 / Root(00) para top(01)
Mensaje * / 00:00:50:015 / top(01) para bim(02)
Mensaje Y / 00:00:50:015 / bim(02) / out_set /      1.00000 para top(01)
Mensaje D / 00:00:50:015 / bim(02) / ... para top(01)
Mensaje Y / 00:00:50:015 / top(01) / testout_set /      1.00000 para Root(00)
Mensaje D / 00:00:50:015 / top(01) / ... para Root(00)
Mensaje X / 00:01:10:000 / Root(00) / testin /      1.00000 para top(01)
Mensaje X / 00:01:10:000 / top(01) / in_button /      1.00000 para bim(02)
Mensaje D / 00:01:10:000 / bim(02) / 00:00:00:015 para top(01)
Mensaje D / 00:01:10:000 / top(01) / 00:00:00:015 para Root(00)
Mensaje * / 00:01:10:015 / Root(00) para top(01)
Mensaje * / 00:01:10:015 / top(01) para bim(02)
Mensaje Y / 00:01:10:015 / bim(02) / out_on /      1.00000 para top(01)
Mensaje D / 00:01:10:015 / bim(02) / ... para top(01)
Mensaje Y / 00:01:10:015 / top(01) / testout_on /      1.00000 para Root(00)
Mensaje D / 00:01:10:015 / top(01) / ... para Root(00)
Mensaje X / 00:03:10:000 / Root(00) / testin /      4.00000 para top(01)
Mensaje X / 00:03:10:000 / top(01) / in_button /      4.00000 para bim(02)
Mensaje D / 00:03:10:000 / bim(02) / 00:00:00:015 para top(01)
Mensaje D / 00:03:10:000 / top(01) / 00:00:00:015 para Root(00)
Mensaje * / 00:03:10:015 / Root(00) para top(01)
Mensaje * / 00:03:10:015 / top(01) para bim(02)
Mensaje Y / 00:03:10:015 / bim(02) / out_acc /      1.00000 para top(01)
Mensaje D / 00:03:10:015 / bim(02) / ... para top(01)
Mensaje Y / 00:03:10:015 / top(01) / testout_acc /      1.00000 para Root(00)
Mensaje D / 00:03:10:015 / top(01) / ... para Root(00)
Mensaje X / 00:03:20:000 / Root(00) / testin /      2.00000 para top(01)
Mensaje X / 00:03:20:000 / top(01) / in_button /      2.00000 para bim(02)
Mensaje D / 00:03:20:000 / bim(02) / 00:00:00:015 para top(01)
Mensaje D / 00:03:20:000 / top(01) / 00:00:00:015 para Root(00)
Mensaje * / 00:03:20:015 / Root(00) para top(01)
Mensaje * / 00:03:20:015 / top(01) para bim(02)
Mensaje Y / 00:03:20:015 / bim(02) / out_off /      1.00000 para top(01)
Mensaje D / 00:03:20:015 / bim(02) / ... para top(01)
Mensaje Y / 00:03:20:015 / top(01) / testout_off /      1.00000 para Root(00)
Mensaje D / 00:03:20:015 / top(01) / ... para Root(00)
