Mensaje I / 00:00:00:000 / Root(00) para top(01)
Mensaje I / 00:00:00:000 / top(01) para buttoncontroller(02)
Mensaje I / 00:00:00:000 / buttoncontroller(02) para onoff(03)
Mensaje I / 00:00:00:000 / buttoncontroller(02) para speedcontroller(04)
Mensaje I / 00:00:00:000 / buttoncontroller(02) para set(09)
Mensaje I / 00:00:00:000 / buttoncontroller(02) para resume(10)
Mensaje D / 00:00:00:000 / onoff(03) / ... para buttoncontroller(02)
Mensaje I / 00:00:00:000 / speedcontroller(04) para accq(05)
Mensaje I / 00:00:00:000 / speedcontroller(04) para decq(06)
Mensaje I / 00:00:00:000 / speedcontroller(04) para inc(07)
Mensaje I / 00:00:00:000 / speedcontroller(04) para dec(08)
Mensaje D / 00:00:00:000 / set(09) / ... para buttoncontroller(02)
Mensaje D / 00:00:00:000 / resume(10) / ... para buttoncontroller(02)
Mensaje D / 00:00:00:000 / accq(05) / ... para speedcontroller(04)
Mensaje D / 00:00:00:000 / decq(06) / ... para speedcontroller(04)
Mensaje D / 00:00:00:000 / inc(07) / ... para speedcontroller(04)
Mensaje D / 00:00:00:000 / dec(08) / ... para speedcontroller(04)
Mensaje D / 00:00:00:000 / speedcontroller(04) / ... para buttoncontroller(02)
Mensaje D / 00:00:00:000 / buttoncontroller(02) / ... para top(01)
Mensaje D / 00:00:00:000 / top(01) / ... para Root(00)
Mensaje X / 00:00:10:000 / Root(00) / testinon /      1.00000 para top(01)
Mensaje X / 00:00:10:000 / top(01) / inon /      1.00000 para buttoncontroller(02)
Mensaje X / 00:00:10:000 / buttoncontroller(02) / inon /      1.00000 para onoff(03)
Mensaje D / 00:00:10:000 / onoff(03) / 00:00:00:015 para buttoncontroller(02)
Mensaje D / 00:00:10:000 / buttoncontroller(02) / 00:00:00:015 para top(01)
Mensaje D / 00:00:10:000 / top(01) / 00:00:00:015 para Root(00)
Mensaje * / 00:00:10:015 / Root(00) para top(01)
Mensaje * / 00:00:10:015 / top(01) para buttoncontroller(02)
Mensaje * / 00:00:10:015 / buttoncontroller(02) para onoff(03)
Mensaje Y / 00:00:10:015 / onoff(03) / outon /      1.00000 para buttoncontroller(02)
Mensaje D / 00:00:10:015 / onoff(03) / ... para buttoncontroller(02)
Mensaje Y / 00:00:10:015 / buttoncontroller(02) / outon /      1.00000 para top(01)
Mensaje D / 00:00:10:015 / buttoncontroller(02) / ... para top(01)
Mensaje Y / 00:00:10:015 / top(01) / testoutturnon /      1.00000 para Root(00)
Mensaje D / 00:00:10:015 / top(01) / ... para Root(00)
Mensaje X / 00:00:20:000 / Root(00) / testinset /      1.00000 para top(01)
Mensaje X / 00:00:20:000 / top(01) / inset /      1.00000 para buttoncontroller(02)
Mensaje X / 00:00:20:000 / buttoncontroller(02) / in /      1.00000 para set(09)
Mensaje D / 00:00:20:000 / set(09) / 00:00:00:010 para buttoncontroller(02)
Mensaje D / 00:00:20:000 / buttoncontroller(02) / 00:00:00:010 para top(01)
Mensaje D / 00:00:20:000 / top(01) / 00:00:00:010 para Root(00)
Mensaje * / 00:00:20:010 / Root(00) para top(01)
Mensaje * / 00:00:20:010 / top(01) para buttoncontroller(02)
Mensaje * / 00:00:20:010 / buttoncontroller(02) para set(09)
Mensaje Y / 00:00:20:010 / set(09) / out /      1.00000 para buttoncontroller(02)
Mensaje D / 00:00:20:010 / set(09) / ... para buttoncontroller(02)
Mensaje Y / 00:00:20:010 / buttoncontroller(02) / outset /      1.00000 para top(01)
Mensaje D / 00:00:20:010 / buttoncontroller(02) / ... para top(01)
Mensaje Y / 00:00:20:010 / top(01) / testoutset /      1.00000 para Root(00)
Mensaje D / 00:00:20:010 / top(01) / ... para Root(00)
Mensaje X / 00:00:30:000 / Root(00) / testinacc /      1.00000 para top(01)
Mensaje X / 00:00:30:000 / top(01) / inacc /      1.00000 para buttoncontroller(02)
Mensaje X / 00:00:30:000 / buttoncontroller(02) / accin /      1.00000 para speedcontroller(04)
Mensaje X / 00:00:30:000 / speedcontroller(04) / in /      1.00000 para accq(05)
Mensaje D / 00:00:30:000 / accq(05) / 00:00:00:010 para speedcontroller(04)
Mensaje D / 00:00:30:000 / speedcontroller(04) / 00:00:00:010 para buttoncontroller(02)
Mensaje D / 00:00:30:000 / buttoncontroller(02) / 00:00:00:010 para top(01)
Mensaje D / 00:00:30:000 / top(01) / 00:00:00:010 para Root(00)
Mensaje * / 00:00:30:010 / Root(00) para top(01)
Mensaje * / 00:00:30:010 / top(01) para buttoncontroller(02)
Mensaje * / 00:00:30:010 / buttoncontroller(02) para speedcontroller(04)
Mensaje * / 00:00:30:010 / speedcontroller(04) para accq(05)
Mensaje Y / 00:00:30:010 / accq(05) / out /      1.00000 para speedcontroller(04)
Mensaje D / 00:00:30:010 / accq(05) / ... para speedcontroller(04)
Mensaje X / 00:00:30:010 / speedcontroller(04) / in /      1.00000 para inc(07)
Mensaje D / 00:00:30:010 / inc(07) / 00:00:00:015 para speedcontroller(04)
Mensaje D / 00:00:30:010 / speedcontroller(04) / 00:00:00:015 para buttoncontroller(02)
Mensaje D / 00:00:30:010 / buttoncontroller(02) / 00:00:00:015 para top(01)
Mensaje D / 00:00:30:010 / top(01) / 00:00:00:015 para Root(00)
Mensaje * / 00:00:30:025 / Root(00) para top(01)
Mensaje * / 00:00:30:025 / top(01) para buttoncontroller(02)
Mensaje * / 00:00:30:025 / buttoncontroller(02) para speedcontroller(04)
Mensaje * / 00:00:30:025 / speedcontroller(04) para inc(07)
Mensaje Y / 00:00:30:025 / inc(07) / out /      1.00000 para speedcontroller(04)
Mensaje D / 00:00:30:025 / inc(07) / ... para speedcontroller(04)
Mensaje Y / 00:00:30:025 / speedcontroller(04) / incout /      1.00000 para buttoncontroller(02)
Mensaje X / 00:00:30:025 / speedcontroller(04) / done /      1.00000 para accq(05)
Mensaje Y / 00:00:30:025 / buttoncontroller(02) / outacc /      1.00000 para top(01)
Mensaje D / 00:00:30:025 / accq(05) / ... para speedcontroller(04)
Mensaje Y / 00:00:30:025 / top(01) / testoutinc /      1.00000 para Root(00)
Mensaje D / 00:00:30:025 / speedcontroller(04) / ... para buttoncontroller(02)
Mensaje D / 00:00:30:025 / buttoncontroller(02) / ... para top(01)
Mensaje D / 00:00:30:025 / top(01) / ... para Root(00)
Mensaje X / 00:00:40:000 / Root(00) / testinacc /      1.00000 para top(01)
Mensaje X / 00:00:40:000 / top(01) / inacc /      1.00000 para buttoncontroller(02)
Mensaje X / 00:00:40:000 / buttoncontroller(02) / accin /      1.00000 para speedcontroller(04)
Mensaje X / 00:00:40:000 / speedcontroller(04) / in /      1.00000 para accq(05)
Mensaje D / 00:00:40:000 / accq(05) / 00:00:00:010 para speedcontroller(04)
Mensaje D / 00:00:40:000 / speedcontroller(04) / 00:00:00:010 para buttoncontroller(02)
Mensaje D / 00:00:40:000 / buttoncontroller(02) / 00:00:00:010 para top(01)
Mensaje D / 00:00:40:000 / top(01) / 00:00:00:010 para Root(00)
Mensaje * / 00:00:40:010 / Root(00) para top(01)
Mensaje * / 00:00:40:010 / top(01) para buttoncontroller(02)
Mensaje * / 00:00:40:010 / buttoncontroller(02) para speedcontroller(04)
Mensaje * / 00:00:40:010 / speedcontroller(04) para accq(05)
Mensaje Y / 00:00:40:010 / accq(05) / out /      1.00000 para speedcontroller(04)
Mensaje D / 00:00:40:010 / accq(05) / ... para speedcontroller(04)
Mensaje X / 00:00:40:010 / speedcontroller(04) / in /      1.00000 para inc(07)
Mensaje D / 00:00:40:010 / inc(07) / 00:00:00:015 para speedcontroller(04)
Mensaje D / 00:00:40:010 / speedcontroller(04) / 00:00:00:015 para buttoncontroller(02)
Mensaje D / 00:00:40:010 / buttoncontroller(02) / 00:00:00:015 para top(01)
Mensaje D / 00:00:40:010 / top(01) / 00:00:00:015 para Root(00)
Mensaje * / 00:00:40:025 / Root(00) para top(01)
Mensaje * / 00:00:40:025 / top(01) para buttoncontroller(02)
Mensaje * / 00:00:40:025 / buttoncontroller(02) para speedcontroller(04)
Mensaje * / 00:00:40:025 / speedcontroller(04) para inc(07)
Mensaje Y / 00:00:40:025 / inc(07) / out /      1.00000 para speedcontroller(04)
Mensaje D / 00:00:40:025 / inc(07) / ... para speedcontroller(04)
Mensaje Y / 00:00:40:025 / speedcontroller(04) / incout /      1.00000 para buttoncontroller(02)
Mensaje X / 00:00:40:025 / speedcontroller(04) / done /      1.00000 para accq(05)
Mensaje Y / 00:00:40:025 / buttoncontroller(02) / outacc /      1.00000 para top(01)
Mensaje D / 00:00:40:025 / accq(05) / ... para speedcontroller(04)
Mensaje Y / 00:00:40:025 / top(01) / testoutinc /      1.00000 para Root(00)
Mensaje D / 00:00:40:025 / speedcontroller(04) / ... para buttoncontroller(02)
Mensaje D / 00:00:40:025 / buttoncontroller(02) / ... para top(01)
Mensaje D / 00:00:40:025 / top(01) / ... para Root(00)
Mensaje X / 00:00:50:000 / Root(00) / testindec /      1.00000 para top(01)
Mensaje X / 00:00:50:000 / top(01) / indec /      1.00000 para buttoncontroller(02)
Mensaje X / 00:00:50:000 / buttoncontroller(02) / decin /      1.00000 para speedcontroller(04)
Mensaje X / 00:00:50:000 / speedcontroller(04) / in /      1.00000 para decq(06)
Mensaje D / 00:00:50:000 / decq(06) / 00:00:00:010 para speedcontroller(04)
Mensaje D / 00:00:50:000 / speedcontroller(04) / 00:00:00:010 para buttoncontroller(02)
Mensaje D / 00:00:50:000 / buttoncontroller(02) / 00:00:00:010 para top(01)
Mensaje D / 00:00:50:000 / top(01) / 00:00:00:010 para Root(00)
Mensaje * / 00:00:50:010 / Root(00) para top(01)
Mensaje * / 00:00:50:010 / top(01) para buttoncontroller(02)
Mensaje * / 00:00:50:010 / buttoncontroller(02) para speedcontroller(04)
Mensaje * / 00:00:50:010 / speedcontroller(04) para decq(06)
Mensaje Y / 00:00:50:010 / decq(06) / out /      1.00000 para speedcontroller(04)
Mensaje D / 00:00:50:010 / decq(06) / ... para speedcontroller(04)
Mensaje X / 00:00:50:010 / speedcontroller(04) / in /      1.00000 para dec(08)
Mensaje D / 00:00:50:010 / dec(08) / 00:00:00:015 para speedcontroller(04)
Mensaje D / 00:00:50:010 / speedcontroller(04) / 00:00:00:015 para buttoncontroller(02)
Mensaje D / 00:00:50:010 / buttoncontroller(02) / 00:00:00:015 para top(01)
Mensaje D / 00:00:50:010 / top(01) / 00:00:00:015 para Root(00)
Mensaje * / 00:00:50:025 / Root(00) para top(01)
Mensaje * / 00:00:50:025 / top(01) para buttoncontroller(02)
Mensaje * / 00:00:50:025 / buttoncontroller(02) para speedcontroller(04)
Mensaje * / 00:00:50:025 / speedcontroller(04) para dec(08)
Mensaje Y / 00:00:50:025 / dec(08) / out /      1.00000 para speedcontroller(04)
Mensaje D / 00:00:50:025 / dec(08) / ... para speedcontroller(04)
Mensaje Y / 00:00:50:025 / speedcontroller(04) / decout /      1.00000 para buttoncontroller(02)
Mensaje X / 00:00:50:025 / speedcontroller(04) / done /      1.00000 para decq(06)
Mensaje Y / 00:00:50:025 / buttoncontroller(02) / outdec /      1.00000 para top(01)
Mensaje D / 00:00:50:025 / decq(06) / ... para speedcontroller(04)
Mensaje Y / 00:00:50:025 / top(01) / testoutdec /      1.00000 para Root(00)
Mensaje D / 00:00:50:025 / speedcontroller(04) / ... para buttoncontroller(02)
Mensaje D / 00:00:50:025 / buttoncontroller(02) / ... para top(01)
Mensaje D / 00:00:50:025 / top(01) / ... para Root(00)
Mensaje X / 00:01:00:000 / Root(00) / testindec /      1.00000 para top(01)
Mensaje X / 00:01:00:000 / top(01) / indec /      1.00000 para buttoncontroller(02)
Mensaje X / 00:01:00:000 / buttoncontroller(02) / decin /      1.00000 para speedcontroller(04)
Mensaje X / 00:01:00:000 / speedcontroller(04) / in /      1.00000 para decq(06)
Mensaje D / 00:01:00:000 / decq(06) / 00:00:00:010 para speedcontroller(04)
Mensaje D / 00:01:00:000 / speedcontroller(04) / 00:00:00:010 para buttoncontroller(02)
Mensaje D / 00:01:00:000 / buttoncontroller(02) / 00:00:00:010 para top(01)
Mensaje D / 00:01:00:000 / top(01) / 00:00:00:010 para Root(00)
Mensaje * / 00:01:00:010 / Root(00) para top(01)
Mensaje * / 00:01:00:010 / top(01) para buttoncontroller(02)
Mensaje * / 00:01:00:010 / buttoncontroller(02) para speedcontroller(04)
Mensaje * / 00:01:00:010 / speedcontroller(04) para decq(06)
Mensaje Y / 00:01:00:010 / decq(06) / out /      1.00000 para speedcontroller(04)
Mensaje D / 00:01:00:010 / decq(06) / ... para speedcontroller(04)
Mensaje X / 00:01:00:010 / speedcontroller(04) / in /      1.00000 para dec(08)
Mensaje D / 00:01:00:010 / dec(08) / 00:00:00:015 para speedcontroller(04)
Mensaje D / 00:01:00:010 / speedcontroller(04) / 00:00:00:015 para buttoncontroller(02)
Mensaje D / 00:01:00:010 / buttoncontroller(02) / 00:00:00:015 para top(01)
Mensaje D / 00:01:00:010 / top(01) / 00:00:00:015 para Root(00)
Mensaje * / 00:01:00:025 / Root(00) para top(01)
Mensaje * / 00:01:00:025 / top(01) para buttoncontroller(02)
Mensaje * / 00:01:00:025 / buttoncontroller(02) para speedcontroller(04)
Mensaje * / 00:01:00:025 / speedcontroller(04) para dec(08)
Mensaje Y / 00:01:00:025 / dec(08) / out /      1.00000 para speedcontroller(04)
Mensaje D / 00:01:00:025 / dec(08) / ... para speedcontroller(04)
Mensaje Y / 00:01:00:025 / speedcontroller(04) / decout /      1.00000 para buttoncontroller(02)
Mensaje X / 00:01:00:025 / speedcontroller(04) / done /      1.00000 para decq(06)
Mensaje Y / 00:01:00:025 / buttoncontroller(02) / outdec /      1.00000 para top(01)
Mensaje D / 00:01:00:025 / decq(06) / ... para speedcontroller(04)
Mensaje Y / 00:01:00:025 / top(01) / testoutdec /      1.00000 para Root(00)
Mensaje D / 00:01:00:025 / speedcontroller(04) / ... para buttoncontroller(02)
Mensaje D / 00:01:00:025 / buttoncontroller(02) / ... para top(01)
Mensaje D / 00:01:00:025 / top(01) / ... para Root(00)
Mensaje X / 00:01:10:000 / Root(00) / testindec /      1.00000 para top(01)
Mensaje X / 00:01:10:000 / top(01) / indec /      1.00000 para buttoncontroller(02)
Mensaje X / 00:01:10:000 / buttoncontroller(02) / decin /      1.00000 para speedcontroller(04)
Mensaje X / 00:01:10:000 / speedcontroller(04) / in /      1.00000 para decq(06)
Mensaje D / 00:01:10:000 / decq(06) / 00:00:00:010 para speedcontroller(04)
Mensaje D / 00:01:10:000 / speedcontroller(04) / 00:00:00:010 para buttoncontroller(02)
Mensaje D / 00:01:10:000 / buttoncontroller(02) / 00:00:00:010 para top(01)
Mensaje D / 00:01:10:000 / top(01) / 00:00:00:010 para Root(00)
Mensaje * / 00:01:10:010 / Root(00) para top(01)
Mensaje * / 00:01:10:010 / top(01) para buttoncontroller(02)
Mensaje * / 00:01:10:010 / buttoncontroller(02) para speedcontroller(04)
Mensaje * / 00:01:10:010 / speedcontroller(04) para decq(06)
Mensaje Y / 00:01:10:010 / decq(06) / out /      1.00000 para speedcontroller(04)
Mensaje D / 00:01:10:010 / decq(06) / ... para speedcontroller(04)
Mensaje X / 00:01:10:010 / speedcontroller(04) / in /      1.00000 para dec(08)
Mensaje D / 00:01:10:010 / dec(08) / 00:00:00:015 para speedcontroller(04)
Mensaje D / 00:01:10:010 / speedcontroller(04) / 00:00:00:015 para buttoncontroller(02)
Mensaje D / 00:01:10:010 / buttoncontroller(02) / 00:00:00:015 para top(01)
Mensaje D / 00:01:10:010 / top(01) / 00:00:00:015 para Root(00)
Mensaje * / 00:01:10:025 / Root(00) para top(01)
Mensaje * / 00:01:10:025 / top(01) para buttoncontroller(02)
Mensaje * / 00:01:10:025 / buttoncontroller(02) para speedcontroller(04)
Mensaje * / 00:01:10:025 / speedcontroller(04) para dec(08)
Mensaje Y / 00:01:10:025 / dec(08) / out /      1.00000 para speedcontroller(04)
Mensaje D / 00:01:10:025 / dec(08) / ... para speedcontroller(04)
Mensaje Y / 00:01:10:025 / speedcontroller(04) / decout /      1.00000 para buttoncontroller(02)
Mensaje X / 00:01:10:025 / speedcontroller(04) / done /      1.00000 para decq(06)
Mensaje Y / 00:01:10:025 / buttoncontroller(02) / outdec /      1.00000 para top(01)
Mensaje D / 00:01:10:025 / decq(06) / ... para speedcontroller(04)
Mensaje Y / 00:01:10:025 / top(01) / testoutdec /      1.00000 para Root(00)
Mensaje D / 00:01:10:025 / speedcontroller(04) / ... para buttoncontroller(02)
Mensaje D / 00:01:10:025 / buttoncontroller(02) / ... para top(01)
Mensaje D / 00:01:10:025 / top(01) / ... para Root(00)
Mensaje X / 00:01:20:000 / Root(00) / testinresume /      1.00000 para top(01)
Mensaje X / 00:01:20:000 / top(01) / inresume /      1.00000 para buttoncontroller(02)
Mensaje X / 00:01:20:000 / buttoncontroller(02) / in /      1.00000 para resume(10)
Mensaje D / 00:01:20:000 / resume(10) / 00:00:00:010 para buttoncontroller(02)
Mensaje D / 00:01:20:000 / buttoncontroller(02) / 00:00:00:010 para top(01)
Mensaje D / 00:01:20:000 / top(01) / 00:00:00:010 para Root(00)
Mensaje * / 00:01:20:010 / Root(00) para top(01)
Mensaje * / 00:01:20:010 / top(01) para buttoncontroller(02)
Mensaje * / 00:01:20:010 / buttoncontroller(02) para resume(10)
Mensaje Y / 00:01:20:010 / resume(10) / out /      1.00000 para buttoncontroller(02)
Mensaje D / 00:01:20:010 / resume(10) / ... para buttoncontroller(02)
Mensaje Y / 00:01:20:010 / buttoncontroller(02) / outresume /      1.00000 para top(01)
Mensaje D / 00:01:20:010 / buttoncontroller(02) / ... para top(01)
Mensaje Y / 00:01:20:010 / top(01) / testoutresume /      1.00000 para Root(00)
Mensaje D / 00:01:20:010 / top(01) / ... para Root(00)
Mensaje X / 00:01:30:000 / Root(00) / testinoff /      1.00000 para top(01)
Mensaje X / 00:01:30:000 / top(01) / inoff /      1.00000 para buttoncontroller(02)
Mensaje X / 00:01:30:000 / buttoncontroller(02) / inoff /      1.00000 para onoff(03)
Mensaje D / 00:01:30:000 / onoff(03) / 00:00:00:015 para buttoncontroller(02)
Mensaje D / 00:01:30:000 / buttoncontroller(02) / 00:00:00:015 para top(01)
Mensaje D / 00:01:30:000 / top(01) / 00:00:00:015 para Root(00)
Mensaje * / 00:01:30:015 / Root(00) para top(01)
Mensaje * / 00:01:30:015 / top(01) para buttoncontroller(02)
Mensaje * / 00:01:30:015 / buttoncontroller(02) para onoff(03)
Mensaje Y / 00:01:30:015 / onoff(03) / outoff /      1.00000 para buttoncontroller(02)
Mensaje D / 00:01:30:015 / onoff(03) / ... para buttoncontroller(02)
Mensaje Y / 00:01:30:015 / buttoncontroller(02) / outoff /      1.00000 para top(01)
Mensaje D / 00:01:30:015 / buttoncontroller(02) / ... para top(01)
Mensaje Y / 00:01:30:015 / top(01) / testoutturnoff /      1.00000 para Root(00)
Mensaje D / 00:01:30:015 / top(01) / ... para Root(00)
