Mensaje I / 00:00:00:000 / Root(00) para top(01)
Mensaje I / 00:00:00:000 / top(01) para ccsc(02)
Mensaje D / 00:00:00:000 / ccsc(02) / ... para top(01)
Mensaje D / 00:00:00:000 / top(01) / ... para Root(00)
Mensaje X / 00:00:20:000 / Root(00) / testin_speed /    180.00000 para top(01)
Mensaje X / 00:00:20:000 / top(01) / in_speed /    180.00000 para ccsc(02)
Mensaje D / 00:00:20:000 / ccsc(02) / 00:00:00:010 para top(01)
Mensaje D / 00:00:20:000 / top(01) / 00:00:00:010 para Root(00)
Mensaje * / 00:00:20:010 / Root(00) para top(01)
Mensaje * / 00:00:20:010 / top(01) para ccsc(02)
Mensaje D / 00:00:20:010 / ccsc(02) / ... para top(01)
Mensaje D / 00:00:20:010 / top(01) / ... para Root(00)
Mensaje X / 00:00:40:000 / Root(00) / testin_speed /    190.00000 para top(01)
Mensaje X / 00:00:40:000 / top(01) / in_speed /    190.00000 para ccsc(02)
Mensaje D / 00:00:40:000 / ccsc(02) / 00:00:00:010 para top(01)
Mensaje D / 00:00:40:000 / top(01) / 00:00:00:010 para Root(00)
Mensaje * / 00:00:40:010 / Root(00) para top(01)
Mensaje * / 00:00:40:010 / top(01) para ccsc(02)
Mensaje D / 00:00:40:010 / ccsc(02) / ... para top(01)
Mensaje D / 00:00:40:010 / top(01) / ... para Root(00)
Mensaje X / 00:01:00:000 / Root(00) / testin_speed /     70.00000 para top(01)
Mensaje X / 00:01:00:000 / top(01) / in_speed /     70.00000 para ccsc(02)
Mensaje D / 00:01:00:000 / ccsc(02) / 00:00:00:010 para top(01)
Mensaje D / 00:01:00:000 / top(01) / 00:00:00:010 para Root(00)
Mensaje * / 00:01:00:010 / Root(00) para top(01)
Mensaje * / 00:01:00:010 / top(01) para ccsc(02)
Mensaje D / 00:01:00:010 / ccsc(02) / ... para top(01)
Mensaje D / 00:01:00:010 / top(01) / ... para Root(00)
Mensaje X / 00:01:20:000 / Root(00) / testin_speed /    100.00000 para top(01)
Mensaje X / 00:01:20:000 / top(01) / in_speed /    100.00000 para ccsc(02)
Mensaje D / 00:01:20:000 / ccsc(02) / 00:00:00:010 para top(01)
Mensaje D / 00:01:20:000 / top(01) / 00:00:00:010 para Root(00)
Mensaje * / 00:01:20:010 / Root(00) para top(01)
Mensaje * / 00:01:20:010 / top(01) para ccsc(02)
Mensaje D / 00:01:20:010 / ccsc(02) / ... para top(01)
Mensaje D / 00:01:20:010 / top(01) / ... para Root(00)
Mensaje X / 00:01:40:000 / Root(00) / testin_speed /    120.00000 para top(01)
Mensaje X / 00:01:40:000 / top(01) / in_speed /    120.00000 para ccsc(02)
Mensaje D / 00:01:40:000 / ccsc(02) / 00:00:00:010 para top(01)
Mensaje D / 00:01:40:000 / top(01) / 00:00:00:010 para Root(00)
Mensaje * / 00:01:40:010 / Root(00) para top(01)
Mensaje * / 00:01:40:010 / top(01) para ccsc(02)
Mensaje D / 00:01:40:010 / ccsc(02) / ... para top(01)
Mensaje D / 00:01:40:010 / top(01) / ... para Root(00)
Mensaje X / 00:01:42:000 / Root(00) / testin_turnedon /      1.00000 para top(01)
Mensaje X / 00:01:42:000 / top(01) / in_turnedon /      1.00000 para ccsc(02)
Mensaje D / 00:01:42:000 / ccsc(02) / 00:00:00:010 para top(01)
Mensaje D / 00:01:42:000 / top(01) / 00:00:00:010 para Root(00)
Mensaje * / 00:01:42:010 / Root(00) para top(01)
Mensaje * / 00:01:42:010 / top(01) para ccsc(02)
Mensaje D / 00:01:42:010 / ccsc(02) / ... para top(01)
Mensaje D / 00:01:42:010 / top(01) / ... para Root(00)
Mensaje X / 00:02:00:000 / Root(00) / testin_speed /    121.00000 para top(01)
Mensaje X / 00:02:00:000 / top(01) / in_speed /    121.00000 para ccsc(02)
Mensaje D / 00:02:00:000 / ccsc(02) / 00:00:00:010 para top(01)
Mensaje D / 00:02:00:000 / top(01) / 00:00:00:010 para Root(00)
Mensaje * / 00:02:00:010 / Root(00) para top(01)
Mensaje * / 00:02:00:010 / top(01) para ccsc(02)
Mensaje D / 00:02:00:010 / ccsc(02) / ... para top(01)
Mensaje D / 00:02:00:010 / top(01) / ... para Root(00)
Mensaje X / 00:02:20:000 / Root(00) / testin_speed /    118.00000 para top(01)
Mensaje X / 00:02:20:000 / top(01) / in_speed /    118.00000 para ccsc(02)
Mensaje D / 00:02:20:000 / ccsc(02) / 00:00:00:010 para top(01)
Mensaje D / 00:02:20:000 / top(01) / 00:00:00:010 para Root(00)
Mensaje * / 00:02:20:010 / Root(00) para top(01)
Mensaje * / 00:02:20:010 / top(01) para ccsc(02)
Mensaje D / 00:02:20:010 / ccsc(02) / ... para top(01)
Mensaje D / 00:02:20:010 / top(01) / ... para Root(00)
Mensaje X / 00:02:40:000 / Root(00) / testin_speed /    115.00000 para top(01)
Mensaje X / 00:02:40:000 / top(01) / in_speed /    115.00000 para ccsc(02)
Mensaje D / 00:02:40:000 / ccsc(02) / 00:00:00:010 para top(01)
Mensaje D / 00:02:40:000 / top(01) / 00:00:00:010 para Root(00)
Mensaje * / 00:02:40:010 / Root(00) para top(01)
Mensaje * / 00:02:40:010 / top(01) para ccsc(02)
Mensaje D / 00:02:40:010 / ccsc(02) / ... para top(01)
Mensaje D / 00:02:40:010 / top(01) / ... para Root(00)
Mensaje X / 00:02:48:000 / Root(00) / testin_set /      1.00000 para top(01)
Mensaje X / 00:02:48:000 / top(01) / in_set /      1.00000 para ccsc(02)
Mensaje D / 00:02:48:000 / ccsc(02) / 00:00:00:010 para top(01)
Mensaje D / 00:02:48:000 / top(01) / 00:00:00:010 para Root(00)
Mensaje * / 00:02:48:010 / Root(00) para top(01)
Mensaje * / 00:02:48:010 / top(01) para ccsc(02)
Mensaje D / 00:02:48:010 / ccsc(02) / ... para top(01)
Mensaje D / 00:02:48:010 / top(01) / ... para Root(00)
Mensaje X / 00:03:00:000 / Root(00) / testin_speed /    121.00000 para top(01)
Mensaje X / 00:03:00:000 / top(01) / in_speed /    121.00000 para ccsc(02)
Mensaje D / 00:03:00:000 / ccsc(02) / 00:00:00:010 para top(01)
Mensaje D / 00:03:00:000 / top(01) / 00:00:00:010 para Root(00)
Mensaje * / 00:03:00:010 / Root(00) para top(01)
Mensaje * / 00:03:00:010 / top(01) para ccsc(02)
Mensaje Y / 00:03:00:010 / ccsc(02) / out_dec /      1.00000 para top(01)
Mensaje D / 00:03:00:010 / ccsc(02) / ... para top(01)
Mensaje Y / 00:03:00:010 / top(01) / testout_dec /      1.00000 para Root(00)
Mensaje D / 00:03:00:010 / top(01) / ... para Root(00)
Mensaje X / 00:03:20:000 / Root(00) / testin_speed /    118.00000 para top(01)
Mensaje X / 00:03:20:000 / top(01) / in_speed /    118.00000 para ccsc(02)
Mensaje D / 00:03:20:000 / ccsc(02) / 00:00:00:010 para top(01)
Mensaje D / 00:03:20:000 / top(01) / 00:00:00:010 para Root(00)
Mensaje * / 00:03:20:010 / Root(00) para top(01)
Mensaje * / 00:03:20:010 / top(01) para ccsc(02)
Mensaje Y / 00:03:20:010 / ccsc(02) / out_dec /      1.00000 para top(01)
Mensaje D / 00:03:20:010 / ccsc(02) / ... para top(01)
Mensaje Y / 00:03:20:010 / top(01) / testout_dec /      1.00000 para Root(00)
Mensaje D / 00:03:20:010 / top(01) / ... para Root(00)
Mensaje X / 00:03:40:000 / Root(00) / testin_speed /    115.00000 para top(01)
Mensaje X / 00:03:40:000 / top(01) / in_speed /    115.00000 para ccsc(02)
Mensaje D / 00:03:40:000 / ccsc(02) / 00:00:00:010 para top(01)
Mensaje D / 00:03:40:000 / top(01) / 00:00:00:010 para Root(00)
Mensaje * / 00:03:40:010 / Root(00) para top(01)
Mensaje * / 00:03:40:010 / top(01) para ccsc(02)
Mensaje D / 00:03:40:010 / ccsc(02) / ... para top(01)
Mensaje D / 00:03:40:010 / top(01) / ... para Root(00)
Mensaje X / 00:03:45:000 / Root(00) / testin_inc /      1.00000 para top(01)
Mensaje X / 00:03:45:000 / top(01) / in_inc /      1.00000 para ccsc(02)
Mensaje D / 00:03:45:000 / ccsc(02) / 00:00:00:010 para top(01)
Mensaje D / 00:03:45:000 / top(01) / 00:00:00:010 para Root(00)
Mensaje * / 00:03:45:010 / Root(00) para top(01)
Mensaje * / 00:03:45:010 / top(01) para ccsc(02)
Mensaje Y / 00:03:45:010 / ccsc(02) / out_inc /      1.00000 para top(01)
Mensaje D / 00:03:45:010 / ccsc(02) / ... para top(01)
Mensaje Y / 00:03:45:010 / top(01) / testout_inc /      1.00000 para Root(00)
Mensaje D / 00:03:45:010 / top(01) / ... para Root(00)
Mensaje X / 00:04:00:000 / Root(00) / testin_speed /    121.00000 para top(01)
Mensaje X / 00:04:00:000 / top(01) / in_speed /    121.00000 para ccsc(02)
Mensaje D / 00:04:00:000 / ccsc(02) / 00:00:00:010 para top(01)
Mensaje D / 00:04:00:000 / top(01) / 00:00:00:010 para Root(00)
Mensaje * / 00:04:00:010 / Root(00) para top(01)
Mensaje * / 00:04:00:010 / top(01) para ccsc(02)
Mensaje Y / 00:04:00:010 / ccsc(02) / out_dec /      1.00000 para top(01)
Mensaje D / 00:04:00:010 / ccsc(02) / ... para top(01)
Mensaje Y / 00:04:00:010 / top(01) / testout_dec /      1.00000 para Root(00)
Mensaje D / 00:04:00:010 / top(01) / ... para Root(00)
Mensaje X / 00:04:20:000 / Root(00) / testin_speed /    118.00000 para top(01)
Mensaje X / 00:04:20:000 / top(01) / in_speed /    118.00000 para ccsc(02)
Mensaje D / 00:04:20:000 / ccsc(02) / 00:00:00:010 para top(01)
Mensaje D / 00:04:20:000 / top(01) / 00:00:00:010 para Root(00)
Mensaje * / 00:04:20:010 / Root(00) para top(01)
Mensaje * / 00:04:20:010 / top(01) para ccsc(02)
Mensaje Y / 00:04:20:010 / ccsc(02) / out_dec /      1.00000 para top(01)
Mensaje D / 00:04:20:010 / ccsc(02) / ... para top(01)
Mensaje Y / 00:04:20:010 / top(01) / testout_dec /      1.00000 para Root(00)
Mensaje D / 00:04:20:010 / top(01) / ... para Root(00)
Mensaje X / 00:04:40:000 / Root(00) / testin_speed /    115.00000 para top(01)
Mensaje X / 00:04:40:000 / top(01) / in_speed /    115.00000 para ccsc(02)
Mensaje D / 00:04:40:000 / ccsc(02) / 00:00:00:010 para top(01)
Mensaje D / 00:04:40:000 / top(01) / 00:00:00:010 para Root(00)
Mensaje * / 00:04:40:010 / Root(00) para top(01)
Mensaje * / 00:04:40:010 / top(01) para ccsc(02)
Mensaje Y / 00:04:40:010 / ccsc(02) / out_inc /      1.00000 para top(01)
Mensaje D / 00:04:40:010 / ccsc(02) / ... para top(01)
Mensaje Y / 00:04:40:010 / top(01) / testout_inc /      1.00000 para Root(00)
Mensaje D / 00:04:40:010 / top(01) / ... para Root(00)
Mensaje X / 00:04:45:000 / Root(00) / testin_dec /      1.00000 para top(01)
Mensaje X / 00:04:45:000 / top(01) / in_dec /      1.00000 para ccsc(02)
Mensaje D / 00:04:45:000 / ccsc(02) / 00:00:00:010 para top(01)
Mensaje D / 00:04:45:000 / top(01) / 00:00:00:010 para Root(00)
Mensaje * / 00:04:45:010 / Root(00) para top(01)
Mensaje * / 00:04:45:010 / top(01) para ccsc(02)
Mensaje D / 00:04:45:010 / ccsc(02) / ... para top(01)
Mensaje D / 00:04:45:010 / top(01) / ... para Root(00)
Mensaje X / 00:05:00:000 / Root(00) / testin_speed /    121.00000 para top(01)
Mensaje X / 00:05:00:000 / top(01) / in_speed /    121.00000 para ccsc(02)
Mensaje D / 00:05:00:000 / ccsc(02) / 00:00:00:010 para top(01)
Mensaje D / 00:05:00:000 / top(01) / 00:00:00:010 para Root(00)
Mensaje * / 00:05:00:010 / Root(00) para top(01)
Mensaje * / 00:05:00:010 / top(01) para ccsc(02)
Mensaje Y / 00:05:00:010 / ccsc(02) / out_dec /      1.00000 para top(01)
Mensaje D / 00:05:00:010 / ccsc(02) / ... para top(01)
Mensaje Y / 00:05:00:010 / top(01) / testout_dec /      1.00000 para Root(00)
Mensaje D / 00:05:00:010 / top(01) / ... para Root(00)
Mensaje X / 00:05:20:000 / Root(00) / testin_speed /    118.00000 para top(01)
Mensaje X / 00:05:20:000 / top(01) / in_speed /    118.00000 para ccsc(02)
Mensaje D / 00:05:20:000 / ccsc(02) / 00:00:00:010 para top(01)
Mensaje D / 00:05:20:000 / top(01) / 00:00:00:010 para Root(00)
Mensaje * / 00:05:20:010 / Root(00) para top(01)
Mensaje * / 00:05:20:010 / top(01) para ccsc(02)
Mensaje Y / 00:05:20:010 / ccsc(02) / out_dec /      1.00000 para top(01)
Mensaje D / 00:05:20:010 / ccsc(02) / ... para top(01)
Mensaje Y / 00:05:20:010 / top(01) / testout_dec /      1.00000 para Root(00)
Mensaje D / 00:05:20:010 / top(01) / ... para Root(00)
Mensaje X / 00:05:40:000 / Root(00) / testin_speed /    115.00000 para top(01)
Mensaje X / 00:05:40:000 / top(01) / in_speed /    115.00000 para ccsc(02)
Mensaje D / 00:05:40:000 / ccsc(02) / 00:00:00:010 para top(01)
Mensaje D / 00:05:40:000 / top(01) / 00:00:00:010 para Root(00)
Mensaje * / 00:05:40:010 / Root(00) para top(01)
Mensaje * / 00:05:40:010 / top(01) para ccsc(02)
Mensaje D / 00:05:40:010 / ccsc(02) / ... para top(01)
Mensaje D / 00:05:40:010 / top(01) / ... para Root(00)
Mensaje X / 00:06:00:000 / Root(00) / testin_break /      1.00000 para top(01)
Mensaje X / 00:06:00:000 / top(01) / in_break /      1.00000 para ccsc(02)
Mensaje D / 00:06:00:000 / ccsc(02) / 00:00:00:010 para top(01)
Mensaje D / 00:06:00:000 / top(01) / 00:00:00:010 para Root(00)
Mensaje * / 00:06:00:010 / Root(00) para top(01)
Mensaje * / 00:06:00:010 / top(01) para ccsc(02)
Mensaje Y / 00:06:00:010 / ccsc(02) / out_stop /      1.00000 para top(01)
Mensaje D / 00:06:00:010 / ccsc(02) / ... para top(01)
Mensaje Y / 00:06:00:010 / top(01) / testout_stop /      1.00000 para Root(00)
Mensaje D / 00:06:00:010 / top(01) / ... para Root(00)
Mensaje X / 00:06:20:000 / Root(00) / testin_speed /    121.00000 para top(01)
Mensaje X / 00:06:20:000 / top(01) / in_speed /    121.00000 para ccsc(02)
Mensaje D / 00:06:20:000 / ccsc(02) / 00:00:00:010 para top(01)
Mensaje D / 00:06:20:000 / top(01) / 00:00:00:010 para Root(00)
Mensaje * / 00:06:20:010 / Root(00) para top(01)
Mensaje * / 00:06:20:010 / top(01) para ccsc(02)
Mensaje D / 00:06:20:010 / ccsc(02) / ... para top(01)
Mensaje D / 00:06:20:010 / top(01) / ... para Root(00)
Mensaje X / 00:06:40:000 / Root(00) / testin_speed /    118.00000 para top(01)
Mensaje X / 00:06:40:000 / top(01) / in_speed /    118.00000 para ccsc(02)
Mensaje D / 00:06:40:000 / ccsc(02) / 00:00:00:010 para top(01)
Mensaje D / 00:06:40:000 / top(01) / 00:00:00:010 para Root(00)
Mensaje * / 00:06:40:010 / Root(00) para top(01)
Mensaje * / 00:06:40:010 / top(01) para ccsc(02)
Mensaje D / 00:06:40:010 / ccsc(02) / ... para top(01)
Mensaje D / 00:06:40:010 / top(01) / ... para Root(00)
Mensaje X / 00:07:00:000 / Root(00) / testin_speed /    115.00000 para top(01)
Mensaje X / 00:07:00:000 / top(01) / in_speed /    115.00000 para ccsc(02)
Mensaje D / 00:07:00:000 / ccsc(02) / 00:00:00:010 para top(01)
Mensaje D / 00:07:00:000 / top(01) / 00:00:00:010 para Root(00)
Mensaje * / 00:07:00:010 / Root(00) para top(01)
Mensaje * / 00:07:00:010 / top(01) para ccsc(02)
Mensaje D / 00:07:00:010 / ccsc(02) / ... para top(01)
Mensaje D / 00:07:00:010 / top(01) / ... para Root(00)
Mensaje X / 00:07:05:000 / Root(00) / testin_resume /      1.00000 para top(01)
Mensaje X / 00:07:05:000 / top(01) / in_resume /      1.00000 para ccsc(02)
Mensaje D / 00:07:05:000 / ccsc(02) / 00:00:00:010 para top(01)
Mensaje D / 00:07:05:000 / top(01) / 00:00:00:010 para Root(00)
Mensaje * / 00:07:05:010 / Root(00) para top(01)
Mensaje * / 00:07:05:010 / top(01) para ccsc(02)
Mensaje D / 00:07:05:010 / ccsc(02) / ... para top(01)
Mensaje D / 00:07:05:010 / top(01) / ... para Root(00)
Mensaje X / 00:07:40:000 / Root(00) / testin_speed /    121.00000 para top(01)
Mensaje X / 00:07:40:000 / top(01) / in_speed /    121.00000 para ccsc(02)
Mensaje D / 00:07:40:000 / ccsc(02) / 00:00:00:010 para top(01)
Mensaje D / 00:07:40:000 / top(01) / 00:00:00:010 para Root(00)
Mensaje * / 00:07:40:010 / Root(00) para top(01)
Mensaje * / 00:07:40:010 / top(01) para ccsc(02)
Mensaje Y / 00:07:40:010 / ccsc(02) / out_dec /      1.00000 para top(01)
Mensaje D / 00:07:40:010 / ccsc(02) / ... para top(01)
Mensaje Y / 00:07:40:010 / top(01) / testout_dec /      1.00000 para Root(00)
Mensaje D / 00:07:40:010 / top(01) / ... para Root(00)
Mensaje X / 00:08:00:000 / Root(00) / testin_speed /    118.00000 para top(01)
Mensaje X / 00:08:00:000 / top(01) / in_speed /    118.00000 para ccsc(02)
Mensaje D / 00:08:00:000 / ccsc(02) / 00:00:00:010 para top(01)
Mensaje D / 00:08:00:000 / top(01) / 00:00:00:010 para Root(00)
Mensaje * / 00:08:00:010 / Root(00) para top(01)
Mensaje * / 00:08:00:010 / top(01) para ccsc(02)
Mensaje Y / 00:08:00:010 / ccsc(02) / out_dec /      1.00000 para top(01)
Mensaje D / 00:08:00:010 / ccsc(02) / ... para top(01)
Mensaje Y / 00:08:00:010 / top(01) / testout_dec /      1.00000 para Root(00)
Mensaje D / 00:08:00:010 / top(01) / ... para Root(00)
Mensaje X / 00:08:20:000 / Root(00) / testin_speed /    115.00000 para top(01)
Mensaje X / 00:08:20:000 / top(01) / in_speed /    115.00000 para ccsc(02)
Mensaje D / 00:08:20:000 / ccsc(02) / 00:00:00:010 para top(01)
Mensaje D / 00:08:20:000 / top(01) / 00:00:00:010 para Root(00)
Mensaje * / 00:08:20:010 / Root(00) para top(01)
Mensaje * / 00:08:20:010 / top(01) para ccsc(02)
Mensaje D / 00:08:20:010 / ccsc(02) / ... para top(01)
Mensaje D / 00:08:20:010 / top(01) / ... para Root(00)
Mensaje X / 00:08:32:000 / Root(00) / testin_gas /      1.00000 para top(01)
Mensaje X / 00:08:32:000 / top(01) / in_gas /      1.00000 para ccsc(02)
Mensaje D / 00:08:32:000 / ccsc(02) / 00:00:00:010 para top(01)
Mensaje D / 00:08:32:000 / top(01) / 00:00:00:010 para Root(00)
Mensaje * / 00:08:32:010 / Root(00) para top(01)
Mensaje * / 00:08:32:010 / top(01) para ccsc(02)
Mensaje Y / 00:08:32:010 / ccsc(02) / out_stop /      1.00000 para top(01)
Mensaje D / 00:08:32:010 / ccsc(02) / ... para top(01)
Mensaje Y / 00:08:32:010 / top(01) / testout_stop /      1.00000 para Root(00)
Mensaje D / 00:08:32:010 / top(01) / ... para Root(00)
Mensaje X / 00:08:40:000 / Root(00) / testin_speed /    125.00000 para top(01)
Mensaje X / 00:08:40:000 / top(01) / in_speed /    125.00000 para ccsc(02)
Mensaje D / 00:08:40:000 / ccsc(02) / 00:00:00:010 para top(01)
Mensaje D / 00:08:40:000 / top(01) / 00:00:00:010 para Root(00)
Mensaje * / 00:08:40:010 / Root(00) para top(01)
Mensaje * / 00:08:40:010 / top(01) para ccsc(02)
Mensaje D / 00:08:40:010 / ccsc(02) / ... para top(01)
Mensaje D / 00:08:40:010 / top(01) / ... para Root(00)
Mensaje X / 00:09:00:000 / Root(00) / testin_speed /    150.00000 para top(01)
Mensaje X / 00:09:00:000 / top(01) / in_speed /    150.00000 para ccsc(02)
Mensaje D / 00:09:00:000 / ccsc(02) / 00:00:00:010 para top(01)
Mensaje D / 00:09:00:000 / top(01) / 00:00:00:010 para Root(00)
Mensaje * / 00:09:00:010 / Root(00) para top(01)
Mensaje * / 00:09:00:010 / top(01) para ccsc(02)
Mensaje D / 00:09:00:010 / ccsc(02) / ... para top(01)
Mensaje D / 00:09:00:010 / top(01) / ... para Root(00)
Mensaje X / 00:09:20:000 / Root(00) / testin_speed /    141.00000 para top(01)
Mensaje X / 00:09:20:000 / top(01) / in_speed /    141.00000 para ccsc(02)
Mensaje D / 00:09:20:000 / ccsc(02) / 00:00:00:010 para top(01)
Mensaje D / 00:09:20:000 / top(01) / 00:00:00:010 para Root(00)
Mensaje * / 00:09:20:010 / Root(00) para top(01)
Mensaje * / 00:09:20:010 / top(01) para ccsc(02)
Mensaje D / 00:09:20:010 / ccsc(02) / ... para top(01)
Mensaje D / 00:09:20:010 / top(01) / ... para Root(00)
Mensaje X / 00:09:40:000 / Root(00) / testin_speed /    138.00000 para top(01)
Mensaje X / 00:09:40:000 / top(01) / in_speed /    138.00000 para ccsc(02)
Mensaje D / 00:09:40:000 / ccsc(02) / 00:00:00:010 para top(01)
Mensaje D / 00:09:40:000 / top(01) / 00:00:00:010 para Root(00)
Mensaje * / 00:09:40:010 / Root(00) para top(01)
Mensaje * / 00:09:40:010 / top(01) para ccsc(02)
Mensaje D / 00:09:40:010 / ccsc(02) / ... para top(01)
Mensaje D / 00:09:40:010 / top(01) / ... para Root(00)
Mensaje X / 00:10:00:000 / Root(00) / testin_speed /    125.00000 para top(01)
Mensaje X / 00:10:00:000 / top(01) / in_speed /    125.00000 para ccsc(02)
Mensaje D / 00:10:00:000 / ccsc(02) / 00:00:00:010 para top(01)
Mensaje D / 00:10:00:000 / top(01) / 00:00:00:010 para Root(00)
Mensaje * / 00:10:00:010 / Root(00) para top(01)
Mensaje * / 00:10:00:010 / top(01) para ccsc(02)
Mensaje D / 00:10:00:010 / ccsc(02) / ... para top(01)
Mensaje D / 00:10:00:010 / top(01) / ... para Root(00)
Mensaje X / 00:10:20:000 / Root(00) / testin_speed /    121.00000 para top(01)
Mensaje X / 00:10:20:000 / top(01) / in_speed /    121.00000 para ccsc(02)
Mensaje D / 00:10:20:000 / ccsc(02) / 00:00:00:010 para top(01)
Mensaje D / 00:10:20:000 / top(01) / 00:00:00:010 para Root(00)
Mensaje * / 00:10:20:010 / Root(00) para top(01)
Mensaje * / 00:10:20:010 / top(01) para ccsc(02)
Mensaje D / 00:10:20:010 / ccsc(02) / ... para top(01)
Mensaje D / 00:10:20:010 / top(01) / ... para Root(00)
Mensaje X / 00:10:40:000 / Root(00) / testin_speed /    118.00000 para top(01)
Mensaje X / 00:10:40:000 / top(01) / in_speed /    118.00000 para ccsc(02)
Mensaje D / 00:10:40:000 / ccsc(02) / 00:00:00:010 para top(01)
Mensaje D / 00:10:40:000 / top(01) / 00:00:00:010 para Root(00)
Mensaje * / 00:10:40:010 / Root(00) para top(01)
Mensaje * / 00:10:40:010 / top(01) para ccsc(02)
Mensaje D / 00:10:40:010 / ccsc(02) / ... para top(01)
Mensaje D / 00:10:40:010 / top(01) / ... para Root(00)
Mensaje X / 00:11:00:000 / Root(00) / testin_speed /    112.00000 para top(01)
Mensaje X / 00:11:00:000 / top(01) / in_speed /    112.00000 para ccsc(02)
Mensaje D / 00:11:00:000 / ccsc(02) / 00:00:00:010 para top(01)
Mensaje D / 00:11:00:000 / top(01) / 00:00:00:010 para Root(00)
Mensaje * / 00:11:00:010 / Root(00) para top(01)
Mensaje * / 00:11:00:010 / top(01) para ccsc(02)
Mensaje Y / 00:11:00:010 / ccsc(02) / out_inc /      1.00000 para top(01)
Mensaje D / 00:11:00:010 / ccsc(02) / ... para top(01)
Mensaje Y / 00:11:00:010 / top(01) / testout_inc /      1.00000 para Root(00)
Mensaje D / 00:11:00:010 / top(01) / ... para Root(00)
Mensaje X / 00:11:20:000 / Root(00) / testin_turnedoff /      1.00000 para top(01)
Mensaje X / 00:11:20:000 / top(01) / in_turnedoff /      1.00000 para ccsc(02)
Mensaje D / 00:11:20:000 / ccsc(02) / 00:00:00:010 para top(01)
Mensaje D / 00:11:20:000 / top(01) / 00:00:00:010 para Root(00)
Mensaje * / 00:11:20:010 / Root(00) para top(01)
Mensaje * / 00:11:20:010 / top(01) para ccsc(02)
Mensaje Y / 00:11:20:010 / ccsc(02) / out_stop /      1.00000 para top(01)
Mensaje D / 00:11:20:010 / ccsc(02) / ... para top(01)
Mensaje Y / 00:11:20:010 / top(01) / testout_stop /      1.00000 para Root(00)
Mensaje D / 00:11:20:010 / top(01) / ... para Root(00)
Mensaje X / 00:11:40:000 / Root(00) / testin_speed /    118.00000 para top(01)
Mensaje X / 00:11:40:000 / top(01) / in_speed /    118.00000 para ccsc(02)
Mensaje D / 00:11:40:000 / ccsc(02) / 00:00:00:010 para top(01)
Mensaje D / 00:11:40:000 / top(01) / 00:00:00:010 para Root(00)
Mensaje * / 00:11:40:010 / Root(00) para top(01)
Mensaje * / 00:11:40:010 / top(01) para ccsc(02)
Mensaje D / 00:11:40:010 / ccsc(02) / ... para top(01)
Mensaje D / 00:11:40:010 / top(01) / ... para Root(00)
Mensaje X / 00:12:00:000 / Root(00) / testin_speed /    115.00000 para top(01)
Mensaje X / 00:12:00:000 / top(01) / in_speed /    115.00000 para ccsc(02)
Mensaje D / 00:12:00:000 / ccsc(02) / 00:00:00:010 para top(01)
Mensaje D / 00:12:00:000 / top(01) / 00:00:00:010 para Root(00)
Mensaje * / 00:12:00:010 / Root(00) para top(01)
Mensaje * / 00:12:00:010 / top(01) para ccsc(02)
Mensaje D / 00:12:00:010 / ccsc(02) / ... para top(01)
Mensaje D / 00:12:00:010 / top(01) / ... para Root(00)
