Mensaje I / 00:00:00:000 / Root(00) para top(01)
Mensaje I / 00:00:00:000 / top(01) para cruisecontrolsystem(02)
Mensaje I / 00:00:00:000 / cruisecontrolsystem(02) para processingmodule(03)
Mensaje I / 00:00:00:000 / cruisecontrolsystem(02) para bim(16)
Mensaje I / 00:00:00:000 / cruisecontrolsystem(02) para om(17)
Mensaje I / 00:00:00:000 / processingmodule(03) para brc(04)
Mensaje I / 00:00:00:000 / processingmodule(03) para buttoncontroller(05)
Mensaje I / 00:00:00:000 / processingmodule(03) para ccsc(14)
Mensaje I / 00:00:00:000 / processingmodule(03) para pc(15)
Mensaje D / 00:00:00:000 / bim(16) / ... para cruisecontrolsystem(02)
Mensaje D / 00:00:00:000 / om(17) / ... para cruisecontrolsystem(02)
Mensaje D / 00:00:00:000 / brc(04) / ... para processingmodule(03)
Mensaje I / 00:00:00:000 / buttoncontroller(05) para onoff(06)
Mensaje I / 00:00:00:000 / buttoncontroller(05) para speedcontroller(07)
Mensaje I / 00:00:00:000 / buttoncontroller(05) para set(12)
Mensaje I / 00:00:00:000 / buttoncontroller(05) para resume(13)
Mensaje D / 00:00:00:000 / ccsc(14) / ... para processingmodule(03)
Mensaje D / 00:00:00:000 / pc(15) / ... para processingmodule(03)
Mensaje D / 00:00:00:000 / onoff(06) / ... para buttoncontroller(05)
Mensaje I / 00:00:00:000 / speedcontroller(07) para accq(08)
Mensaje I / 00:00:00:000 / speedcontroller(07) para decq(09)
Mensaje I / 00:00:00:000 / speedcontroller(07) para inc(10)
Mensaje I / 00:00:00:000 / speedcontroller(07) para dec(11)
Mensaje D / 00:00:00:000 / set(12) / ... para buttoncontroller(05)
Mensaje D / 00:00:00:000 / resume(13) / ... para buttoncontroller(05)
Mensaje D / 00:00:00:000 / accq(08) / ... para speedcontroller(07)
Mensaje D / 00:00:00:000 / decq(09) / ... para speedcontroller(07)
Mensaje D / 00:00:00:000 / inc(10) / ... para speedcontroller(07)
Mensaje D / 00:00:00:000 / dec(11) / ... para speedcontroller(07)
Mensaje D / 00:00:00:000 / speedcontroller(07) / ... para buttoncontroller(05)
Mensaje D / 00:00:00:000 / buttoncontroller(05) / ... para processingmodule(03)
Mensaje D / 00:00:00:000 / processingmodule(03) / ... para cruisecontrolsystem(02)
Mensaje D / 00:00:00:000 / cruisecontrolsystem(02) / ... para top(01)
Mensaje D / 00:00:00:000 / top(01) / ... para Root(00)
Mensaje X / 00:00:10:000 / Root(00) / testinbutton /      1.00000 para top(01)
Mensaje X / 00:00:10:000 / top(01) / inbutton /      1.00000 para cruisecontrolsystem(02)
Mensaje X / 00:00:10:000 / cruisecontrolsystem(02) / in_button /      1.00000 para bim(16)
Mensaje D / 00:00:10:000 / bim(16) / 00:00:00:010 para cruisecontrolsystem(02)
Mensaje D / 00:00:10:000 / cruisecontrolsystem(02) / 00:00:00:010 para top(01)
Mensaje D / 00:00:10:000 / top(01) / 00:00:00:010 para Root(00)
Mensaje * / 00:00:10:010 / Root(00) para top(01)
Mensaje * / 00:00:10:010 / top(01) para cruisecontrolsystem(02)
Mensaje * / 00:00:10:010 / cruisecontrolsystem(02) para bim(16)
Mensaje Y / 00:00:10:010 / bim(16) / out_on /      1.00000 para cruisecontrolsystem(02)
Mensaje D / 00:00:10:010 / bim(16) / ... para cruisecontrolsystem(02)
Mensaje X / 00:00:10:010 / cruisecontrolsystem(02) / inon /      1.00000 para processingmodule(03)
Mensaje X / 00:00:10:010 / processingmodule(03) / inon /      1.00000 para buttoncontroller(05)
Mensaje X / 00:00:10:010 / buttoncontroller(05) / inon /      1.00000 para onoff(06)
Mensaje D / 00:00:10:010 / onoff(06) / 00:00:00:015 para buttoncontroller(05)
Mensaje D / 00:00:10:010 / buttoncontroller(05) / 00:00:00:015 para processingmodule(03)
Mensaje D / 00:00:10:010 / processingmodule(03) / 00:00:00:015 para cruisecontrolsystem(02)
Mensaje D / 00:00:10:010 / cruisecontrolsystem(02) / 00:00:00:015 para top(01)
Mensaje D / 00:00:10:010 / top(01) / 00:00:00:015 para Root(00)
Mensaje * / 00:00:10:025 / Root(00) para top(01)
Mensaje * / 00:00:10:025 / top(01) para cruisecontrolsystem(02)
Mensaje * / 00:00:10:025 / cruisecontrolsystem(02) para processingmodule(03)
Mensaje * / 00:00:10:025 / processingmodule(03) para buttoncontroller(05)
Mensaje * / 00:00:10:025 / buttoncontroller(05) para onoff(06)
Mensaje Y / 00:00:10:025 / onoff(06) / outon /      1.00000 para buttoncontroller(05)
Mensaje D / 00:00:10:025 / onoff(06) / ... para buttoncontroller(05)
Mensaje Y / 00:00:10:025 / buttoncontroller(05) / outon /      1.00000 para processingmodule(03)
Mensaje D / 00:00:10:025 / buttoncontroller(05) / ... para processingmodule(03)
Mensaje X / 00:00:10:025 / processingmodule(03) / in_turnedon /      1.00000 para ccsc(14)
Mensaje D / 00:00:10:025 / ccsc(14) / 00:00:00:015 para processingmodule(03)
Mensaje D / 00:00:10:025 / processingmodule(03) / 00:00:00:015 para cruisecontrolsystem(02)
Mensaje D / 00:00:10:025 / cruisecontrolsystem(02) / 00:00:00:015 para top(01)
Mensaje D / 00:00:10:025 / top(01) / 00:00:00:015 para Root(00)
Mensaje * / 00:00:10:040 / Root(00) para top(01)
Mensaje * / 00:00:10:040 / top(01) para cruisecontrolsystem(02)
Mensaje * / 00:00:10:040 / cruisecontrolsystem(02) para processingmodule(03)
Mensaje * / 00:00:10:040 / processingmodule(03) para ccsc(14)
Mensaje D / 00:00:10:040 / ccsc(14) / ... para processingmodule(03)
Mensaje D / 00:00:10:040 / processingmodule(03) / ... para cruisecontrolsystem(02)
Mensaje D / 00:00:10:040 / cruisecontrolsystem(02) / ... para top(01)
Mensaje D / 00:00:10:040 / top(01) / ... para Root(00)
Mensaje X / 00:00:11:000 / Root(00) / testinspeedsensor /    100.00000 para top(01)
Mensaje X / 00:00:11:000 / top(01) / inspeed /    100.00000 para cruisecontrolsystem(02)
Mensaje X / 00:00:11:000 / cruisecontrolsystem(02) / inspeed /    100.00000 para processingmodule(03)
Mensaje X / 00:00:11:000 / processingmodule(03) / in_speed /    100.00000 para ccsc(14)
Mensaje D / 00:00:11:000 / ccsc(14) / 00:00:00:015 para processingmodule(03)
Mensaje D / 00:00:11:000 / processingmodule(03) / 00:00:00:015 para cruisecontrolsystem(02)
Mensaje D / 00:00:11:000 / cruisecontrolsystem(02) / 00:00:00:015 para top(01)
Mensaje D / 00:00:11:000 / top(01) / 00:00:00:015 para Root(00)
Mensaje * / 00:00:11:015 / Root(00) para top(01)
Mensaje * / 00:00:11:015 / top(01) para cruisecontrolsystem(02)
Mensaje * / 00:00:11:015 / cruisecontrolsystem(02) para processingmodule(03)
Mensaje * / 00:00:11:015 / processingmodule(03) para ccsc(14)
Mensaje D / 00:00:11:015 / ccsc(14) / ... para processingmodule(03)
Mensaje D / 00:00:11:015 / processingmodule(03) / ... para cruisecontrolsystem(02)
Mensaje D / 00:00:11:015 / cruisecontrolsystem(02) / ... para top(01)
Mensaje D / 00:00:11:015 / top(01) / ... para Root(00)
Mensaje X / 00:00:14:000 / Root(00) / testinspeedsensor /    110.00000 para top(01)
Mensaje X / 00:00:14:000 / top(01) / inspeed /    110.00000 para cruisecontrolsystem(02)
Mensaje X / 00:00:14:000 / cruisecontrolsystem(02) / inspeed /    110.00000 para processingmodule(03)
Mensaje X / 00:00:14:000 / processingmodule(03) / in_speed /    110.00000 para ccsc(14)
Mensaje D / 00:00:14:000 / ccsc(14) / 00:00:00:015 para processingmodule(03)
Mensaje D / 00:00:14:000 / processingmodule(03) / 00:00:00:015 para cruisecontrolsystem(02)
Mensaje D / 00:00:14:000 / cruisecontrolsystem(02) / 00:00:00:015 para top(01)
Mensaje D / 00:00:14:000 / top(01) / 00:00:00:015 para Root(00)
Mensaje * / 00:00:14:015 / Root(00) para top(01)
Mensaje * / 00:00:14:015 / top(01) para cruisecontrolsystem(02)
Mensaje * / 00:00:14:015 / cruisecontrolsystem(02) para processingmodule(03)
Mensaje * / 00:00:14:015 / processingmodule(03) para ccsc(14)
Mensaje D / 00:00:14:015 / ccsc(14) / ... para processingmodule(03)
Mensaje D / 00:00:14:015 / processingmodule(03) / ... para cruisecontrolsystem(02)
Mensaje D / 00:00:14:015 / cruisecontrolsystem(02) / ... para top(01)
Mensaje D / 00:00:14:015 / top(01) / ... para Root(00)
Mensaje X / 00:00:20:000 / Root(00) / testinbutton /      3.00000 para top(01)
Mensaje X / 00:00:20:000 / top(01) / inbutton /      3.00000 para cruisecontrolsystem(02)
Mensaje X / 00:00:20:000 / cruisecontrolsystem(02) / in_button /      3.00000 para bim(16)
Mensaje D / 00:00:20:000 / bim(16) / 00:00:00:010 para cruisecontrolsystem(02)
Mensaje D / 00:00:20:000 / cruisecontrolsystem(02) / 00:00:00:010 para top(01)
Mensaje D / 00:00:20:000 / top(01) / 00:00:00:010 para Root(00)
Mensaje * / 00:00:20:010 / Root(00) para top(01)
Mensaje * / 00:00:20:010 / top(01) para cruisecontrolsystem(02)
Mensaje * / 00:00:20:010 / cruisecontrolsystem(02) para bim(16)
Mensaje Y / 00:00:20:010 / bim(16) / out_set /      1.00000 para cruisecontrolsystem(02)
Mensaje D / 00:00:20:010 / bim(16) / ... para cruisecontrolsystem(02)
Mensaje X / 00:00:20:010 / cruisecontrolsystem(02) / inset /      1.00000 para processingmodule(03)
Mensaje X / 00:00:20:010 / processingmodule(03) / inset /      1.00000 para buttoncontroller(05)
Mensaje X / 00:00:20:010 / buttoncontroller(05) / in /      1.00000 para set(12)
Mensaje D / 00:00:20:010 / set(12) / 00:00:00:010 para buttoncontroller(05)
Mensaje D / 00:00:20:010 / buttoncontroller(05) / 00:00:00:010 para processingmodule(03)
Mensaje D / 00:00:20:010 / processingmodule(03) / 00:00:00:010 para cruisecontrolsystem(02)
Mensaje D / 00:00:20:010 / cruisecontrolsystem(02) / 00:00:00:010 para top(01)
Mensaje D / 00:00:20:010 / top(01) / 00:00:00:010 para Root(00)
Mensaje * / 00:00:20:020 / Root(00) para top(01)
Mensaje * / 00:00:20:020 / top(01) para cruisecontrolsystem(02)
Mensaje * / 00:00:20:020 / cruisecontrolsystem(02) para processingmodule(03)
Mensaje * / 00:00:20:020 / processingmodule(03) para buttoncontroller(05)
Mensaje * / 00:00:20:020 / buttoncontroller(05) para set(12)
Mensaje Y / 00:00:20:020 / set(12) / out /      1.00000 para buttoncontroller(05)
Mensaje D / 00:00:20:020 / set(12) / ... para buttoncontroller(05)
Mensaje Y / 00:00:20:020 / buttoncontroller(05) / outset /      1.00000 para processingmodule(03)
Mensaje D / 00:00:20:020 / buttoncontroller(05) / ... para processingmodule(03)
Mensaje X / 00:00:20:020 / processingmodule(03) / in_set /      1.00000 para ccsc(14)
Mensaje D / 00:00:20:020 / ccsc(14) / 00:00:00:015 para processingmodule(03)
Mensaje D / 00:00:20:020 / processingmodule(03) / 00:00:00:015 para cruisecontrolsystem(02)
Mensaje D / 00:00:20:020 / cruisecontrolsystem(02) / 00:00:00:015 para top(01)
Mensaje D / 00:00:20:020 / top(01) / 00:00:00:015 para Root(00)
Mensaje * / 00:00:20:035 / Root(00) para top(01)
Mensaje * / 00:00:20:035 / top(01) para cruisecontrolsystem(02)
Mensaje * / 00:00:20:035 / cruisecontrolsystem(02) para processingmodule(03)
Mensaje * / 00:00:20:035 / processingmodule(03) para ccsc(14)
Mensaje D / 00:00:20:035 / ccsc(14) / ... para processingmodule(03)
Mensaje D / 00:00:20:035 / processingmodule(03) / ... para cruisecontrolsystem(02)
Mensaje D / 00:00:20:035 / cruisecontrolsystem(02) / ... para top(01)
Mensaje D / 00:00:20:035 / top(01) / ... para Root(00)
Mensaje X / 00:00:21:000 / Root(00) / testinspeedsensor /    114.00000 para top(01)
Mensaje X / 00:00:21:000 / top(01) / inspeed /    114.00000 para cruisecontrolsystem(02)
Mensaje X / 00:00:21:000 / cruisecontrolsystem(02) / inspeed /    114.00000 para processingmodule(03)
Mensaje X / 00:00:21:000 / processingmodule(03) / in_speed /    114.00000 para ccsc(14)
Mensaje D / 00:00:21:000 / ccsc(14) / 00:00:00:015 para processingmodule(03)
Mensaje D / 00:00:21:000 / processingmodule(03) / 00:00:00:015 para cruisecontrolsystem(02)
Mensaje D / 00:00:21:000 / cruisecontrolsystem(02) / 00:00:00:015 para top(01)
Mensaje D / 00:00:21:000 / top(01) / 00:00:00:015 para Root(00)
Mensaje * / 00:00:21:015 / Root(00) para top(01)
Mensaje * / 00:00:21:015 / top(01) para cruisecontrolsystem(02)
Mensaje * / 00:00:21:015 / cruisecontrolsystem(02) para processingmodule(03)
Mensaje * / 00:00:21:015 / processingmodule(03) para ccsc(14)
Mensaje Y / 00:00:21:015 / ccsc(14) / out_dec /      1.00000 para processingmodule(03)
Mensaje D / 00:00:21:015 / ccsc(14) / ... para processingmodule(03)
Mensaje Y / 00:00:21:015 / processingmodule(03) / outdec /      1.00000 para cruisecontrolsystem(02)
Mensaje D / 00:00:21:015 / processingmodule(03) / ... para cruisecontrolsystem(02)
Mensaje X / 00:00:21:015 / cruisecontrolsystem(02) / dec /      1.00000 para om(17)
Mensaje D / 00:00:21:015 / om(17) / 00:00:00:010 para cruisecontrolsystem(02)
Mensaje D / 00:00:21:015 / cruisecontrolsystem(02) / 00:00:00:010 para top(01)
Mensaje D / 00:00:21:015 / top(01) / 00:00:00:010 para Root(00)
Mensaje * / 00:00:21:025 / Root(00) para top(01)
Mensaje * / 00:00:21:025 / top(01) para cruisecontrolsystem(02)
Mensaje * / 00:00:21:025 / cruisecontrolsystem(02) para om(17)
Mensaje Y / 00:00:21:025 / om(17) / out /     -1.00000 para cruisecontrolsystem(02)
Mensaje D / 00:00:21:025 / om(17) / ... para cruisecontrolsystem(02)
Mensaje Y / 00:00:21:025 / cruisecontrolsystem(02) / throttle /     -1.00000 para top(01)
Mensaje D / 00:00:21:025 / cruisecontrolsystem(02) / ... para top(01)
Mensaje Y / 00:00:21:025 / top(01) / testthrottle /     -1.00000 para Root(00)
Mensaje D / 00:00:21:025 / top(01) / ... para Root(00)
Mensaje X / 00:00:24:000 / Root(00) / testinspeedsensor /    108.00000 para top(01)
Mensaje X / 00:00:24:000 / top(01) / inspeed /    108.00000 para cruisecontrolsystem(02)
Mensaje X / 00:00:24:000 / cruisecontrolsystem(02) / inspeed /    108.00000 para processingmodule(03)
Mensaje X / 00:00:24:000 / processingmodule(03) / in_speed /    108.00000 para ccsc(14)
Mensaje D / 00:00:24:000 / ccsc(14) / 00:00:00:015 para processingmodule(03)
Mensaje D / 00:00:24:000 / processingmodule(03) / 00:00:00:015 para cruisecontrolsystem(02)
Mensaje D / 00:00:24:000 / cruisecontrolsystem(02) / 00:00:00:015 para top(01)
Mensaje D / 00:00:24:000 / top(01) / 00:00:00:015 para Root(00)
Mensaje * / 00:00:24:015 / Root(00) para top(01)
Mensaje * / 00:00:24:015 / top(01) para cruisecontrolsystem(02)
Mensaje * / 00:00:24:015 / cruisecontrolsystem(02) para processingmodule(03)
Mensaje * / 00:00:24:015 / processingmodule(03) para ccsc(14)
Mensaje Y / 00:00:24:015 / ccsc(14) / out_inc /      1.00000 para processingmodule(03)
Mensaje D / 00:00:24:015 / ccsc(14) / ... para processingmodule(03)
Mensaje Y / 00:00:24:015 / processingmodule(03) / outinc /      1.00000 para cruisecontrolsystem(02)
Mensaje D / 00:00:24:015 / processingmodule(03) / ... para cruisecontrolsystem(02)
Mensaje X / 00:00:24:015 / cruisecontrolsystem(02) / inc /      1.00000 para om(17)
Mensaje D / 00:00:24:015 / om(17) / 00:00:00:005 para cruisecontrolsystem(02)
Mensaje D / 00:00:24:015 / cruisecontrolsystem(02) / 00:00:00:005 para top(01)
Mensaje D / 00:00:24:015 / top(01) / 00:00:00:005 para Root(00)
Mensaje * / 00:00:24:020 / Root(00) para top(01)
Mensaje * / 00:00:24:020 / top(01) para cruisecontrolsystem(02)
Mensaje * / 00:00:24:020 / cruisecontrolsystem(02) para om(17)
Mensaje Y / 00:00:24:020 / om(17) / out /      1.00000 para cruisecontrolsystem(02)
Mensaje D / 00:00:24:020 / om(17) / ... para cruisecontrolsystem(02)
Mensaje Y / 00:00:24:020 / cruisecontrolsystem(02) / throttle /      1.00000 para top(01)
Mensaje D / 00:00:24:020 / cruisecontrolsystem(02) / ... para top(01)
Mensaje Y / 00:00:24:020 / top(01) / testthrottle /      1.00000 para Root(00)
Mensaje D / 00:00:24:020 / top(01) / ... para Root(00)
Mensaje X / 00:00:27:000 / Root(00) / testinspeedsensor /    118.00000 para top(01)
Mensaje X / 00:00:27:000 / top(01) / inspeed /    118.00000 para cruisecontrolsystem(02)
Mensaje X / 00:00:27:000 / cruisecontrolsystem(02) / inspeed /    118.00000 para processingmodule(03)
Mensaje X / 00:00:27:000 / processingmodule(03) / in_speed /    118.00000 para ccsc(14)
Mensaje D / 00:00:27:000 / ccsc(14) / 00:00:00:015 para processingmodule(03)
Mensaje D / 00:00:27:000 / processingmodule(03) / 00:00:00:015 para cruisecontrolsystem(02)
Mensaje D / 00:00:27:000 / cruisecontrolsystem(02) / 00:00:00:015 para top(01)
Mensaje D / 00:00:27:000 / top(01) / 00:00:00:015 para Root(00)
Mensaje * / 00:00:27:015 / Root(00) para top(01)
Mensaje * / 00:00:27:015 / top(01) para cruisecontrolsystem(02)
Mensaje * / 00:00:27:015 / cruisecontrolsystem(02) para processingmodule(03)
Mensaje * / 00:00:27:015 / processingmodule(03) para ccsc(14)
Mensaje Y / 00:00:27:015 / ccsc(14) / out_dec /      1.00000 para processingmodule(03)
Mensaje D / 00:00:27:015 / ccsc(14) / ... para processingmodule(03)
Mensaje Y / 00:00:27:015 / processingmodule(03) / outdec /      1.00000 para cruisecontrolsystem(02)
Mensaje D / 00:00:27:015 / processingmodule(03) / ... para cruisecontrolsystem(02)
Mensaje X / 00:00:27:015 / cruisecontrolsystem(02) / dec /      1.00000 para om(17)
Mensaje D / 00:00:27:015 / om(17) / 00:00:00:010 para cruisecontrolsystem(02)
Mensaje D / 00:00:27:015 / cruisecontrolsystem(02) / 00:00:00:010 para top(01)
Mensaje D / 00:00:27:015 / top(01) / 00:00:00:010 para Root(00)
Mensaje * / 00:00:27:025 / Root(00) para top(01)
Mensaje * / 00:00:27:025 / top(01) para cruisecontrolsystem(02)
Mensaje * / 00:00:27:025 / cruisecontrolsystem(02) para om(17)
Mensaje Y / 00:00:27:025 / om(17) / out /     -1.00000 para cruisecontrolsystem(02)
Mensaje D / 00:00:27:025 / om(17) / ... para cruisecontrolsystem(02)
Mensaje Y / 00:00:27:025 / cruisecontrolsystem(02) / throttle /     -1.00000 para top(01)
Mensaje D / 00:00:27:025 / cruisecontrolsystem(02) / ... para top(01)
Mensaje Y / 00:00:27:025 / top(01) / testthrottle /     -1.00000 para Root(00)
Mensaje D / 00:00:27:025 / top(01) / ... para Root(00)
Mensaje X / 00:00:30:000 / Root(00) / testinbutton /      4.00000 para top(01)
Mensaje X / 00:00:30:000 / top(01) / inbutton /      4.00000 para cruisecontrolsystem(02)
Mensaje X / 00:00:30:000 / cruisecontrolsystem(02) / in_button /      4.00000 para bim(16)
Mensaje D / 00:00:30:000 / bim(16) / 00:00:00:010 para cruisecontrolsystem(02)
Mensaje D / 00:00:30:000 / cruisecontrolsystem(02) / 00:00:00:010 para top(01)
Mensaje D / 00:00:30:000 / top(01) / 00:00:00:010 para Root(00)
Mensaje * / 00:00:30:010 / Root(00) para top(01)
Mensaje * / 00:00:30:010 / top(01) para cruisecontrolsystem(02)
Mensaje * / 00:00:30:010 / cruisecontrolsystem(02) para bim(16)
Mensaje Y / 00:00:30:010 / bim(16) / out_acc /      1.00000 para cruisecontrolsystem(02)
Mensaje D / 00:00:30:010 / bim(16) / ... para cruisecontrolsystem(02)
Mensaje X / 00:00:30:010 / cruisecontrolsystem(02) / inacc /      1.00000 para processingmodule(03)
Mensaje X / 00:00:30:010 / processingmodule(03) / inacc /      1.00000 para buttoncontroller(05)
Mensaje X / 00:00:30:010 / buttoncontroller(05) / accin /      1.00000 para speedcontroller(07)
Mensaje X / 00:00:30:010 / speedcontroller(07) / in /      1.00000 para accq(08)
Mensaje D / 00:00:30:010 / accq(08) / 00:00:00:010 para speedcontroller(07)
Mensaje D / 00:00:30:010 / speedcontroller(07) / 00:00:00:010 para buttoncontroller(05)
Mensaje D / 00:00:30:010 / buttoncontroller(05) / 00:00:00:010 para processingmodule(03)
Mensaje D / 00:00:30:010 / processingmodule(03) / 00:00:00:010 para cruisecontrolsystem(02)
Mensaje D / 00:00:30:010 / cruisecontrolsystem(02) / 00:00:00:010 para top(01)
Mensaje D / 00:00:30:010 / top(01) / 00:00:00:010 para Root(00)
Mensaje * / 00:00:30:020 / Root(00) para top(01)
Mensaje * / 00:00:30:020 / top(01) para cruisecontrolsystem(02)
Mensaje * / 00:00:30:020 / cruisecontrolsystem(02) para processingmodule(03)
Mensaje * / 00:00:30:020 / processingmodule(03) para buttoncontroller(05)
Mensaje * / 00:00:30:020 / buttoncontroller(05) para speedcontroller(07)
Mensaje * / 00:00:30:020 / speedcontroller(07) para accq(08)
Mensaje Y / 00:00:30:020 / accq(08) / out /      1.00000 para speedcontroller(07)
Mensaje D / 00:00:30:020 / accq(08) / ... para speedcontroller(07)
Mensaje X / 00:00:30:020 / speedcontroller(07) / in /      1.00000 para inc(10)
Mensaje D / 00:00:30:020 / inc(10) / 00:00:00:015 para speedcontroller(07)
Mensaje D / 00:00:30:020 / speedcontroller(07) / 00:00:00:015 para buttoncontroller(05)
Mensaje D / 00:00:30:020 / buttoncontroller(05) / 00:00:00:015 para processingmodule(03)
Mensaje D / 00:00:30:020 / processingmodule(03) / 00:00:00:015 para cruisecontrolsystem(02)
Mensaje D / 00:00:30:020 / cruisecontrolsystem(02) / 00:00:00:015 para top(01)
Mensaje D / 00:00:30:020 / top(01) / 00:00:00:015 para Root(00)
Mensaje * / 00:00:30:035 / Root(00) para top(01)
Mensaje * / 00:00:30:035 / top(01) para cruisecontrolsystem(02)
Mensaje * / 00:00:30:035 / cruisecontrolsystem(02) para processingmodule(03)
Mensaje * / 00:00:30:035 / processingmodule(03) para buttoncontroller(05)
Mensaje * / 00:00:30:035 / buttoncontroller(05) para speedcontroller(07)
Mensaje * / 00:00:30:035 / speedcontroller(07) para inc(10)
Mensaje Y / 00:00:30:035 / inc(10) / out /      1.00000 para speedcontroller(07)
Mensaje D / 00:00:30:035 / inc(10) / ... para speedcontroller(07)
Mensaje Y / 00:00:30:035 / speedcontroller(07) / incout /      1.00000 para buttoncontroller(05)
Mensaje X / 00:00:30:035 / speedcontroller(07) / done /      1.00000 para accq(08)
Mensaje Y / 00:00:30:035 / buttoncontroller(05) / outacc /      1.00000 para processingmodule(03)
Mensaje D / 00:00:30:035 / accq(08) / ... para speedcontroller(07)
Mensaje X / 00:00:30:035 / processingmodule(03) / in_inc /      1.00000 para ccsc(14)
Mensaje D / 00:00:30:035 / speedcontroller(07) / ... para buttoncontroller(05)
Mensaje D / 00:00:30:035 / ccsc(14) / 00:00:00:015 para processingmodule(03)
Mensaje D / 00:00:30:035 / buttoncontroller(05) / ... para processingmodule(03)
Mensaje D / 00:00:30:035 / processingmodule(03) / 00:00:00:015 para cruisecontrolsystem(02)
Mensaje D / 00:00:30:035 / cruisecontrolsystem(02) / 00:00:00:015 para top(01)
Mensaje D / 00:00:30:035 / top(01) / 00:00:00:015 para Root(00)
Mensaje * / 00:00:30:050 / Root(00) para top(01)
Mensaje * / 00:00:30:050 / top(01) para cruisecontrolsystem(02)
Mensaje * / 00:00:30:050 / cruisecontrolsystem(02) para processingmodule(03)
Mensaje * / 00:00:30:050 / processingmodule(03) para ccsc(14)
Mensaje Y / 00:00:30:050 / ccsc(14) / out_dec /      1.00000 para processingmodule(03)
Mensaje D / 00:00:30:050 / ccsc(14) / ... para processingmodule(03)
Mensaje Y / 00:00:30:050 / processingmodule(03) / outdec /      1.00000 para cruisecontrolsystem(02)
Mensaje D / 00:00:30:050 / processingmodule(03) / ... para cruisecontrolsystem(02)
Mensaje X / 00:00:30:050 / cruisecontrolsystem(02) / dec /      1.00000 para om(17)
Mensaje D / 00:00:30:050 / om(17) / 00:00:00:010 para cruisecontrolsystem(02)
Mensaje D / 00:00:30:050 / cruisecontrolsystem(02) / 00:00:00:010 para top(01)
Mensaje D / 00:00:30:050 / top(01) / 00:00:00:010 para Root(00)
Mensaje * / 00:00:30:060 / Root(00) para top(01)
Mensaje * / 00:00:30:060 / top(01) para cruisecontrolsystem(02)
Mensaje * / 00:00:30:060 / cruisecontrolsystem(02) para om(17)
Mensaje Y / 00:00:30:060 / om(17) / out /     -1.00000 para cruisecontrolsystem(02)
Mensaje D / 00:00:30:060 / om(17) / ... para cruisecontrolsystem(02)
Mensaje Y / 00:00:30:060 / cruisecontrolsystem(02) / throttle /     -1.00000 para top(01)
Mensaje D / 00:00:30:060 / cruisecontrolsystem(02) / ... para top(01)
Mensaje Y / 00:00:30:060 / top(01) / testthrottle /     -1.00000 para Root(00)
Mensaje D / 00:00:30:060 / top(01) / ... para Root(00)
Mensaje X / 00:00:31:000 / Root(00) / testinspeedsensor /    120.00000 para top(01)
Mensaje X / 00:00:31:000 / top(01) / inspeed /    120.00000 para cruisecontrolsystem(02)
Mensaje X / 00:00:31:000 / cruisecontrolsystem(02) / inspeed /    120.00000 para processingmodule(03)
Mensaje X / 00:00:31:000 / processingmodule(03) / in_speed /    120.00000 para ccsc(14)
Mensaje D / 00:00:31:000 / ccsc(14) / 00:00:00:015 para processingmodule(03)
Mensaje D / 00:00:31:000 / processingmodule(03) / 00:00:00:015 para cruisecontrolsystem(02)
Mensaje D / 00:00:31:000 / cruisecontrolsystem(02) / 00:00:00:015 para top(01)
Mensaje D / 00:00:31:000 / top(01) / 00:00:00:015 para Root(00)
Mensaje * / 00:00:31:015 / Root(00) para top(01)
Mensaje * / 00:00:31:015 / top(01) para cruisecontrolsystem(02)
Mensaje * / 00:00:31:015 / cruisecontrolsystem(02) para processingmodule(03)
Mensaje * / 00:00:31:015 / processingmodule(03) para ccsc(14)
Mensaje Y / 00:00:31:015 / ccsc(14) / out_dec /      1.00000 para processingmodule(03)
Mensaje D / 00:00:31:015 / ccsc(14) / ... para processingmodule(03)
Mensaje Y / 00:00:31:015 / processingmodule(03) / outdec /      1.00000 para cruisecontrolsystem(02)
Mensaje D / 00:00:31:015 / processingmodule(03) / ... para cruisecontrolsystem(02)
Mensaje X / 00:00:31:015 / cruisecontrolsystem(02) / dec /      1.00000 para om(17)
Mensaje D / 00:00:31:015 / om(17) / 00:00:00:010 para cruisecontrolsystem(02)
Mensaje D / 00:00:31:015 / cruisecontrolsystem(02) / 00:00:00:010 para top(01)
Mensaje D / 00:00:31:015 / top(01) / 00:00:00:010 para Root(00)
Mensaje * / 00:00:31:025 / Root(00) para top(01)
Mensaje * / 00:00:31:025 / top(01) para cruisecontrolsystem(02)
Mensaje * / 00:00:31:025 / cruisecontrolsystem(02) para om(17)
Mensaje Y / 00:00:31:025 / om(17) / out /     -1.00000 para cruisecontrolsystem(02)
Mensaje D / 00:00:31:025 / om(17) / ... para cruisecontrolsystem(02)
Mensaje Y / 00:00:31:025 / cruisecontrolsystem(02) / throttle /     -1.00000 para top(01)
Mensaje D / 00:00:31:025 / cruisecontrolsystem(02) / ... para top(01)
Mensaje Y / 00:00:31:025 / top(01) / testthrottle /     -1.00000 para Root(00)
Mensaje D / 00:00:31:025 / top(01) / ... para Root(00)
Mensaje X / 00:00:34:000 / Root(00) / testinspeedsensor /    106.00000 para top(01)
Mensaje X / 00:00:34:000 / top(01) / inspeed /    106.00000 para cruisecontrolsystem(02)
Mensaje X / 00:00:34:000 / cruisecontrolsystem(02) / inspeed /    106.00000 para processingmodule(03)
Mensaje X / 00:00:34:000 / processingmodule(03) / in_speed /    106.00000 para ccsc(14)
Mensaje D / 00:00:34:000 / ccsc(14) / 00:00:00:015 para processingmodule(03)
Mensaje D / 00:00:34:000 / processingmodule(03) / 00:00:00:015 para cruisecontrolsystem(02)
Mensaje D / 00:00:34:000 / cruisecontrolsystem(02) / 00:00:00:015 para top(01)
Mensaje D / 00:00:34:000 / top(01) / 00:00:00:015 para Root(00)
Mensaje * / 00:00:34:015 / Root(00) para top(01)
Mensaje * / 00:00:34:015 / top(01) para cruisecontrolsystem(02)
Mensaje * / 00:00:34:015 / cruisecontrolsystem(02) para processingmodule(03)
Mensaje * / 00:00:34:015 / processingmodule(03) para ccsc(14)
Mensaje Y / 00:00:34:015 / ccsc(14) / out_inc /      1.00000 para processingmodule(03)
Mensaje D / 00:00:34:015 / ccsc(14) / ... para processingmodule(03)
Mensaje Y / 00:00:34:015 / processingmodule(03) / outinc /      1.00000 para cruisecontrolsystem(02)
Mensaje D / 00:00:34:015 / processingmodule(03) / ... para cruisecontrolsystem(02)
Mensaje X / 00:00:34:015 / cruisecontrolsystem(02) / inc /      1.00000 para om(17)
Mensaje D / 00:00:34:015 / om(17) / 00:00:00:005 para cruisecontrolsystem(02)
Mensaje D / 00:00:34:015 / cruisecontrolsystem(02) / 00:00:00:005 para top(01)
Mensaje D / 00:00:34:015 / top(01) / 00:00:00:005 para Root(00)
Mensaje * / 00:00:34:020 / Root(00) para top(01)
Mensaje * / 00:00:34:020 / top(01) para cruisecontrolsystem(02)
Mensaje * / 00:00:34:020 / cruisecontrolsystem(02) para om(17)
Mensaje Y / 00:00:34:020 / om(17) / out /      1.00000 para cruisecontrolsystem(02)
Mensaje D / 00:00:34:020 / om(17) / ... para cruisecontrolsystem(02)
Mensaje Y / 00:00:34:020 / cruisecontrolsystem(02) / throttle /      1.00000 para top(01)
Mensaje D / 00:00:34:020 / cruisecontrolsystem(02) / ... para top(01)
Mensaje Y / 00:00:34:020 / top(01) / testthrottle /      1.00000 para Root(00)
Mensaje D / 00:00:34:020 / top(01) / ... para Root(00)
Mensaje X / 00:00:37:000 / Root(00) / testinspeedsensor /    111.00000 para top(01)
Mensaje X / 00:00:37:000 / top(01) / inspeed /    111.00000 para cruisecontrolsystem(02)
Mensaje X / 00:00:37:000 / cruisecontrolsystem(02) / inspeed /    111.00000 para processingmodule(03)
Mensaje X / 00:00:37:000 / processingmodule(03) / in_speed /    111.00000 para ccsc(14)
Mensaje D / 00:00:37:000 / ccsc(14) / 00:00:00:015 para processingmodule(03)
Mensaje D / 00:00:37:000 / processingmodule(03) / 00:00:00:015 para cruisecontrolsystem(02)
Mensaje D / 00:00:37:000 / cruisecontrolsystem(02) / 00:00:00:015 para top(01)
Mensaje D / 00:00:37:000 / top(01) / 00:00:00:015 para Root(00)
Mensaje * / 00:00:37:015 / Root(00) para top(01)
Mensaje * / 00:00:37:015 / top(01) para cruisecontrolsystem(02)
Mensaje * / 00:00:37:015 / cruisecontrolsystem(02) para processingmodule(03)
Mensaje * / 00:00:37:015 / processingmodule(03) para ccsc(14)
Mensaje D / 00:00:37:015 / ccsc(14) / ... para processingmodule(03)
Mensaje D / 00:00:37:015 / processingmodule(03) / ... para cruisecontrolsystem(02)
Mensaje D / 00:00:37:015 / cruisecontrolsystem(02) / ... para top(01)
Mensaje D / 00:00:37:015 / top(01) / ... para Root(00)
Mensaje X / 00:00:40:000 / Root(00) / testinbutton /      4.00000 para top(01)
Mensaje X / 00:00:40:000 / top(01) / inbutton /      4.00000 para cruisecontrolsystem(02)
Mensaje X / 00:00:40:000 / cruisecontrolsystem(02) / in_button /      4.00000 para bim(16)
Mensaje D / 00:00:40:000 / bim(16) / 00:00:00:010 para cruisecontrolsystem(02)
Mensaje D / 00:00:40:000 / cruisecontrolsystem(02) / 00:00:00:010 para top(01)
Mensaje D / 00:00:40:000 / top(01) / 00:00:00:010 para Root(00)
Mensaje * / 00:00:40:010 / Root(00) para top(01)
Mensaje * / 00:00:40:010 / top(01) para cruisecontrolsystem(02)
Mensaje * / 00:00:40:010 / cruisecontrolsystem(02) para bim(16)
Mensaje Y / 00:00:40:010 / bim(16) / out_acc /      1.00000 para cruisecontrolsystem(02)
Mensaje D / 00:00:40:010 / bim(16) / ... para cruisecontrolsystem(02)
Mensaje X / 00:00:40:010 / cruisecontrolsystem(02) / inacc /      1.00000 para processingmodule(03)
Mensaje X / 00:00:40:010 / processingmodule(03) / inacc /      1.00000 para buttoncontroller(05)
Mensaje X / 00:00:40:010 / buttoncontroller(05) / accin /      1.00000 para speedcontroller(07)
Mensaje X / 00:00:40:010 / speedcontroller(07) / in /      1.00000 para accq(08)
Mensaje D / 00:00:40:010 / accq(08) / 00:00:00:010 para speedcontroller(07)
Mensaje D / 00:00:40:010 / speedcontroller(07) / 00:00:00:010 para buttoncontroller(05)
Mensaje D / 00:00:40:010 / buttoncontroller(05) / 00:00:00:010 para processingmodule(03)
Mensaje D / 00:00:40:010 / processingmodule(03) / 00:00:00:010 para cruisecontrolsystem(02)
Mensaje D / 00:00:40:010 / cruisecontrolsystem(02) / 00:00:00:010 para top(01)
Mensaje D / 00:00:40:010 / top(01) / 00:00:00:010 para Root(00)
Mensaje * / 00:00:40:020 / Root(00) para top(01)
Mensaje * / 00:00:40:020 / top(01) para cruisecontrolsystem(02)
Mensaje * / 00:00:40:020 / cruisecontrolsystem(02) para processingmodule(03)
Mensaje * / 00:00:40:020 / processingmodule(03) para buttoncontroller(05)
Mensaje * / 00:00:40:020 / buttoncontroller(05) para speedcontroller(07)
Mensaje * / 00:00:40:020 / speedcontroller(07) para accq(08)
Mensaje Y / 00:00:40:020 / accq(08) / out /      1.00000 para speedcontroller(07)
Mensaje D / 00:00:40:020 / accq(08) / ... para speedcontroller(07)
Mensaje X / 00:00:40:020 / speedcontroller(07) / in /      1.00000 para inc(10)
Mensaje D / 00:00:40:020 / inc(10) / 00:00:00:015 para speedcontroller(07)
Mensaje D / 00:00:40:020 / speedcontroller(07) / 00:00:00:015 para buttoncontroller(05)
Mensaje D / 00:00:40:020 / buttoncontroller(05) / 00:00:00:015 para processingmodule(03)
Mensaje D / 00:00:40:020 / processingmodule(03) / 00:00:00:015 para cruisecontrolsystem(02)
Mensaje D / 00:00:40:020 / cruisecontrolsystem(02) / 00:00:00:015 para top(01)
Mensaje D / 00:00:40:020 / top(01) / 00:00:00:015 para Root(00)
Mensaje * / 00:00:40:035 / Root(00) para top(01)
Mensaje * / 00:00:40:035 / top(01) para cruisecontrolsystem(02)
Mensaje * / 00:00:40:035 / cruisecontrolsystem(02) para processingmodule(03)
Mensaje * / 00:00:40:035 / processingmodule(03) para buttoncontroller(05)
Mensaje * / 00:00:40:035 / buttoncontroller(05) para speedcontroller(07)
Mensaje * / 00:00:40:035 / speedcontroller(07) para inc(10)
Mensaje Y / 00:00:40:035 / inc(10) / out /      1.00000 para speedcontroller(07)
Mensaje D / 00:00:40:035 / inc(10) / ... para speedcontroller(07)
Mensaje Y / 00:00:40:035 / speedcontroller(07) / incout /      1.00000 para buttoncontroller(05)
Mensaje X / 00:00:40:035 / speedcontroller(07) / done /      1.00000 para accq(08)
Mensaje Y / 00:00:40:035 / buttoncontroller(05) / outacc /      1.00000 para processingmodule(03)
Mensaje D / 00:00:40:035 / accq(08) / ... para speedcontroller(07)
Mensaje X / 00:00:40:035 / processingmodule(03) / in_inc /      1.00000 para ccsc(14)
Mensaje D / 00:00:40:035 / speedcontroller(07) / ... para buttoncontroller(05)
Mensaje D / 00:00:40:035 / ccsc(14) / 00:00:00:015 para processingmodule(03)
Mensaje D / 00:00:40:035 / buttoncontroller(05) / ... para processingmodule(03)
Mensaje D / 00:00:40:035 / processingmodule(03) / 00:00:00:015 para cruisecontrolsystem(02)
Mensaje D / 00:00:40:035 / cruisecontrolsystem(02) / 00:00:00:015 para top(01)
Mensaje D / 00:00:40:035 / top(01) / 00:00:00:015 para Root(00)
Mensaje * / 00:00:40:050 / Root(00) para top(01)
Mensaje * / 00:00:40:050 / top(01) para cruisecontrolsystem(02)
Mensaje * / 00:00:40:050 / cruisecontrolsystem(02) para processingmodule(03)
Mensaje * / 00:00:40:050 / processingmodule(03) para ccsc(14)
Mensaje Y / 00:00:40:050 / ccsc(14) / out_inc /      1.00000 para processingmodule(03)
Mensaje D / 00:00:40:050 / ccsc(14) / ... para processingmodule(03)
Mensaje Y / 00:00:40:050 / processingmodule(03) / outinc /      1.00000 para cruisecontrolsystem(02)
Mensaje D / 00:00:40:050 / processingmodule(03) / ... para cruisecontrolsystem(02)
Mensaje X / 00:00:40:050 / cruisecontrolsystem(02) / inc /      1.00000 para om(17)
Mensaje D / 00:00:40:050 / om(17) / 00:00:00:005 para cruisecontrolsystem(02)
Mensaje D / 00:00:40:050 / cruisecontrolsystem(02) / 00:00:00:005 para top(01)
Mensaje D / 00:00:40:050 / top(01) / 00:00:00:005 para Root(00)
Mensaje * / 00:00:40:055 / Root(00) para top(01)
Mensaje * / 00:00:40:055 / top(01) para cruisecontrolsystem(02)
Mensaje * / 00:00:40:055 / cruisecontrolsystem(02) para om(17)
Mensaje Y / 00:00:40:055 / om(17) / out /      1.00000 para cruisecontrolsystem(02)
Mensaje D / 00:00:40:055 / om(17) / ... para cruisecontrolsystem(02)
Mensaje Y / 00:00:40:055 / cruisecontrolsystem(02) / throttle /      1.00000 para top(01)
Mensaje D / 00:00:40:055 / cruisecontrolsystem(02) / ... para top(01)
Mensaje Y / 00:00:40:055 / top(01) / testthrottle /      1.00000 para Root(00)
Mensaje D / 00:00:40:055 / top(01) / ... para Root(00)
Mensaje X / 00:00:41:000 / Root(00) / testinspeedsensor /    115.00000 para top(01)
Mensaje X / 00:00:41:000 / top(01) / inspeed /    115.00000 para cruisecontrolsystem(02)
Mensaje X / 00:00:41:000 / cruisecontrolsystem(02) / inspeed /    115.00000 para processingmodule(03)
Mensaje X / 00:00:41:000 / processingmodule(03) / in_speed /    115.00000 para ccsc(14)
Mensaje D / 00:00:41:000 / ccsc(14) / 00:00:00:015 para processingmodule(03)
Mensaje D / 00:00:41:000 / processingmodule(03) / 00:00:00:015 para cruisecontrolsystem(02)
Mensaje D / 00:00:41:000 / cruisecontrolsystem(02) / 00:00:00:015 para top(01)
Mensaje D / 00:00:41:000 / top(01) / 00:00:00:015 para Root(00)
Mensaje * / 00:00:41:015 / Root(00) para top(01)
Mensaje * / 00:00:41:015 / top(01) para cruisecontrolsystem(02)
Mensaje * / 00:00:41:015 / cruisecontrolsystem(02) para processingmodule(03)
Mensaje * / 00:00:41:015 / processingmodule(03) para ccsc(14)
Mensaje Y / 00:00:41:015 / ccsc(14) / out_dec /      1.00000 para processingmodule(03)
Mensaje D / 00:00:41:015 / ccsc(14) / ... para processingmodule(03)
Mensaje Y / 00:00:41:015 / processingmodule(03) / outdec /      1.00000 para cruisecontrolsystem(02)
Mensaje D / 00:00:41:015 / processingmodule(03) / ... para cruisecontrolsystem(02)
Mensaje X / 00:00:41:015 / cruisecontrolsystem(02) / dec /      1.00000 para om(17)
Mensaje D / 00:00:41:015 / om(17) / 00:00:00:010 para cruisecontrolsystem(02)
Mensaje D / 00:00:41:015 / cruisecontrolsystem(02) / 00:00:00:010 para top(01)
Mensaje D / 00:00:41:015 / top(01) / 00:00:00:010 para Root(00)
Mensaje * / 00:00:41:025 / Root(00) para top(01)
Mensaje * / 00:00:41:025 / top(01) para cruisecontrolsystem(02)
Mensaje * / 00:00:41:025 / cruisecontrolsystem(02) para om(17)
Mensaje Y / 00:00:41:025 / om(17) / out /     -1.00000 para cruisecontrolsystem(02)
Mensaje D / 00:00:41:025 / om(17) / ... para cruisecontrolsystem(02)
Mensaje Y / 00:00:41:025 / cruisecontrolsystem(02) / throttle /     -1.00000 para top(01)
Mensaje D / 00:00:41:025 / cruisecontrolsystem(02) / ... para top(01)
Mensaje Y / 00:00:41:025 / top(01) / testthrottle /     -1.00000 para Root(00)
Mensaje D / 00:00:41:025 / top(01) / ... para Root(00)
Mensaje X / 00:00:45:000 / Root(00) / testinbreak /      1.00000 para top(01)
Mensaje X / 00:00:45:000 / top(01) / inbreak /      1.00000 para cruisecontrolsystem(02)
Mensaje X / 00:00:45:000 / cruisecontrolsystem(02) / inbreak /      1.00000 para processingmodule(03)
Mensaje X / 00:00:45:000 / processingmodule(03) / in /      1.00000 para brc(04)
Mensaje D / 00:00:45:000 / brc(04) / 00:00:00:010 para processingmodule(03)
Mensaje D / 00:00:45:000 / processingmodule(03) / 00:00:00:010 para cruisecontrolsystem(02)
Mensaje D / 00:00:45:000 / cruisecontrolsystem(02) / 00:00:00:010 para top(01)
Mensaje D / 00:00:45:000 / top(01) / 00:00:00:010 para Root(00)
Mensaje * / 00:00:45:010 / Root(00) para top(01)
Mensaje * / 00:00:45:010 / top(01) para cruisecontrolsystem(02)
Mensaje * / 00:00:45:010 / cruisecontrolsystem(02) para processingmodule(03)
Mensaje * / 00:00:45:010 / processingmodule(03) para brc(04)
Mensaje Y / 00:00:45:010 / brc(04) / out /      1.00000 para processingmodule(03)
Mensaje D / 00:00:45:010 / brc(04) / ... para processingmodule(03)
Mensaje X / 00:00:45:010 / processingmodule(03) / in_break /      1.00000 para ccsc(14)
Mensaje D / 00:00:45:010 / ccsc(14) / 00:00:00:015 para processingmodule(03)
Mensaje D / 00:00:45:010 / processingmodule(03) / 00:00:00:015 para cruisecontrolsystem(02)
Mensaje D / 00:00:45:010 / cruisecontrolsystem(02) / 00:00:00:015 para top(01)
Mensaje D / 00:00:45:010 / top(01) / 00:00:00:015 para Root(00)
Mensaje * / 00:00:45:025 / Root(00) para top(01)
Mensaje * / 00:00:45:025 / top(01) para cruisecontrolsystem(02)
Mensaje * / 00:00:45:025 / cruisecontrolsystem(02) para processingmodule(03)
Mensaje * / 00:00:45:025 / processingmodule(03) para ccsc(14)
Mensaje Y / 00:00:45:025 / ccsc(14) / out_stop /      1.00000 para processingmodule(03)
Mensaje D / 00:00:45:025 / ccsc(14) / ... para processingmodule(03)
Mensaje Y / 00:00:45:025 / processingmodule(03) / outstop /      1.00000 para cruisecontrolsystem(02)
Mensaje D / 00:00:45:025 / processingmodule(03) / ... para cruisecontrolsystem(02)
Mensaje X / 00:00:45:025 / cruisecontrolsystem(02) / stp /      1.00000 para om(17)
Mensaje D / 00:00:45:025 / om(17) / 00:00:00:015 para cruisecontrolsystem(02)
Mensaje D / 00:00:45:025 / cruisecontrolsystem(02) / 00:00:00:015 para top(01)
Mensaje D / 00:00:45:025 / top(01) / 00:00:00:015 para Root(00)
Mensaje * / 00:00:45:040 / Root(00) para top(01)
Mensaje * / 00:00:45:040 / top(01) para cruisecontrolsystem(02)
Mensaje * / 00:00:45:040 / cruisecontrolsystem(02) para om(17)
Mensaje Y / 00:00:45:040 / om(17) / out /      0.00000 para cruisecontrolsystem(02)
Mensaje D / 00:00:45:040 / om(17) / ... para cruisecontrolsystem(02)
Mensaje Y / 00:00:45:040 / cruisecontrolsystem(02) / throttle /      0.00000 para top(01)
Mensaje D / 00:00:45:040 / cruisecontrolsystem(02) / ... para top(01)
Mensaje Y / 00:00:45:040 / top(01) / testthrottle /      0.00000 para Root(00)
Mensaje D / 00:00:45:040 / top(01) / ... para Root(00)
Mensaje X / 00:00:45:500 / Root(00) / testinspeedsensor /     80.00000 para top(01)
Mensaje X / 00:00:45:500 / top(01) / inspeed /     80.00000 para cruisecontrolsystem(02)
Mensaje X / 00:00:45:500 / cruisecontrolsystem(02) / inspeed /     80.00000 para processingmodule(03)
Mensaje X / 00:00:45:500 / processingmodule(03) / in_speed /     80.00000 para ccsc(14)
Mensaje D / 00:00:45:500 / ccsc(14) / 00:00:00:015 para processingmodule(03)
Mensaje D / 00:00:45:500 / processingmodule(03) / 00:00:00:015 para cruisecontrolsystem(02)
Mensaje D / 00:00:45:500 / cruisecontrolsystem(02) / 00:00:00:015 para top(01)
Mensaje D / 00:00:45:500 / top(01) / 00:00:00:015 para Root(00)
Mensaje * / 00:00:45:515 / Root(00) para top(01)
Mensaje * / 00:00:45:515 / top(01) para cruisecontrolsystem(02)
Mensaje * / 00:00:45:515 / cruisecontrolsystem(02) para processingmodule(03)
Mensaje * / 00:00:45:515 / processingmodule(03) para ccsc(14)
Mensaje D / 00:00:45:515 / ccsc(14) / ... para processingmodule(03)
Mensaje D / 00:00:45:515 / processingmodule(03) / ... para cruisecontrolsystem(02)
Mensaje D / 00:00:45:515 / cruisecontrolsystem(02) / ... para top(01)
Mensaje D / 00:00:45:515 / top(01) / ... para Root(00)
Mensaje X / 00:00:46:000 / Root(00) / testinbutton /      6.00000 para top(01)
Mensaje X / 00:00:46:000 / top(01) / inbutton /      6.00000 para cruisecontrolsystem(02)
Mensaje X / 00:00:46:000 / cruisecontrolsystem(02) / in_button /      6.00000 para bim(16)
Mensaje D / 00:00:46:000 / bim(16) / 00:00:00:010 para cruisecontrolsystem(02)
Mensaje D / 00:00:46:000 / cruisecontrolsystem(02) / 00:00:00:010 para top(01)
Mensaje D / 00:00:46:000 / top(01) / 00:00:00:010 para Root(00)
Mensaje * / 00:00:46:010 / Root(00) para top(01)
Mensaje * / 00:00:46:010 / top(01) para cruisecontrolsystem(02)
Mensaje * / 00:00:46:010 / cruisecontrolsystem(02) para bim(16)
Mensaje Y / 00:00:46:010 / bim(16) / out_resume /      1.00000 para cruisecontrolsystem(02)
Mensaje D / 00:00:46:010 / bim(16) / ... para cruisecontrolsystem(02)
Mensaje X / 00:00:46:010 / cruisecontrolsystem(02) / inresume /      1.00000 para processingmodule(03)
Mensaje X / 00:00:46:010 / processingmodule(03) / inresume /      1.00000 para buttoncontroller(05)
Mensaje X / 00:00:46:010 / buttoncontroller(05) / in /      1.00000 para resume(13)
Mensaje D / 00:00:46:010 / resume(13) / 00:00:00:010 para buttoncontroller(05)
Mensaje D / 00:00:46:010 / buttoncontroller(05) / 00:00:00:010 para processingmodule(03)
Mensaje D / 00:00:46:010 / processingmodule(03) / 00:00:00:010 para cruisecontrolsystem(02)
Mensaje D / 00:00:46:010 / cruisecontrolsystem(02) / 00:00:00:010 para top(01)
Mensaje D / 00:00:46:010 / top(01) / 00:00:00:010 para Root(00)
Mensaje * / 00:00:46:020 / Root(00) para top(01)
Mensaje * / 00:00:46:020 / top(01) para cruisecontrolsystem(02)
Mensaje * / 00:00:46:020 / cruisecontrolsystem(02) para processingmodule(03)
Mensaje * / 00:00:46:020 / processingmodule(03) para buttoncontroller(05)
Mensaje * / 00:00:46:020 / buttoncontroller(05) para resume(13)
Mensaje Y / 00:00:46:020 / resume(13) / out /      1.00000 para buttoncontroller(05)
Mensaje D / 00:00:46:020 / resume(13) / ... para buttoncontroller(05)
Mensaje Y / 00:00:46:020 / buttoncontroller(05) / outresume /      1.00000 para processingmodule(03)
Mensaje D / 00:00:46:020 / buttoncontroller(05) / ... para processingmodule(03)
Mensaje X / 00:00:46:020 / processingmodule(03) / in_resume /      1.00000 para ccsc(14)
Mensaje D / 00:00:46:020 / ccsc(14) / 00:00:00:015 para processingmodule(03)
Mensaje D / 00:00:46:020 / processingmodule(03) / 00:00:00:015 para cruisecontrolsystem(02)
Mensaje D / 00:00:46:020 / cruisecontrolsystem(02) / 00:00:00:015 para top(01)
Mensaje D / 00:00:46:020 / top(01) / 00:00:00:015 para Root(00)
Mensaje * / 00:00:46:035 / Root(00) para top(01)
Mensaje * / 00:00:46:035 / top(01) para cruisecontrolsystem(02)
Mensaje * / 00:00:46:035 / cruisecontrolsystem(02) para processingmodule(03)
Mensaje * / 00:00:46:035 / processingmodule(03) para ccsc(14)
Mensaje Y / 00:00:46:035 / ccsc(14) / out_inc /      1.00000 para processingmodule(03)
Mensaje D / 00:00:46:035 / ccsc(14) / ... para processingmodule(03)
Mensaje Y / 00:00:46:035 / processingmodule(03) / outinc /      1.00000 para cruisecontrolsystem(02)
Mensaje D / 00:00:46:035 / processingmodule(03) / ... para cruisecontrolsystem(02)
Mensaje X / 00:00:46:035 / cruisecontrolsystem(02) / inc /      1.00000 para om(17)
Mensaje D / 00:00:46:035 / om(17) / 00:00:00:005 para cruisecontrolsystem(02)
Mensaje D / 00:00:46:035 / cruisecontrolsystem(02) / 00:00:00:005 para top(01)
Mensaje D / 00:00:46:035 / top(01) / 00:00:00:005 para Root(00)
Mensaje * / 00:00:46:040 / Root(00) para top(01)
Mensaje * / 00:00:46:040 / top(01) para cruisecontrolsystem(02)
Mensaje * / 00:00:46:040 / cruisecontrolsystem(02) para om(17)
Mensaje Y / 00:00:46:040 / om(17) / out /      1.00000 para cruisecontrolsystem(02)
Mensaje D / 00:00:46:040 / om(17) / ... para cruisecontrolsystem(02)
Mensaje Y / 00:00:46:040 / cruisecontrolsystem(02) / throttle /      1.00000 para top(01)
Mensaje D / 00:00:46:040 / cruisecontrolsystem(02) / ... para top(01)
Mensaje Y / 00:00:46:040 / top(01) / testthrottle /      1.00000 para Root(00)
Mensaje D / 00:00:46:040 / top(01) / ... para Root(00)
Mensaje X / 00:00:48:000 / Root(00) / testinspeedsensor /    110.00000 para top(01)
Mensaje X / 00:00:48:000 / top(01) / inspeed /    110.00000 para cruisecontrolsystem(02)
Mensaje X / 00:00:48:000 / cruisecontrolsystem(02) / inspeed /    110.00000 para processingmodule(03)
Mensaje X / 00:00:48:000 / processingmodule(03) / in_speed /    110.00000 para ccsc(14)
Mensaje D / 00:00:48:000 / ccsc(14) / 00:00:00:015 para processingmodule(03)
Mensaje D / 00:00:48:000 / processingmodule(03) / 00:00:00:015 para cruisecontrolsystem(02)
Mensaje D / 00:00:48:000 / cruisecontrolsystem(02) / 00:00:00:015 para top(01)
Mensaje D / 00:00:48:000 / top(01) / 00:00:00:015 para Root(00)
Mensaje * / 00:00:48:015 / Root(00) para top(01)
Mensaje * / 00:00:48:015 / top(01) para cruisecontrolsystem(02)
Mensaje * / 00:00:48:015 / cruisecontrolsystem(02) para processingmodule(03)
Mensaje * / 00:00:48:015 / processingmodule(03) para ccsc(14)
Mensaje Y / 00:00:48:015 / ccsc(14) / out_inc /      1.00000 para processingmodule(03)
Mensaje D / 00:00:48:015 / ccsc(14) / ... para processingmodule(03)
Mensaje Y / 00:00:48:015 / processingmodule(03) / outinc /      1.00000 para cruisecontrolsystem(02)
Mensaje D / 00:00:48:015 / processingmodule(03) / ... para cruisecontrolsystem(02)
Mensaje X / 00:00:48:015 / cruisecontrolsystem(02) / inc /      1.00000 para om(17)
Mensaje D / 00:00:48:015 / om(17) / 00:00:00:005 para cruisecontrolsystem(02)
Mensaje D / 00:00:48:015 / cruisecontrolsystem(02) / 00:00:00:005 para top(01)
Mensaje D / 00:00:48:015 / top(01) / 00:00:00:005 para Root(00)
Mensaje * / 00:00:48:020 / Root(00) para top(01)
Mensaje * / 00:00:48:020 / top(01) para cruisecontrolsystem(02)
Mensaje * / 00:00:48:020 / cruisecontrolsystem(02) para om(17)
Mensaje Y / 00:00:48:020 / om(17) / out /      1.00000 para cruisecontrolsystem(02)
Mensaje D / 00:00:48:020 / om(17) / ... para cruisecontrolsystem(02)
Mensaje Y / 00:00:48:020 / cruisecontrolsystem(02) / throttle /      1.00000 para top(01)
Mensaje D / 00:00:48:020 / cruisecontrolsystem(02) / ... para top(01)
Mensaje Y / 00:00:48:020 / top(01) / testthrottle /      1.00000 para Root(00)
Mensaje D / 00:00:48:020 / top(01) / ... para Root(00)
Mensaje X / 00:00:50:000 / Root(00) / testinbutton /      5.00000 para top(01)
Mensaje X / 00:00:50:000 / top(01) / inbutton /      5.00000 para cruisecontrolsystem(02)
Mensaje X / 00:00:50:000 / cruisecontrolsystem(02) / in_button /      5.00000 para bim(16)
Mensaje D / 00:00:50:000 / bim(16) / 00:00:00:010 para cruisecontrolsystem(02)
Mensaje D / 00:00:50:000 / cruisecontrolsystem(02) / 00:00:00:010 para top(01)
Mensaje D / 00:00:50:000 / top(01) / 00:00:00:010 para Root(00)
Mensaje * / 00:00:50:010 / Root(00) para top(01)
Mensaje * / 00:00:50:010 / top(01) para cruisecontrolsystem(02)
Mensaje * / 00:00:50:010 / cruisecontrolsystem(02) para bim(16)
Mensaje Y / 00:00:50:010 / bim(16) / out_dec /      1.00000 para cruisecontrolsystem(02)
Mensaje D / 00:00:50:010 / bim(16) / ... para cruisecontrolsystem(02)
Mensaje X / 00:00:50:010 / cruisecontrolsystem(02) / indec /      1.00000 para processingmodule(03)
Mensaje X / 00:00:50:010 / processingmodule(03) / indec /      1.00000 para buttoncontroller(05)
Mensaje X / 00:00:50:010 / buttoncontroller(05) / decin /      1.00000 para speedcontroller(07)
Mensaje X / 00:00:50:010 / speedcontroller(07) / in /      1.00000 para decq(09)
Mensaje D / 00:00:50:010 / decq(09) / 00:00:00:010 para speedcontroller(07)
Mensaje D / 00:00:50:010 / speedcontroller(07) / 00:00:00:010 para buttoncontroller(05)
Mensaje D / 00:00:50:010 / buttoncontroller(05) / 00:00:00:010 para processingmodule(03)
Mensaje D / 00:00:50:010 / processingmodule(03) / 00:00:00:010 para cruisecontrolsystem(02)
Mensaje D / 00:00:50:010 / cruisecontrolsystem(02) / 00:00:00:010 para top(01)
Mensaje D / 00:00:50:010 / top(01) / 00:00:00:010 para Root(00)
Mensaje * / 00:00:50:020 / Root(00) para top(01)
Mensaje * / 00:00:50:020 / top(01) para cruisecontrolsystem(02)
Mensaje * / 00:00:50:020 / cruisecontrolsystem(02) para processingmodule(03)
Mensaje * / 00:00:50:020 / processingmodule(03) para buttoncontroller(05)
Mensaje * / 00:00:50:020 / buttoncontroller(05) para speedcontroller(07)
Mensaje * / 00:00:50:020 / speedcontroller(07) para decq(09)
Mensaje Y / 00:00:50:020 / decq(09) / out /      1.00000 para speedcontroller(07)
Mensaje D / 00:00:50:020 / decq(09) / ... para speedcontroller(07)
Mensaje X / 00:00:50:020 / speedcontroller(07) / in /      1.00000 para dec(11)
Mensaje D / 00:00:50:020 / dec(11) / 00:00:00:015 para speedcontroller(07)
Mensaje D / 00:00:50:020 / speedcontroller(07) / 00:00:00:015 para buttoncontroller(05)
Mensaje D / 00:00:50:020 / buttoncontroller(05) / 00:00:00:015 para processingmodule(03)
Mensaje D / 00:00:50:020 / processingmodule(03) / 00:00:00:015 para cruisecontrolsystem(02)
Mensaje D / 00:00:50:020 / cruisecontrolsystem(02) / 00:00:00:015 para top(01)
Mensaje D / 00:00:50:020 / top(01) / 00:00:00:015 para Root(00)
Mensaje * / 00:00:50:035 / Root(00) para top(01)
Mensaje * / 00:00:50:035 / top(01) para cruisecontrolsystem(02)
Mensaje * / 00:00:50:035 / cruisecontrolsystem(02) para processingmodule(03)
Mensaje * / 00:00:50:035 / processingmodule(03) para buttoncontroller(05)
Mensaje * / 00:00:50:035 / buttoncontroller(05) para speedcontroller(07)
Mensaje * / 00:00:50:035 / speedcontroller(07) para dec(11)
Mensaje Y / 00:00:50:035 / dec(11) / out /      1.00000 para speedcontroller(07)
Mensaje D / 00:00:50:035 / dec(11) / ... para speedcontroller(07)
Mensaje Y / 00:00:50:035 / speedcontroller(07) / decout /      1.00000 para buttoncontroller(05)
Mensaje X / 00:00:50:035 / speedcontroller(07) / done /      1.00000 para decq(09)
Mensaje Y / 00:00:50:035 / buttoncontroller(05) / outdec /      1.00000 para processingmodule(03)
Mensaje D / 00:00:50:035 / decq(09) / ... para speedcontroller(07)
Mensaje X / 00:00:50:035 / processingmodule(03) / in_dec /      1.00000 para ccsc(14)
Mensaje D / 00:00:50:035 / speedcontroller(07) / ... para buttoncontroller(05)
Mensaje D / 00:00:50:035 / ccsc(14) / 00:00:00:015 para processingmodule(03)
Mensaje D / 00:00:50:035 / buttoncontroller(05) / ... para processingmodule(03)
Mensaje D / 00:00:50:035 / processingmodule(03) / 00:00:00:015 para cruisecontrolsystem(02)
Mensaje D / 00:00:50:035 / cruisecontrolsystem(02) / 00:00:00:015 para top(01)
Mensaje D / 00:00:50:035 / top(01) / 00:00:00:015 para Root(00)
Mensaje * / 00:00:50:050 / Root(00) para top(01)
Mensaje * / 00:00:50:050 / top(01) para cruisecontrolsystem(02)
Mensaje * / 00:00:50:050 / cruisecontrolsystem(02) para processingmodule(03)
Mensaje * / 00:00:50:050 / processingmodule(03) para ccsc(14)
Mensaje Y / 00:00:50:050 / ccsc(14) / out_inc /      1.00000 para processingmodule(03)
Mensaje D / 00:00:50:050 / ccsc(14) / ... para processingmodule(03)
Mensaje Y / 00:00:50:050 / processingmodule(03) / outinc /      1.00000 para cruisecontrolsystem(02)
Mensaje D / 00:00:50:050 / processingmodule(03) / ... para cruisecontrolsystem(02)
Mensaje X / 00:00:50:050 / cruisecontrolsystem(02) / inc /      1.00000 para om(17)
Mensaje D / 00:00:50:050 / om(17) / 00:00:00:005 para cruisecontrolsystem(02)
Mensaje D / 00:00:50:050 / cruisecontrolsystem(02) / 00:00:00:005 para top(01)
Mensaje D / 00:00:50:050 / top(01) / 00:00:00:005 para Root(00)
Mensaje * / 00:00:50:055 / Root(00) para top(01)
Mensaje * / 00:00:50:055 / top(01) para cruisecontrolsystem(02)
Mensaje * / 00:00:50:055 / cruisecontrolsystem(02) para om(17)
Mensaje Y / 00:00:50:055 / om(17) / out /      1.00000 para cruisecontrolsystem(02)
Mensaje D / 00:00:50:055 / om(17) / ... para cruisecontrolsystem(02)
Mensaje Y / 00:00:50:055 / cruisecontrolsystem(02) / throttle /      1.00000 para top(01)
Mensaje D / 00:00:50:055 / cruisecontrolsystem(02) / ... para top(01)
Mensaje Y / 00:00:50:055 / top(01) / testthrottle /      1.00000 para Root(00)
Mensaje D / 00:00:50:055 / top(01) / ... para Root(00)
Mensaje X / 00:00:51:000 / Root(00) / testinspeedsensor /    120.00000 para top(01)
Mensaje X / 00:00:51:000 / top(01) / inspeed /    120.00000 para cruisecontrolsystem(02)
Mensaje X / 00:00:51:000 / cruisecontrolsystem(02) / inspeed /    120.00000 para processingmodule(03)
Mensaje X / 00:00:51:000 / processingmodule(03) / in_speed /    120.00000 para ccsc(14)
Mensaje D / 00:00:51:000 / ccsc(14) / 00:00:00:015 para processingmodule(03)
Mensaje D / 00:00:51:000 / processingmodule(03) / 00:00:00:015 para cruisecontrolsystem(02)
Mensaje D / 00:00:51:000 / cruisecontrolsystem(02) / 00:00:00:015 para top(01)
Mensaje D / 00:00:51:000 / top(01) / 00:00:00:015 para Root(00)
Mensaje * / 00:00:51:015 / Root(00) para top(01)
Mensaje * / 00:00:51:015 / top(01) para cruisecontrolsystem(02)
Mensaje * / 00:00:51:015 / cruisecontrolsystem(02) para processingmodule(03)
Mensaje * / 00:00:51:015 / processingmodule(03) para ccsc(14)
Mensaje Y / 00:00:51:015 / ccsc(14) / out_dec /      1.00000 para processingmodule(03)
Mensaje D / 00:00:51:015 / ccsc(14) / ... para processingmodule(03)
Mensaje Y / 00:00:51:015 / processingmodule(03) / outdec /      1.00000 para cruisecontrolsystem(02)
Mensaje D / 00:00:51:015 / processingmodule(03) / ... para cruisecontrolsystem(02)
Mensaje X / 00:00:51:015 / cruisecontrolsystem(02) / dec /      1.00000 para om(17)
Mensaje D / 00:00:51:015 / om(17) / 00:00:00:010 para cruisecontrolsystem(02)
Mensaje D / 00:00:51:015 / cruisecontrolsystem(02) / 00:00:00:010 para top(01)
Mensaje D / 00:00:51:015 / top(01) / 00:00:00:010 para Root(00)
Mensaje * / 00:00:51:025 / Root(00) para top(01)
Mensaje * / 00:00:51:025 / top(01) para cruisecontrolsystem(02)
Mensaje * / 00:00:51:025 / cruisecontrolsystem(02) para om(17)
Mensaje Y / 00:00:51:025 / om(17) / out /     -1.00000 para cruisecontrolsystem(02)
Mensaje D / 00:00:51:025 / om(17) / ... para cruisecontrolsystem(02)
Mensaje Y / 00:00:51:025 / cruisecontrolsystem(02) / throttle /     -1.00000 para top(01)
Mensaje D / 00:00:51:025 / cruisecontrolsystem(02) / ... para top(01)
Mensaje Y / 00:00:51:025 / top(01) / testthrottle /     -1.00000 para Root(00)
Mensaje D / 00:00:51:025 / top(01) / ... para Root(00)
Mensaje X / 00:00:55:000 / Root(00) / testinspeedsensor /    106.00000 para top(01)
Mensaje X / 00:00:55:000 / top(01) / inspeed /    106.00000 para cruisecontrolsystem(02)
Mensaje X / 00:00:55:000 / cruisecontrolsystem(02) / inspeed /    106.00000 para processingmodule(03)
Mensaje X / 00:00:55:000 / processingmodule(03) / in_speed /    106.00000 para ccsc(14)
Mensaje D / 00:00:55:000 / ccsc(14) / 00:00:00:015 para processingmodule(03)
Mensaje D / 00:00:55:000 / processingmodule(03) / 00:00:00:015 para cruisecontrolsystem(02)
Mensaje D / 00:00:55:000 / cruisecontrolsystem(02) / 00:00:00:015 para top(01)
Mensaje D / 00:00:55:000 / top(01) / 00:00:00:015 para Root(00)
Mensaje * / 00:00:55:015 / Root(00) para top(01)
Mensaje * / 00:00:55:015 / top(01) para cruisecontrolsystem(02)
Mensaje * / 00:00:55:015 / cruisecontrolsystem(02) para processingmodule(03)
Mensaje * / 00:00:55:015 / processingmodule(03) para ccsc(14)
Mensaje Y / 00:00:55:015 / ccsc(14) / out_inc /      1.00000 para processingmodule(03)
Mensaje D / 00:00:55:015 / ccsc(14) / ... para processingmodule(03)
Mensaje Y / 00:00:55:015 / processingmodule(03) / outinc /      1.00000 para cruisecontrolsystem(02)
Mensaje D / 00:00:55:015 / processingmodule(03) / ... para cruisecontrolsystem(02)
Mensaje X / 00:00:55:015 / cruisecontrolsystem(02) / inc /      1.00000 para om(17)
Mensaje D / 00:00:55:015 / om(17) / 00:00:00:005 para cruisecontrolsystem(02)
Mensaje D / 00:00:55:015 / cruisecontrolsystem(02) / 00:00:00:005 para top(01)
Mensaje D / 00:00:55:015 / top(01) / 00:00:00:005 para Root(00)
Mensaje * / 00:00:55:020 / Root(00) para top(01)
Mensaje * / 00:00:55:020 / top(01) para cruisecontrolsystem(02)
Mensaje * / 00:00:55:020 / cruisecontrolsystem(02) para om(17)
Mensaje Y / 00:00:55:020 / om(17) / out /      1.00000 para cruisecontrolsystem(02)
Mensaje D / 00:00:55:020 / om(17) / ... para cruisecontrolsystem(02)
Mensaje Y / 00:00:55:020 / cruisecontrolsystem(02) / throttle /      1.00000 para top(01)
Mensaje D / 00:00:55:020 / cruisecontrolsystem(02) / ... para top(01)
Mensaje Y / 00:00:55:020 / top(01) / testthrottle /      1.00000 para Root(00)
Mensaje D / 00:00:55:020 / top(01) / ... para Root(00)
Mensaje X / 00:00:58:000 / Root(00) / testinspeedsensor /    118.00000 para top(01)
Mensaje X / 00:00:58:000 / top(01) / inspeed /    118.00000 para cruisecontrolsystem(02)
Mensaje X / 00:00:58:000 / cruisecontrolsystem(02) / inspeed /    118.00000 para processingmodule(03)
Mensaje X / 00:00:58:000 / processingmodule(03) / in_speed /    118.00000 para ccsc(14)
Mensaje D / 00:00:58:000 / ccsc(14) / 00:00:00:015 para processingmodule(03)
Mensaje D / 00:00:58:000 / processingmodule(03) / 00:00:00:015 para cruisecontrolsystem(02)
Mensaje D / 00:00:58:000 / cruisecontrolsystem(02) / 00:00:00:015 para top(01)
Mensaje D / 00:00:58:000 / top(01) / 00:00:00:015 para Root(00)
Mensaje * / 00:00:58:015 / Root(00) para top(01)
Mensaje * / 00:00:58:015 / top(01) para cruisecontrolsystem(02)
Mensaje * / 00:00:58:015 / cruisecontrolsystem(02) para processingmodule(03)
Mensaje * / 00:00:58:015 / processingmodule(03) para ccsc(14)
Mensaje Y / 00:00:58:015 / ccsc(14) / out_dec /      1.00000 para processingmodule(03)
Mensaje D / 00:00:58:015 / ccsc(14) / ... para processingmodule(03)
Mensaje Y / 00:00:58:015 / processingmodule(03) / outdec /      1.00000 para cruisecontrolsystem(02)
Mensaje D / 00:00:58:015 / processingmodule(03) / ... para cruisecontrolsystem(02)
Mensaje X / 00:00:58:015 / cruisecontrolsystem(02) / dec /      1.00000 para om(17)
Mensaje D / 00:00:58:015 / om(17) / 00:00:00:010 para cruisecontrolsystem(02)
Mensaje D / 00:00:58:015 / cruisecontrolsystem(02) / 00:00:00:010 para top(01)
Mensaje D / 00:00:58:015 / top(01) / 00:00:00:010 para Root(00)
Mensaje * / 00:00:58:025 / Root(00) para top(01)
Mensaje * / 00:00:58:025 / top(01) para cruisecontrolsystem(02)
Mensaje * / 00:00:58:025 / cruisecontrolsystem(02) para om(17)
Mensaje Y / 00:00:58:025 / om(17) / out /     -1.00000 para cruisecontrolsystem(02)
Mensaje D / 00:00:58:025 / om(17) / ... para cruisecontrolsystem(02)
Mensaje Y / 00:00:58:025 / cruisecontrolsystem(02) / throttle /     -1.00000 para top(01)
Mensaje D / 00:00:58:025 / cruisecontrolsystem(02) / ... para top(01)
Mensaje Y / 00:00:58:025 / top(01) / testthrottle /     -1.00000 para Root(00)
Mensaje D / 00:00:58:025 / top(01) / ... para Root(00)
Mensaje X / 00:01:00:000 / Root(00) / testinbutton /      5.00000 para top(01)
Mensaje X / 00:01:00:000 / top(01) / inbutton /      5.00000 para cruisecontrolsystem(02)
Mensaje X / 00:01:00:000 / cruisecontrolsystem(02) / in_button /      5.00000 para bim(16)
Mensaje D / 00:01:00:000 / bim(16) / 00:00:00:010 para cruisecontrolsystem(02)
Mensaje D / 00:01:00:000 / cruisecontrolsystem(02) / 00:00:00:010 para top(01)
Mensaje D / 00:01:00:000 / top(01) / 00:00:00:010 para Root(00)
Mensaje * / 00:01:00:010 / Root(00) para top(01)
Mensaje * / 00:01:00:010 / top(01) para cruisecontrolsystem(02)
Mensaje * / 00:01:00:010 / cruisecontrolsystem(02) para bim(16)
Mensaje Y / 00:01:00:010 / bim(16) / out_dec /      1.00000 para cruisecontrolsystem(02)
Mensaje D / 00:01:00:010 / bim(16) / ... para cruisecontrolsystem(02)
Mensaje X / 00:01:00:010 / cruisecontrolsystem(02) / indec /      1.00000 para processingmodule(03)
Mensaje X / 00:01:00:010 / processingmodule(03) / indec /      1.00000 para buttoncontroller(05)
Mensaje X / 00:01:00:010 / buttoncontroller(05) / decin /      1.00000 para speedcontroller(07)
Mensaje X / 00:01:00:010 / speedcontroller(07) / in /      1.00000 para decq(09)
Mensaje D / 00:01:00:010 / decq(09) / 00:00:00:010 para speedcontroller(07)
Mensaje D / 00:01:00:010 / speedcontroller(07) / 00:00:00:010 para buttoncontroller(05)
Mensaje D / 00:01:00:010 / buttoncontroller(05) / 00:00:00:010 para processingmodule(03)
Mensaje D / 00:01:00:010 / processingmodule(03) / 00:00:00:010 para cruisecontrolsystem(02)
Mensaje D / 00:01:00:010 / cruisecontrolsystem(02) / 00:00:00:010 para top(01)
Mensaje D / 00:01:00:010 / top(01) / 00:00:00:010 para Root(00)
Mensaje * / 00:01:00:020 / Root(00) para top(01)
Mensaje * / 00:01:00:020 / top(01) para cruisecontrolsystem(02)
Mensaje * / 00:01:00:020 / cruisecontrolsystem(02) para processingmodule(03)
Mensaje * / 00:01:00:020 / processingmodule(03) para buttoncontroller(05)
Mensaje * / 00:01:00:020 / buttoncontroller(05) para speedcontroller(07)
Mensaje * / 00:01:00:020 / speedcontroller(07) para decq(09)
Mensaje Y / 00:01:00:020 / decq(09) / out /      1.00000 para speedcontroller(07)
Mensaje D / 00:01:00:020 / decq(09) / ... para speedcontroller(07)
Mensaje X / 00:01:00:020 / speedcontroller(07) / in /      1.00000 para dec(11)
Mensaje D / 00:01:00:020 / dec(11) / 00:00:00:015 para speedcontroller(07)
Mensaje D / 00:01:00:020 / speedcontroller(07) / 00:00:00:015 para buttoncontroller(05)
Mensaje D / 00:01:00:020 / buttoncontroller(05) / 00:00:00:015 para processingmodule(03)
Mensaje D / 00:01:00:020 / processingmodule(03) / 00:00:00:015 para cruisecontrolsystem(02)
Mensaje D / 00:01:00:020 / cruisecontrolsystem(02) / 00:00:00:015 para top(01)
Mensaje D / 00:01:00:020 / top(01) / 00:00:00:015 para Root(00)
Mensaje * / 00:01:00:035 / Root(00) para top(01)
Mensaje * / 00:01:00:035 / top(01) para cruisecontrolsystem(02)
Mensaje * / 00:01:00:035 / cruisecontrolsystem(02) para processingmodule(03)
Mensaje * / 00:01:00:035 / processingmodule(03) para buttoncontroller(05)
Mensaje * / 00:01:00:035 / buttoncontroller(05) para speedcontroller(07)
Mensaje * / 00:01:00:035 / speedcontroller(07) para dec(11)
Mensaje Y / 00:01:00:035 / dec(11) / out /      1.00000 para speedcontroller(07)
Mensaje D / 00:01:00:035 / dec(11) / ... para speedcontroller(07)
Mensaje Y / 00:01:00:035 / speedcontroller(07) / decout /      1.00000 para buttoncontroller(05)
Mensaje X / 00:01:00:035 / speedcontroller(07) / done /      1.00000 para decq(09)
Mensaje Y / 00:01:00:035 / buttoncontroller(05) / outdec /      1.00000 para processingmodule(03)
Mensaje D / 00:01:00:035 / decq(09) / ... para speedcontroller(07)
Mensaje X / 00:01:00:035 / processingmodule(03) / in_dec /      1.00000 para ccsc(14)
Mensaje D / 00:01:00:035 / speedcontroller(07) / ... para buttoncontroller(05)
Mensaje D / 00:01:00:035 / ccsc(14) / 00:00:00:015 para processingmodule(03)
Mensaje D / 00:01:00:035 / buttoncontroller(05) / ... para processingmodule(03)
Mensaje D / 00:01:00:035 / processingmodule(03) / 00:00:00:015 para cruisecontrolsystem(02)
Mensaje D / 00:01:00:035 / cruisecontrolsystem(02) / 00:00:00:015 para top(01)
Mensaje D / 00:01:00:035 / top(01) / 00:00:00:015 para Root(00)
Mensaje * / 00:01:00:050 / Root(00) para top(01)
Mensaje * / 00:01:00:050 / top(01) para cruisecontrolsystem(02)
Mensaje * / 00:01:00:050 / cruisecontrolsystem(02) para processingmodule(03)
Mensaje * / 00:01:00:050 / processingmodule(03) para ccsc(14)
Mensaje Y / 00:01:00:050 / ccsc(14) / out_dec /      1.00000 para processingmodule(03)
Mensaje D / 00:01:00:050 / ccsc(14) / ... para processingmodule(03)
Mensaje Y / 00:01:00:050 / processingmodule(03) / outdec /      1.00000 para cruisecontrolsystem(02)
Mensaje D / 00:01:00:050 / processingmodule(03) / ... para cruisecontrolsystem(02)
Mensaje X / 00:01:00:050 / cruisecontrolsystem(02) / dec /      1.00000 para om(17)
Mensaje D / 00:01:00:050 / om(17) / 00:00:00:010 para cruisecontrolsystem(02)
Mensaje D / 00:01:00:050 / cruisecontrolsystem(02) / 00:00:00:010 para top(01)
Mensaje D / 00:01:00:050 / top(01) / 00:00:00:010 para Root(00)
Mensaje * / 00:01:00:060 / Root(00) para top(01)
Mensaje * / 00:01:00:060 / top(01) para cruisecontrolsystem(02)
Mensaje * / 00:01:00:060 / cruisecontrolsystem(02) para om(17)
Mensaje Y / 00:01:00:060 / om(17) / out /     -1.00000 para cruisecontrolsystem(02)
Mensaje D / 00:01:00:060 / om(17) / ... para cruisecontrolsystem(02)
Mensaje Y / 00:01:00:060 / cruisecontrolsystem(02) / throttle /     -1.00000 para top(01)
Mensaje D / 00:01:00:060 / cruisecontrolsystem(02) / ... para top(01)
Mensaje Y / 00:01:00:060 / top(01) / testthrottle /     -1.00000 para Root(00)
Mensaje D / 00:01:00:060 / top(01) / ... para Root(00)
Mensaje X / 00:01:03:000 / Root(00) / testinspeedsensor /    115.00000 para top(01)
Mensaje X / 00:01:03:000 / top(01) / inspeed /    115.00000 para cruisecontrolsystem(02)
Mensaje X / 00:01:03:000 / cruisecontrolsystem(02) / inspeed /    115.00000 para processingmodule(03)
Mensaje X / 00:01:03:000 / processingmodule(03) / in_speed /    115.00000 para ccsc(14)
Mensaje D / 00:01:03:000 / ccsc(14) / 00:00:00:015 para processingmodule(03)
Mensaje D / 00:01:03:000 / processingmodule(03) / 00:00:00:015 para cruisecontrolsystem(02)
Mensaje D / 00:01:03:000 / cruisecontrolsystem(02) / 00:00:00:015 para top(01)
Mensaje D / 00:01:03:000 / top(01) / 00:00:00:015 para Root(00)
Mensaje * / 00:01:03:015 / Root(00) para top(01)
Mensaje * / 00:01:03:015 / top(01) para cruisecontrolsystem(02)
Mensaje * / 00:01:03:015 / cruisecontrolsystem(02) para processingmodule(03)
Mensaje * / 00:01:03:015 / processingmodule(03) para ccsc(14)
Mensaje Y / 00:01:03:015 / ccsc(14) / out_dec /      1.00000 para processingmodule(03)
Mensaje D / 00:01:03:015 / ccsc(14) / ... para processingmodule(03)
Mensaje Y / 00:01:03:015 / processingmodule(03) / outdec /      1.00000 para cruisecontrolsystem(02)
Mensaje D / 00:01:03:015 / processingmodule(03) / ... para cruisecontrolsystem(02)
Mensaje X / 00:01:03:015 / cruisecontrolsystem(02) / dec /      1.00000 para om(17)
Mensaje D / 00:01:03:015 / om(17) / 00:00:00:010 para cruisecontrolsystem(02)
Mensaje D / 00:01:03:015 / cruisecontrolsystem(02) / 00:00:00:010 para top(01)
Mensaje D / 00:01:03:015 / top(01) / 00:00:00:010 para Root(00)
Mensaje * / 00:01:03:025 / Root(00) para top(01)
Mensaje * / 00:01:03:025 / top(01) para cruisecontrolsystem(02)
Mensaje * / 00:01:03:025 / cruisecontrolsystem(02) para om(17)
Mensaje Y / 00:01:03:025 / om(17) / out /     -1.00000 para cruisecontrolsystem(02)
Mensaje D / 00:01:03:025 / om(17) / ... para cruisecontrolsystem(02)
Mensaje Y / 00:01:03:025 / cruisecontrolsystem(02) / throttle /     -1.00000 para top(01)
Mensaje D / 00:01:03:025 / cruisecontrolsystem(02) / ... para top(01)
Mensaje Y / 00:01:03:025 / top(01) / testthrottle /     -1.00000 para Root(00)
Mensaje D / 00:01:03:025 / top(01) / ... para Root(00)
Mensaje X / 00:01:05:000 / Root(00) / testingaspedal /      1.00000 para top(01)
Mensaje X / 00:01:05:000 / top(01) / ingaspedal /      1.00000 para cruisecontrolsystem(02)
Mensaje X / 00:01:05:000 / cruisecontrolsystem(02) / ingas /      1.00000 para processingmodule(03)
Mensaje X / 00:01:05:000 / processingmodule(03) / in /      1.00000 para pc(15)
Mensaje D / 00:01:05:000 / pc(15) / 00:00:00:010 para processingmodule(03)
Mensaje D / 00:01:05:000 / processingmodule(03) / 00:00:00:010 para cruisecontrolsystem(02)
Mensaje D / 00:01:05:000 / cruisecontrolsystem(02) / 00:00:00:010 para top(01)
Mensaje D / 00:01:05:000 / top(01) / 00:00:00:010 para Root(00)
Mensaje * / 00:01:05:010 / Root(00) para top(01)
Mensaje * / 00:01:05:010 / top(01) para cruisecontrolsystem(02)
Mensaje * / 00:01:05:010 / cruisecontrolsystem(02) para processingmodule(03)
Mensaje * / 00:01:05:010 / processingmodule(03) para pc(15)
Mensaje Y / 00:01:05:010 / pc(15) / out /      1.00000 para processingmodule(03)
Mensaje D / 00:01:05:010 / pc(15) / ... para processingmodule(03)
Mensaje X / 00:01:05:010 / processingmodule(03) / in_gas /      1.00000 para ccsc(14)
Mensaje D / 00:01:05:010 / ccsc(14) / 00:00:00:015 para processingmodule(03)
Mensaje D / 00:01:05:010 / processingmodule(03) / 00:00:00:015 para cruisecontrolsystem(02)
Mensaje D / 00:01:05:010 / cruisecontrolsystem(02) / 00:00:00:015 para top(01)
Mensaje D / 00:01:05:010 / top(01) / 00:00:00:015 para Root(00)
Mensaje * / 00:01:05:025 / Root(00) para top(01)
Mensaje * / 00:01:05:025 / top(01) para cruisecontrolsystem(02)
Mensaje * / 00:01:05:025 / cruisecontrolsystem(02) para processingmodule(03)
Mensaje * / 00:01:05:025 / processingmodule(03) para ccsc(14)
Mensaje Y / 00:01:05:025 / ccsc(14) / out_stop /      1.00000 para processingmodule(03)
Mensaje D / 00:01:05:025 / ccsc(14) / ... para processingmodule(03)
Mensaje Y / 00:01:05:025 / processingmodule(03) / outstop /      1.00000 para cruisecontrolsystem(02)
Mensaje D / 00:01:05:025 / processingmodule(03) / ... para cruisecontrolsystem(02)
Mensaje X / 00:01:05:025 / cruisecontrolsystem(02) / stp /      1.00000 para om(17)
Mensaje D / 00:01:05:025 / om(17) / 00:00:00:015 para cruisecontrolsystem(02)
Mensaje D / 00:01:05:025 / cruisecontrolsystem(02) / 00:00:00:015 para top(01)
Mensaje D / 00:01:05:025 / top(01) / 00:00:00:015 para Root(00)
Mensaje * / 00:01:05:040 / Root(00) para top(01)
Mensaje * / 00:01:05:040 / top(01) para cruisecontrolsystem(02)
Mensaje * / 00:01:05:040 / cruisecontrolsystem(02) para om(17)
Mensaje Y / 00:01:05:040 / om(17) / out /      0.00000 para cruisecontrolsystem(02)
Mensaje D / 00:01:05:040 / om(17) / ... para cruisecontrolsystem(02)
Mensaje Y / 00:01:05:040 / cruisecontrolsystem(02) / throttle /      0.00000 para top(01)
Mensaje D / 00:01:05:040 / cruisecontrolsystem(02) / ... para top(01)
Mensaje Y / 00:01:05:040 / top(01) / testthrottle /      0.00000 para Root(00)
Mensaje D / 00:01:05:040 / top(01) / ... para Root(00)
Mensaje X / 00:01:08:000 / Root(00) / testinspeedsensor /    118.00000 para top(01)
Mensaje X / 00:01:08:000 / top(01) / inspeed /    118.00000 para cruisecontrolsystem(02)
Mensaje X / 00:01:08:000 / cruisecontrolsystem(02) / inspeed /    118.00000 para processingmodule(03)
Mensaje X / 00:01:08:000 / processingmodule(03) / in_speed /    118.00000 para ccsc(14)
Mensaje D / 00:01:08:000 / ccsc(14) / 00:00:00:015 para processingmodule(03)
Mensaje D / 00:01:08:000 / processingmodule(03) / 00:00:00:015 para cruisecontrolsystem(02)
Mensaje D / 00:01:08:000 / cruisecontrolsystem(02) / 00:00:00:015 para top(01)
Mensaje D / 00:01:08:000 / top(01) / 00:00:00:015 para Root(00)
Mensaje * / 00:01:08:015 / Root(00) para top(01)
Mensaje * / 00:01:08:015 / top(01) para cruisecontrolsystem(02)
Mensaje * / 00:01:08:015 / cruisecontrolsystem(02) para processingmodule(03)
Mensaje * / 00:01:08:015 / processingmodule(03) para ccsc(14)
Mensaje D / 00:01:08:015 / ccsc(14) / ... para processingmodule(03)
Mensaje D / 00:01:08:015 / processingmodule(03) / ... para cruisecontrolsystem(02)
Mensaje D / 00:01:08:015 / cruisecontrolsystem(02) / ... para top(01)
Mensaje D / 00:01:08:015 / top(01) / ... para Root(00)
Mensaje X / 00:01:10:000 / Root(00) / testinbutton /      5.00000 para top(01)
Mensaje X / 00:01:10:000 / top(01) / inbutton /      5.00000 para cruisecontrolsystem(02)
Mensaje X / 00:01:10:000 / cruisecontrolsystem(02) / in_button /      5.00000 para bim(16)
Mensaje D / 00:01:10:000 / bim(16) / 00:00:00:010 para cruisecontrolsystem(02)
Mensaje D / 00:01:10:000 / cruisecontrolsystem(02) / 00:00:00:010 para top(01)
Mensaje D / 00:01:10:000 / top(01) / 00:00:00:010 para Root(00)
Mensaje * / 00:01:10:010 / Root(00) para top(01)
Mensaje * / 00:01:10:010 / top(01) para cruisecontrolsystem(02)
Mensaje * / 00:01:10:010 / cruisecontrolsystem(02) para bim(16)
Mensaje Y / 00:01:10:010 / bim(16) / out_dec /      1.00000 para cruisecontrolsystem(02)
Mensaje D / 00:01:10:010 / bim(16) / ... para cruisecontrolsystem(02)
Mensaje X / 00:01:10:010 / cruisecontrolsystem(02) / indec /      1.00000 para processingmodule(03)
Mensaje X / 00:01:10:010 / processingmodule(03) / indec /      1.00000 para buttoncontroller(05)
Mensaje X / 00:01:10:010 / buttoncontroller(05) / decin /      1.00000 para speedcontroller(07)
Mensaje X / 00:01:10:010 / speedcontroller(07) / in /      1.00000 para decq(09)
Mensaje D / 00:01:10:010 / decq(09) / 00:00:00:010 para speedcontroller(07)
Mensaje D / 00:01:10:010 / speedcontroller(07) / 00:00:00:010 para buttoncontroller(05)
Mensaje D / 00:01:10:010 / buttoncontroller(05) / 00:00:00:010 para processingmodule(03)
Mensaje D / 00:01:10:010 / processingmodule(03) / 00:00:00:010 para cruisecontrolsystem(02)
Mensaje D / 00:01:10:010 / cruisecontrolsystem(02) / 00:00:00:010 para top(01)
Mensaje D / 00:01:10:010 / top(01) / 00:00:00:010 para Root(00)
Mensaje * / 00:01:10:020 / Root(00) para top(01)
Mensaje * / 00:01:10:020 / top(01) para cruisecontrolsystem(02)
Mensaje * / 00:01:10:020 / cruisecontrolsystem(02) para processingmodule(03)
Mensaje * / 00:01:10:020 / processingmodule(03) para buttoncontroller(05)
Mensaje * / 00:01:10:020 / buttoncontroller(05) para speedcontroller(07)
Mensaje * / 00:01:10:020 / speedcontroller(07) para decq(09)
Mensaje Y / 00:01:10:020 / decq(09) / out /      1.00000 para speedcontroller(07)
Mensaje D / 00:01:10:020 / decq(09) / ... para speedcontroller(07)
Mensaje X / 00:01:10:020 / speedcontroller(07) / in /      1.00000 para dec(11)
Mensaje D / 00:01:10:020 / dec(11) / 00:00:00:015 para speedcontroller(07)
Mensaje D / 00:01:10:020 / speedcontroller(07) / 00:00:00:015 para buttoncontroller(05)
Mensaje D / 00:01:10:020 / buttoncontroller(05) / 00:00:00:015 para processingmodule(03)
Mensaje D / 00:01:10:020 / processingmodule(03) / 00:00:00:015 para cruisecontrolsystem(02)
Mensaje D / 00:01:10:020 / cruisecontrolsystem(02) / 00:00:00:015 para top(01)
Mensaje D / 00:01:10:020 / top(01) / 00:00:00:015 para Root(00)
Mensaje * / 00:01:10:035 / Root(00) para top(01)
Mensaje * / 00:01:10:035 / top(01) para cruisecontrolsystem(02)
Mensaje * / 00:01:10:035 / cruisecontrolsystem(02) para processingmodule(03)
Mensaje * / 00:01:10:035 / processingmodule(03) para buttoncontroller(05)
Mensaje * / 00:01:10:035 / buttoncontroller(05) para speedcontroller(07)
Mensaje * / 00:01:10:035 / speedcontroller(07) para dec(11)
Mensaje Y / 00:01:10:035 / dec(11) / out /      1.00000 para speedcontroller(07)
Mensaje D / 00:01:10:035 / dec(11) / ... para speedcontroller(07)
Mensaje Y / 00:01:10:035 / speedcontroller(07) / decout /      1.00000 para buttoncontroller(05)
Mensaje X / 00:01:10:035 / speedcontroller(07) / done /      1.00000 para decq(09)
Mensaje Y / 00:01:10:035 / buttoncontroller(05) / outdec /      1.00000 para processingmodule(03)
Mensaje D / 00:01:10:035 / decq(09) / ... para speedcontroller(07)
Mensaje X / 00:01:10:035 / processingmodule(03) / in_dec /      1.00000 para ccsc(14)
Mensaje D / 00:01:10:035 / speedcontroller(07) / ... para buttoncontroller(05)
Mensaje D / 00:01:10:035 / ccsc(14) / 00:00:00:015 para processingmodule(03)
Mensaje D / 00:01:10:035 / buttoncontroller(05) / ... para processingmodule(03)
Mensaje D / 00:01:10:035 / processingmodule(03) / 00:00:00:015 para cruisecontrolsystem(02)
Mensaje D / 00:01:10:035 / cruisecontrolsystem(02) / 00:00:00:015 para top(01)
Mensaje D / 00:01:10:035 / top(01) / 00:00:00:015 para Root(00)
Mensaje * / 00:01:10:050 / Root(00) para top(01)
Mensaje * / 00:01:10:050 / top(01) para cruisecontrolsystem(02)
Mensaje * / 00:01:10:050 / cruisecontrolsystem(02) para processingmodule(03)
Mensaje * / 00:01:10:050 / processingmodule(03) para ccsc(14)
Mensaje D / 00:01:10:050 / ccsc(14) / ... para processingmodule(03)
Mensaje D / 00:01:10:050 / processingmodule(03) / ... para cruisecontrolsystem(02)
Mensaje D / 00:01:10:050 / cruisecontrolsystem(02) / ... para top(01)
Mensaje D / 00:01:10:050 / top(01) / ... para Root(00)
Mensaje X / 00:01:11:000 / Root(00) / testinspeedsensor /    120.00000 para top(01)
Mensaje X / 00:01:11:000 / top(01) / inspeed /    120.00000 para cruisecontrolsystem(02)
Mensaje X / 00:01:11:000 / cruisecontrolsystem(02) / inspeed /    120.00000 para processingmodule(03)
Mensaje X / 00:01:11:000 / processingmodule(03) / in_speed /    120.00000 para ccsc(14)
Mensaje D / 00:01:11:000 / ccsc(14) / 00:00:00:015 para processingmodule(03)
Mensaje D / 00:01:11:000 / processingmodule(03) / 00:00:00:015 para cruisecontrolsystem(02)
Mensaje D / 00:01:11:000 / cruisecontrolsystem(02) / 00:00:00:015 para top(01)
Mensaje D / 00:01:11:000 / top(01) / 00:00:00:015 para Root(00)
Mensaje X / 00:01:11:000 / Root(00) / testinspeedsensor /    112.00000 para top(01)
Mensaje X / 00:01:11:000 / top(01) / inspeed /    112.00000 para cruisecontrolsystem(02)
Mensaje X / 00:01:11:000 / cruisecontrolsystem(02) / inspeed /    112.00000 para processingmodule(03)
Mensaje X / 00:01:11:000 / processingmodule(03) / in_speed /    112.00000 para ccsc(14)
Mensaje D / 00:01:11:000 / ccsc(14) / 00:00:00:015 para processingmodule(03)
Mensaje D / 00:01:11:000 / processingmodule(03) / 00:00:00:015 para cruisecontrolsystem(02)
Mensaje D / 00:01:11:000 / cruisecontrolsystem(02) / 00:00:00:015 para top(01)
Mensaje D / 00:01:11:000 / top(01) / 00:00:00:015 para Root(00)
Mensaje X / 00:01:11:000 / Root(00) / testinspeedsensor /    113.00000 para top(01)
Mensaje X / 00:01:11:000 / top(01) / inspeed /    113.00000 para cruisecontrolsystem(02)
Mensaje X / 00:01:11:000 / cruisecontrolsystem(02) / inspeed /    113.00000 para processingmodule(03)
Mensaje X / 00:01:11:000 / processingmodule(03) / in_speed /    113.00000 para ccsc(14)
Mensaje D / 00:01:11:000 / ccsc(14) / 00:00:00:015 para processingmodule(03)
Mensaje D / 00:01:11:000 / processingmodule(03) / 00:00:00:015 para cruisecontrolsystem(02)
Mensaje D / 00:01:11:000 / cruisecontrolsystem(02) / 00:00:00:015 para top(01)
Mensaje D / 00:01:11:000 / top(01) / 00:00:00:015 para Root(00)
Mensaje * / 00:01:11:015 / Root(00) para top(01)
Mensaje * / 00:01:11:015 / top(01) para cruisecontrolsystem(02)
Mensaje * / 00:01:11:015 / cruisecontrolsystem(02) para processingmodule(03)
Mensaje * / 00:01:11:015 / processingmodule(03) para ccsc(14)
Mensaje D / 00:01:11:015 / ccsc(14) / ... para processingmodule(03)
Mensaje D / 00:01:11:015 / processingmodule(03) / ... para cruisecontrolsystem(02)
Mensaje D / 00:01:11:015 / cruisecontrolsystem(02) / ... para top(01)
Mensaje D / 00:01:11:015 / top(01) / ... para Root(00)
Mensaje X / 00:01:20:000 / Root(00) / testinbutton /      6.00000 para top(01)
Mensaje X / 00:01:20:000 / top(01) / inbutton /      6.00000 para cruisecontrolsystem(02)
Mensaje X / 00:01:20:000 / cruisecontrolsystem(02) / in_button /      6.00000 para bim(16)
Mensaje D / 00:01:20:000 / bim(16) / 00:00:00:010 para cruisecontrolsystem(02)
Mensaje D / 00:01:20:000 / cruisecontrolsystem(02) / 00:00:00:010 para top(01)
Mensaje D / 00:01:20:000 / top(01) / 00:00:00:010 para Root(00)
Mensaje * / 00:01:20:010 / Root(00) para top(01)
Mensaje * / 00:01:20:010 / top(01) para cruisecontrolsystem(02)
Mensaje * / 00:01:20:010 / cruisecontrolsystem(02) para bim(16)
Mensaje Y / 00:01:20:010 / bim(16) / out_resume /      1.00000 para cruisecontrolsystem(02)
Mensaje D / 00:01:20:010 / bim(16) / ... para cruisecontrolsystem(02)
Mensaje X / 00:01:20:010 / cruisecontrolsystem(02) / inresume /      1.00000 para processingmodule(03)
Mensaje X / 00:01:20:010 / processingmodule(03) / inresume /      1.00000 para buttoncontroller(05)
Mensaje X / 00:01:20:010 / buttoncontroller(05) / in /      1.00000 para resume(13)
Mensaje D / 00:01:20:010 / resume(13) / 00:00:00:010 para buttoncontroller(05)
Mensaje D / 00:01:20:010 / buttoncontroller(05) / 00:00:00:010 para processingmodule(03)
Mensaje D / 00:01:20:010 / processingmodule(03) / 00:00:00:010 para cruisecontrolsystem(02)
Mensaje D / 00:01:20:010 / cruisecontrolsystem(02) / 00:00:00:010 para top(01)
Mensaje D / 00:01:20:010 / top(01) / 00:00:00:010 para Root(00)
Mensaje * / 00:01:20:020 / Root(00) para top(01)
Mensaje * / 00:01:20:020 / top(01) para cruisecontrolsystem(02)
Mensaje * / 00:01:20:020 / cruisecontrolsystem(02) para processingmodule(03)
Mensaje * / 00:01:20:020 / processingmodule(03) para buttoncontroller(05)
Mensaje * / 00:01:20:020 / buttoncontroller(05) para resume(13)
Mensaje Y / 00:01:20:020 / resume(13) / out /      1.00000 para buttoncontroller(05)
Mensaje D / 00:01:20:020 / resume(13) / ... para buttoncontroller(05)
Mensaje Y / 00:01:20:020 / buttoncontroller(05) / outresume /      1.00000 para processingmodule(03)
Mensaje D / 00:01:20:020 / buttoncontroller(05) / ... para processingmodule(03)
Mensaje X / 00:01:20:020 / processingmodule(03) / in_resume /      1.00000 para ccsc(14)
Mensaje D / 00:01:20:020 / ccsc(14) / 00:00:00:015 para processingmodule(03)
Mensaje D / 00:01:20:020 / processingmodule(03) / 00:00:00:015 para cruisecontrolsystem(02)
Mensaje D / 00:01:20:020 / cruisecontrolsystem(02) / 00:00:00:015 para top(01)
Mensaje D / 00:01:20:020 / top(01) / 00:00:00:015 para Root(00)
Mensaje * / 00:01:20:035 / Root(00) para top(01)
Mensaje * / 00:01:20:035 / top(01) para cruisecontrolsystem(02)
Mensaje * / 00:01:20:035 / cruisecontrolsystem(02) para processingmodule(03)
Mensaje * / 00:01:20:035 / processingmodule(03) para ccsc(14)
Mensaje D / 00:01:20:035 / ccsc(14) / ... para processingmodule(03)
Mensaje D / 00:01:20:035 / processingmodule(03) / ... para cruisecontrolsystem(02)
Mensaje D / 00:01:20:035 / cruisecontrolsystem(02) / ... para top(01)
Mensaje D / 00:01:20:035 / top(01) / ... para Root(00)
Mensaje X / 00:01:21:000 / Root(00) / testinspeedsensor /    110.00000 para top(01)
Mensaje X / 00:01:21:000 / top(01) / inspeed /    110.00000 para cruisecontrolsystem(02)
Mensaje X / 00:01:21:000 / cruisecontrolsystem(02) / inspeed /    110.00000 para processingmodule(03)
Mensaje X / 00:01:21:000 / processingmodule(03) / in_speed /    110.00000 para ccsc(14)
Mensaje D / 00:01:21:000 / ccsc(14) / 00:00:00:015 para processingmodule(03)
Mensaje D / 00:01:21:000 / processingmodule(03) / 00:00:00:015 para cruisecontrolsystem(02)
Mensaje D / 00:01:21:000 / cruisecontrolsystem(02) / 00:00:00:015 para top(01)
Mensaje D / 00:01:21:000 / top(01) / 00:00:00:015 para Root(00)
Mensaje * / 00:01:21:015 / Root(00) para top(01)
Mensaje * / 00:01:21:015 / top(01) para cruisecontrolsystem(02)
Mensaje * / 00:01:21:015 / cruisecontrolsystem(02) para processingmodule(03)
Mensaje * / 00:01:21:015 / processingmodule(03) para ccsc(14)
Mensaje D / 00:01:21:015 / ccsc(14) / ... para processingmodule(03)
Mensaje D / 00:01:21:015 / processingmodule(03) / ... para cruisecontrolsystem(02)
Mensaje D / 00:01:21:015 / cruisecontrolsystem(02) / ... para top(01)
Mensaje D / 00:01:21:015 / top(01) / ... para Root(00)
Mensaje X / 00:01:30:000 / Root(00) / testinbutton /      2.00000 para top(01)
Mensaje X / 00:01:30:000 / top(01) / inbutton /      2.00000 para cruisecontrolsystem(02)
Mensaje X / 00:01:30:000 / cruisecontrolsystem(02) / in_button /      2.00000 para bim(16)
Mensaje D / 00:01:30:000 / bim(16) / 00:00:00:010 para cruisecontrolsystem(02)
Mensaje D / 00:01:30:000 / cruisecontrolsystem(02) / 00:00:00:010 para top(01)
Mensaje D / 00:01:30:000 / top(01) / 00:00:00:010 para Root(00)
Mensaje * / 00:01:30:010 / Root(00) para top(01)
Mensaje * / 00:01:30:010 / top(01) para cruisecontrolsystem(02)
Mensaje * / 00:01:30:010 / cruisecontrolsystem(02) para bim(16)
Mensaje Y / 00:01:30:010 / bim(16) / out_off /      1.00000 para cruisecontrolsystem(02)
Mensaje D / 00:01:30:010 / bim(16) / ... para cruisecontrolsystem(02)
Mensaje X / 00:01:30:010 / cruisecontrolsystem(02) / inoff /      1.00000 para processingmodule(03)
Mensaje X / 00:01:30:010 / processingmodule(03) / inoff /      1.00000 para buttoncontroller(05)
Mensaje X / 00:01:30:010 / buttoncontroller(05) / inoff /      1.00000 para onoff(06)
Mensaje D / 00:01:30:010 / onoff(06) / 00:00:00:015 para buttoncontroller(05)
Mensaje D / 00:01:30:010 / buttoncontroller(05) / 00:00:00:015 para processingmodule(03)
Mensaje D / 00:01:30:010 / processingmodule(03) / 00:00:00:015 para cruisecontrolsystem(02)
Mensaje D / 00:01:30:010 / cruisecontrolsystem(02) / 00:00:00:015 para top(01)
Mensaje D / 00:01:30:010 / top(01) / 00:00:00:015 para Root(00)
Mensaje * / 00:01:30:025 / Root(00) para top(01)
Mensaje * / 00:01:30:025 / top(01) para cruisecontrolsystem(02)
Mensaje * / 00:01:30:025 / cruisecontrolsystem(02) para processingmodule(03)
Mensaje * / 00:01:30:025 / processingmodule(03) para buttoncontroller(05)
Mensaje * / 00:01:30:025 / buttoncontroller(05) para onoff(06)
Mensaje Y / 00:01:30:025 / onoff(06) / outoff /      1.00000 para buttoncontroller(05)
Mensaje D / 00:01:30:025 / onoff(06) / ... para buttoncontroller(05)
Mensaje Y / 00:01:30:025 / buttoncontroller(05) / outoff /      1.00000 para processingmodule(03)
Mensaje D / 00:01:30:025 / buttoncontroller(05) / ... para processingmodule(03)
Mensaje X / 00:01:30:025 / processingmodule(03) / in_turnedoff /      1.00000 para ccsc(14)
Mensaje D / 00:01:30:025 / ccsc(14) / 00:00:00:015 para processingmodule(03)
Mensaje D / 00:01:30:025 / processingmodule(03) / 00:00:00:015 para cruisecontrolsystem(02)
Mensaje D / 00:01:30:025 / cruisecontrolsystem(02) / 00:00:00:015 para top(01)
Mensaje D / 00:01:30:025 / top(01) / 00:00:00:015 para Root(00)
Mensaje * / 00:01:30:040 / Root(00) para top(01)
Mensaje * / 00:01:30:040 / top(01) para cruisecontrolsystem(02)
Mensaje * / 00:01:30:040 / cruisecontrolsystem(02) para processingmodule(03)
Mensaje * / 00:01:30:040 / processingmodule(03) para ccsc(14)
Mensaje Y / 00:01:30:040 / ccsc(14) / out_stop /      1.00000 para processingmodule(03)
Mensaje D / 00:01:30:040 / ccsc(14) / ... para processingmodule(03)
Mensaje Y / 00:01:30:040 / processingmodule(03) / outstop /      1.00000 para cruisecontrolsystem(02)
Mensaje D / 00:01:30:040 / processingmodule(03) / ... para cruisecontrolsystem(02)
Mensaje X / 00:01:30:040 / cruisecontrolsystem(02) / stp /      1.00000 para om(17)
Mensaje D / 00:01:30:040 / om(17) / 00:00:00:015 para cruisecontrolsystem(02)
Mensaje D / 00:01:30:040 / cruisecontrolsystem(02) / 00:00:00:015 para top(01)
Mensaje D / 00:01:30:040 / top(01) / 00:00:00:015 para Root(00)
Mensaje * / 00:01:30:055 / Root(00) para top(01)
Mensaje * / 00:01:30:055 / top(01) para cruisecontrolsystem(02)
Mensaje * / 00:01:30:055 / cruisecontrolsystem(02) para om(17)
Mensaje Y / 00:01:30:055 / om(17) / out /      0.00000 para cruisecontrolsystem(02)
Mensaje D / 00:01:30:055 / om(17) / ... para cruisecontrolsystem(02)
Mensaje Y / 00:01:30:055 / cruisecontrolsystem(02) / throttle /      0.00000 para top(01)
Mensaje D / 00:01:30:055 / cruisecontrolsystem(02) / ... para top(01)
Mensaje Y / 00:01:30:055 / top(01) / testthrottle /      0.00000 para Root(00)
Mensaje D / 00:01:30:055 / top(01) / ... para Root(00)
