Mensaje I / 00:00:00:000 / Root(00) para top(01)
Mensaje I / 00:00:00:000 / top(01) para incr(02)
Mensaje D / 00:00:00:000 / incr(02) / ... para top(01)
Mensaje D / 00:00:00:000 / top(01) / ... para Root(00)
Mensaje X / 00:00:10:000 / Root(00) / testin /      1.00000 para top(01)
Mensaje X / 00:00:10:000 / top(01) / in /      1.00000 para incr(02)
Mensaje D / 00:00:10:000 / incr(02) / 00:00:00:010 para top(01)
Mensaje D / 00:00:10:000 / top(01) / 00:00:00:010 para Root(00)
Mensaje * / 00:00:10:010 / Root(00) para top(01)
Mensaje * / 00:00:10:010 / top(01) para incr(02)
Mensaje Y / 00:00:10:010 / incr(02) / out /      1.00000 para top(01)
Mensaje D / 00:00:10:010 / incr(02) / ... para top(01)
Mensaje Y / 00:00:10:010 / top(01) / testout /      1.00000 para Root(00)
Mensaje D / 00:00:10:010 / top(01) / ... para Root(00)
Mensaje X / 00:00:30:000 / Root(00) / testin /      1.00000 para top(01)
Mensaje X / 00:00:30:000 / top(01) / in /      1.00000 para incr(02)
Mensaje D / 00:00:30:000 / incr(02) / 00:00:00:010 para top(01)
Mensaje D / 00:00:30:000 / top(01) / 00:00:00:010 para Root(00)
Mensaje X / 00:00:30:005 / Root(00) / testin /      1.00000 para top(01)
Mensaje X / 00:00:30:005 / top(01) / in /      1.00000 para incr(02)
Mensaje D / 00:00:30:005 / incr(02) / 00:00:00:005 para top(01)
Mensaje D / 00:00:30:005 / top(01) / 00:00:00:005 para Root(00)
Mensaje * / 00:00:30:010 / Root(00) para top(01)
Mensaje * / 00:00:30:010 / top(01) para incr(02)
Mensaje Y / 00:00:30:010 / incr(02) / out /      1.00000 para top(01)
Mensaje D / 00:00:30:010 / incr(02) / ... para top(01)
Mensaje Y / 00:00:30:010 / top(01) / testout /      1.00000 para Root(00)
Mensaje D / 00:00:30:010 / top(01) / ... para Root(00)
Mensaje X / 00:00:50:000 / Root(00) / testin /      1.00000 para top(01)
Mensaje X / 00:00:50:000 / top(01) / in /      1.00000 para incr(02)
Mensaje D / 00:00:50:000 / incr(02) / 00:00:00:010 para top(01)
Mensaje D / 00:00:50:000 / top(01) / 00:00:00:010 para Root(00)
Mensaje * / 00:00:50:010 / Root(00) para top(01)
Mensaje * / 00:00:50:010 / top(01) para incr(02)
Mensaje Y / 00:00:50:010 / incr(02) / out /      1.00000 para top(01)
Mensaje D / 00:00:50:010 / incr(02) / ... para top(01)
Mensaje Y / 00:00:50:010 / top(01) / testout /      1.00000 para Root(00)
Mensaje D / 00:00:50:010 / top(01) / ... para Root(00)
