Mensaje I / 00:00:00:000 / Root(00) para top(01)
Mensaje I / 00:00:00:000 / top(01) para onoff(02)
Mensaje D / 00:00:00:000 / onoff(02) / ... para top(01)
Mensaje D / 00:00:00:000 / top(01) / ... para Root(00)
Mensaje X / 00:00:10:000 / Root(00) / testonin /      1.00000 para top(01)
Mensaje X / 00:00:10:000 / top(01) / inon /      1.00000 para onoff(02)
Mensaje D / 00:00:10:000 / onoff(02) / 00:00:00:010 para top(01)
Mensaje D / 00:00:10:000 / top(01) / 00:00:00:010 para Root(00)
Mensaje * / 00:00:10:010 / Root(00) para top(01)
Mensaje * / 00:00:10:010 / top(01) para onoff(02)
Mensaje Y / 00:00:10:010 / onoff(02) / outon /      1.00000 para top(01)
Mensaje D / 00:00:10:010 / onoff(02) / ... para top(01)
Mensaje Y / 00:00:10:010 / top(01) / testonout /      1.00000 para Root(00)
Mensaje D / 00:00:10:010 / top(01) / ... para Root(00)
Mensaje X / 00:00:20:000 / Root(00) / testoffin /      1.00000 para top(01)
Mensaje X / 00:00:20:000 / top(01) / inoff /      1.00000 para onoff(02)
Mensaje D / 00:00:20:000 / onoff(02) / 00:00:00:010 para top(01)
Mensaje D / 00:00:20:000 / top(01) / 00:00:00:010 para Root(00)
Mensaje * / 00:00:20:010 / Root(00) para top(01)
Mensaje * / 00:00:20:010 / top(01) para onoff(02)
Mensaje Y / 00:00:20:010 / onoff(02) / outoff /      1.00000 para top(01)
Mensaje D / 00:00:20:010 / onoff(02) / ... para top(01)
Mensaje Y / 00:00:20:010 / top(01) / testoffout /      1.00000 para Root(00)
Mensaje D / 00:00:20:010 / top(01) / ... para Root(00)
Mensaje X / 00:00:30:000 / Root(00) / testonin /      1.00000 para top(01)
Mensaje X / 00:00:30:000 / top(01) / inon /      1.00000 para onoff(02)
Mensaje D / 00:00:30:000 / onoff(02) / 00:00:00:010 para top(01)
Mensaje D / 00:00:30:000 / top(01) / 00:00:00:010 para Root(00)
Mensaje * / 00:00:30:010 / Root(00) para top(01)
Mensaje * / 00:00:30:010 / top(01) para onoff(02)
Mensaje Y / 00:00:30:010 / onoff(02) / outon /      1.00000 para top(01)
Mensaje D / 00:00:30:010 / onoff(02) / ... para top(01)
Mensaje Y / 00:00:30:010 / top(01) / testonout /      1.00000 para Root(00)
Mensaje D / 00:00:30:010 / top(01) / ... para Root(00)
Mensaje X / 00:00:40:000 / Root(00) / testonin /      1.00000 para top(01)
Mensaje X / 00:00:40:000 / top(01) / inon /      1.00000 para onoff(02)
Mensaje D / 00:00:40:000 / onoff(02) / ... para top(01)
Mensaje D / 00:00:40:000 / top(01) / ... para Root(00)
Mensaje X / 00:00:50:000 / Root(00) / testoffin /      1.00000 para top(01)
Mensaje X / 00:00:50:000 / top(01) / inoff /      1.00000 para onoff(02)
Mensaje D / 00:00:50:000 / onoff(02) / 00:00:00:010 para top(01)
Mensaje D / 00:00:50:000 / top(01) / 00:00:00:010 para Root(00)
Mensaje * / 00:00:50:010 / Root(00) para top(01)
Mensaje * / 00:00:50:010 / top(01) para onoff(02)
Mensaje Y / 00:00:50:010 / onoff(02) / outoff /      1.00000 para top(01)
Mensaje D / 00:00:50:010 / onoff(02) / ... para top(01)
Mensaje Y / 00:00:50:010 / top(01) / testoffout /      1.00000 para Root(00)
Mensaje D / 00:00:50:010 / top(01) / ... para Root(00)
Mensaje X / 00:01:00:000 / Root(00) / testonin /      1.00000 para top(01)
Mensaje X / 00:01:00:000 / top(01) / inon /      1.00000 para onoff(02)
Mensaje D / 00:01:00:000 / onoff(02) / 00:00:00:010 para top(01)
Mensaje D / 00:01:00:000 / top(01) / 00:00:00:010 para Root(00)
Mensaje X / 00:01:00:005 / Root(00) / testoffin /      1.00000 para top(01)
Mensaje X / 00:01:00:005 / top(01) / inoff /      1.00000 para onoff(02)
Mensaje D / 00:01:00:005 / onoff(02) / 00:00:00:005 para top(01)
Mensaje D / 00:01:00:005 / top(01) / 00:00:00:005 para Root(00)
Mensaje * / 00:01:00:010 / Root(00) para top(01)
Mensaje * / 00:01:00:010 / top(01) para onoff(02)
Mensaje Y / 00:01:00:010 / onoff(02) / outon /      1.00000 para top(01)
Mensaje D / 00:01:00:010 / onoff(02) / ... para top(01)
Mensaje Y / 00:01:00:010 / top(01) / testonout /      1.00000 para Root(00)
Mensaje D / 00:01:00:010 / top(01) / ... para Root(00)
Mensaje X / 00:01:10:000 / Root(00) / testonin /      1.00000 para top(01)
Mensaje X / 00:01:10:000 / top(01) / inon /      1.00000 para onoff(02)
Mensaje D / 00:01:10:000 / onoff(02) / ... para top(01)
Mensaje D / 00:01:10:000 / top(01) / ... para Root(00)
