Mensaje I / 00:00:00:000 / Root(00) para top(01)
Mensaje I / 00:00:00:000 / top(01) para om(02)
Mensaje D / 00:00:00:000 / om(02) / ... para top(01)
Mensaje D / 00:00:00:000 / top(01) / ... para Root(00)
Mensaje X / 00:00:10:000 / Root(00) / testinc /      1.00000 para top(01)
Mensaje X / 00:00:10:000 / top(01) / inc /      1.00000 para om(02)
Mensaje D / 00:00:10:000 / om(02) / 00:00:00:010 para top(01)
Mensaje D / 00:00:10:000 / top(01) / 00:00:00:010 para Root(00)
Mensaje * / 00:00:10:010 / Root(00) para top(01)
Mensaje * / 00:00:10:010 / top(01) para om(02)
Mensaje Y / 00:00:10:010 / om(02) / out /      1.00000 para top(01)
Mensaje D / 00:00:10:010 / om(02) / ... para top(01)
Mensaje Y / 00:00:10:010 / top(01) / testthrottle /      1.00000 para Root(00)
Mensaje D / 00:00:10:010 / top(01) / ... para Root(00)
Mensaje X / 00:00:20:000 / Root(00) / testdec /      1.00000 para top(01)
Mensaje X / 00:00:20:000 / top(01) / dec /      1.00000 para om(02)
Mensaje D / 00:00:20:000 / om(02) / 00:00:00:015 para top(01)
Mensaje D / 00:00:20:000 / top(01) / 00:00:00:015 para Root(00)
Mensaje * / 00:00:20:015 / Root(00) para top(01)
Mensaje * / 00:00:20:015 / top(01) para om(02)
Mensaje Y / 00:00:20:015 / om(02) / out /     -1.00000 para top(01)
Mensaje D / 00:00:20:015 / om(02) / ... para top(01)
Mensaje Y / 00:00:20:015 / top(01) / testthrottle /     -1.00000 para Root(00)
Mensaje D / 00:00:20:015 / top(01) / ... para Root(00)
Mensaje X / 00:00:30:000 / Root(00) / teststp /      1.00000 para top(01)
Mensaje X / 00:00:30:000 / top(01) / stp /      1.00000 para om(02)
Mensaje D / 00:00:30:000 / om(02) / 00:00:00:020 para top(01)
Mensaje D / 00:00:30:000 / top(01) / 00:00:00:020 para Root(00)
Mensaje * / 00:00:30:020 / Root(00) para top(01)
Mensaje * / 00:00:30:020 / top(01) para om(02)
Mensaje Y / 00:00:30:020 / om(02) / out /      0.00000 para top(01)
Mensaje D / 00:00:30:020 / om(02) / ... para top(01)
Mensaje Y / 00:00:30:020 / top(01) / testthrottle /      0.00000 para Root(00)
Mensaje D / 00:00:30:020 / top(01) / ... para Root(00)
Mensaje X / 00:00:40:000 / Root(00) / testdec /      1.00000 para top(01)
Mensaje X / 00:00:40:000 / top(01) / dec /      1.00000 para om(02)
Mensaje D / 00:00:40:000 / om(02) / 00:00:00:015 para top(01)
Mensaje D / 00:00:40:000 / top(01) / 00:00:00:015 para Root(00)
Mensaje * / 00:00:40:015 / Root(00) para top(01)
Mensaje * / 00:00:40:015 / top(01) para om(02)
Mensaje Y / 00:00:40:015 / om(02) / out /     -1.00000 para top(01)
Mensaje D / 00:00:40:015 / om(02) / ... para top(01)
Mensaje Y / 00:00:40:015 / top(01) / testthrottle /     -1.00000 para Root(00)
Mensaje D / 00:00:40:015 / top(01) / ... para Root(00)
Mensaje X / 00:00:50:000 / Root(00) / teststp /      1.00000 para top(01)
Mensaje X / 00:00:50:000 / top(01) / stp /      1.00000 para om(02)
Mensaje D / 00:00:50:000 / om(02) / 00:00:00:020 para top(01)
Mensaje D / 00:00:50:000 / top(01) / 00:00:00:020 para Root(00)
Mensaje * / 00:00:50:020 / Root(00) para top(01)
Mensaje * / 00:00:50:020 / top(01) para om(02)
Mensaje Y / 00:00:50:020 / om(02) / out /      0.00000 para top(01)
Mensaje D / 00:00:50:020 / om(02) / ... para top(01)
Mensaje Y / 00:00:50:020 / top(01) / testthrottle /      0.00000 para Root(00)
Mensaje D / 00:00:50:020 / top(01) / ... para Root(00)
Mensaje X / 00:01:00:000 / Root(00) / testinc /      1.00000 para top(01)
Mensaje X / 00:01:00:000 / top(01) / inc /      1.00000 para om(02)
Mensaje D / 00:01:00:000 / om(02) / 00:00:00:010 para top(01)
Mensaje D / 00:01:00:000 / top(01) / 00:00:00:010 para Root(00)
Mensaje * / 00:01:00:010 / Root(00) para top(01)
Mensaje * / 00:01:00:010 / top(01) para om(02)
Mensaje Y / 00:01:00:010 / om(02) / out /      1.00000 para top(01)
Mensaje D / 00:01:00:010 / om(02) / ... para top(01)
Mensaje Y / 00:01:00:010 / top(01) / testthrottle /      1.00000 para Root(00)
Mensaje D / 00:01:00:010 / top(01) / ... para Root(00)
