Mensaje I / 00:00:00:000 / Root(00) para top(01)
Mensaje I / 00:00:00:000 / top(01) para processingmodule(02)
Mensaje I / 00:00:00:000 / processingmodule(02) para brc(03)
Mensaje I / 00:00:00:000 / processingmodule(02) para buttoncontroller(04)
Mensaje I / 00:00:00:000 / processingmodule(02) para ccsc(13)
Mensaje I / 00:00:00:000 / processingmodule(02) para pc(14)
Mensaje D / 00:00:00:000 / brc(03) / ... para processingmodule(02)
Mensaje I / 00:00:00:000 / buttoncontroller(04) para onoff(05)
Mensaje I / 00:00:00:000 / buttoncontroller(04) para speedcontroller(06)
Mensaje I / 00:00:00:000 / buttoncontroller(04) para set(11)
Mensaje I / 00:00:00:000 / buttoncontroller(04) para resume(12)
Mensaje D / 00:00:00:000 / ccsc(13) / ... para processingmodule(02)
Mensaje D / 00:00:00:000 / pc(14) / ... para processingmodule(02)
Mensaje D / 00:00:00:000 / onoff(05) / ... para buttoncontroller(04)
Mensaje I / 00:00:00:000 / speedcontroller(06) para accq(07)
Mensaje I / 00:00:00:000 / speedcontroller(06) para decq(08)
Mensaje I / 00:00:00:000 / speedcontroller(06) para inc(09)
Mensaje I / 00:00:00:000 / speedcontroller(06) para dec(10)
Mensaje D / 00:00:00:000 / set(11) / ... para buttoncontroller(04)
Mensaje D / 00:00:00:000 / resume(12) / ... para buttoncontroller(04)
Mensaje D / 00:00:00:000 / accq(07) / ... para speedcontroller(06)
Mensaje D / 00:00:00:000 / decq(08) / ... para speedcontroller(06)
Mensaje D / 00:00:00:000 / inc(09) / ... para speedcontroller(06)
Mensaje D / 00:00:00:000 / dec(10) / ... para speedcontroller(06)
Mensaje D / 00:00:00:000 / speedcontroller(06) / ... para buttoncontroller(04)
Mensaje D / 00:00:00:000 / buttoncontroller(04) / ... para processingmodule(02)
Mensaje D / 00:00:00:000 / processingmodule(02) / ... para top(01)
Mensaje D / 00:00:00:000 / top(01) / ... para Root(00)
Mensaje X / 00:00:10:000 / Root(00) / testinon /      1.00000 para top(01)
Mensaje X / 00:00:10:000 / top(01) / inon /      1.00000 para processingmodule(02)
Mensaje X / 00:00:10:000 / processingmodule(02) / inon /      1.00000 para buttoncontroller(04)
Mensaje X / 00:00:10:000 / buttoncontroller(04) / inon /      1.00000 para onoff(05)
Mensaje D / 00:00:10:000 / onoff(05) / 00:00:00:015 para buttoncontroller(04)
Mensaje D / 00:00:10:000 / buttoncontroller(04) / 00:00:00:015 para processingmodule(02)
Mensaje D / 00:00:10:000 / processingmodule(02) / 00:00:00:015 para top(01)
Mensaje D / 00:00:10:000 / top(01) / 00:00:00:015 para Root(00)
Mensaje * / 00:00:10:015 / Root(00) para top(01)
Mensaje * / 00:00:10:015 / top(01) para processingmodule(02)
Mensaje * / 00:00:10:015 / processingmodule(02) para buttoncontroller(04)
Mensaje * / 00:00:10:015 / buttoncontroller(04) para onoff(05)
Mensaje Y / 00:00:10:015 / onoff(05) / outon /      1.00000 para buttoncontroller(04)
Mensaje D / 00:00:10:015 / onoff(05) / ... para buttoncontroller(04)
Mensaje Y / 00:00:10:015 / buttoncontroller(04) / outon /      1.00000 para processingmodule(02)
Mensaje D / 00:00:10:015 / buttoncontroller(04) / ... para processingmodule(02)
Mensaje X / 00:00:10:015 / processingmodule(02) / in_turnedon /      1.00000 para ccsc(13)
Mensaje D / 00:00:10:015 / ccsc(13) / 00:00:00:015 para processingmodule(02)
Mensaje D / 00:00:10:015 / processingmodule(02) / 00:00:00:015 para top(01)
Mensaje D / 00:00:10:015 / top(01) / 00:00:00:015 para Root(00)
Mensaje * / 00:00:10:030 / Root(00) para top(01)
Mensaje * / 00:00:10:030 / top(01) para processingmodule(02)
Mensaje * / 00:00:10:030 / processingmodule(02) para ccsc(13)
Mensaje D / 00:00:10:030 / ccsc(13) / ... para processingmodule(02)
Mensaje D / 00:00:10:030 / processingmodule(02) / ... para top(01)
Mensaje D / 00:00:10:030 / top(01) / ... para Root(00)
Mensaje X / 00:00:11:000 / Root(00) / testinspeed /    100.00000 para top(01)
Mensaje X / 00:00:11:000 / top(01) / inspeed /    100.00000 para processingmodule(02)
Mensaje X / 00:00:11:000 / processingmodule(02) / in_speed /    100.00000 para ccsc(13)
Mensaje D / 00:00:11:000 / ccsc(13) / 00:00:00:015 para processingmodule(02)
Mensaje D / 00:00:11:000 / processingmodule(02) / 00:00:00:015 para top(01)
Mensaje D / 00:00:11:000 / top(01) / 00:00:00:015 para Root(00)
Mensaje * / 00:00:11:015 / Root(00) para top(01)
Mensaje * / 00:00:11:015 / top(01) para processingmodule(02)
Mensaje * / 00:00:11:015 / processingmodule(02) para ccsc(13)
Mensaje D / 00:00:11:015 / ccsc(13) / ... para processingmodule(02)
Mensaje D / 00:00:11:015 / processingmodule(02) / ... para top(01)
Mensaje D / 00:00:11:015 / top(01) / ... para Root(00)
Mensaje X / 00:00:20:000 / Root(00) / testinset /      1.00000 para top(01)
Mensaje X / 00:00:20:000 / top(01) / inset /      1.00000 para processingmodule(02)
Mensaje X / 00:00:20:000 / processingmodule(02) / inset /      1.00000 para buttoncontroller(04)
Mensaje X / 00:00:20:000 / buttoncontroller(04) / in /      1.00000 para set(11)
Mensaje D / 00:00:20:000 / set(11) / 00:00:00:010 para buttoncontroller(04)
Mensaje D / 00:00:20:000 / buttoncontroller(04) / 00:00:00:010 para processingmodule(02)
Mensaje D / 00:00:20:000 / processingmodule(02) / 00:00:00:010 para top(01)
Mensaje D / 00:00:20:000 / top(01) / 00:00:00:010 para Root(00)
Mensaje * / 00:00:20:010 / Root(00) para top(01)
Mensaje * / 00:00:20:010 / top(01) para processingmodule(02)
Mensaje * / 00:00:20:010 / processingmodule(02) para buttoncontroller(04)
Mensaje * / 00:00:20:010 / buttoncontroller(04) para set(11)
Mensaje Y / 00:00:20:010 / set(11) / out /      1.00000 para buttoncontroller(04)
Mensaje D / 00:00:20:010 / set(11) / ... para buttoncontroller(04)
Mensaje Y / 00:00:20:010 / buttoncontroller(04) / outset /      1.00000 para processingmodule(02)
Mensaje D / 00:00:20:010 / buttoncontroller(04) / ... para processingmodule(02)
Mensaje X / 00:00:20:010 / processingmodule(02) / in_set /      1.00000 para ccsc(13)
Mensaje D / 00:00:20:010 / ccsc(13) / 00:00:00:015 para processingmodule(02)
Mensaje D / 00:00:20:010 / processingmodule(02) / 00:00:00:015 para top(01)
Mensaje D / 00:00:20:010 / top(01) / 00:00:00:015 para Root(00)
Mensaje * / 00:00:20:025 / Root(00) para top(01)
Mensaje * / 00:00:20:025 / top(01) para processingmodule(02)
Mensaje * / 00:00:20:025 / processingmodule(02) para ccsc(13)
Mensaje D / 00:00:20:025 / ccsc(13) / ... para processingmodule(02)
Mensaje D / 00:00:20:025 / processingmodule(02) / ... para top(01)
Mensaje D / 00:00:20:025 / top(01) / ... para Root(00)
Mensaje X / 00:00:21:000 / Root(00) / testinspeed /    110.00000 para top(01)
Mensaje X / 00:00:21:000 / top(01) / inspeed /    110.00000 para processingmodule(02)
Mensaje X / 00:00:21:000 / processingmodule(02) / in_speed /    110.00000 para ccsc(13)
Mensaje D / 00:00:21:000 / ccsc(13) / 00:00:00:015 para processingmodule(02)
Mensaje D / 00:00:21:000 / processingmodule(02) / 00:00:00:015 para top(01)
Mensaje D / 00:00:21:000 / top(01) / 00:00:00:015 para Root(00)
Mensaje * / 00:00:21:015 / Root(00) para top(01)
Mensaje * / 00:00:21:015 / top(01) para processingmodule(02)
Mensaje * / 00:00:21:015 / processingmodule(02) para ccsc(13)
Mensaje Y / 00:00:21:015 / ccsc(13) / out_dec /      1.00000 para processingmodule(02)
Mensaje D / 00:00:21:015 / ccsc(13) / ... para processingmodule(02)
Mensaje Y / 00:00:21:015 / processingmodule(02) / outdec /      1.00000 para top(01)
Mensaje D / 00:00:21:015 / processingmodule(02) / ... para top(01)
Mensaje Y / 00:00:21:015 / top(01) / testoutdec /      1.00000 para Root(00)
Mensaje D / 00:00:21:015 / top(01) / ... para Root(00)
Mensaje X / 00:00:30:000 / Root(00) / testinacc /      1.00000 para top(01)
Mensaje X / 00:00:30:000 / top(01) / inacc /      1.00000 para processingmodule(02)
Mensaje X / 00:00:30:000 / processingmodule(02) / inacc /      1.00000 para buttoncontroller(04)
Mensaje X / 00:00:30:000 / buttoncontroller(04) / accin /      1.00000 para speedcontroller(06)
Mensaje X / 00:00:30:000 / speedcontroller(06) / in /      1.00000 para accq(07)
Mensaje D / 00:00:30:000 / accq(07) / 00:00:00:010 para speedcontroller(06)
Mensaje D / 00:00:30:000 / speedcontroller(06) / 00:00:00:010 para buttoncontroller(04)
Mensaje D / 00:00:30:000 / buttoncontroller(04) / 00:00:00:010 para processingmodule(02)
Mensaje D / 00:00:30:000 / processingmodule(02) / 00:00:00:010 para top(01)
Mensaje D / 00:00:30:000 / top(01) / 00:00:00:010 para Root(00)
Mensaje * / 00:00:30:010 / Root(00) para top(01)
Mensaje * / 00:00:30:010 / top(01) para processingmodule(02)
Mensaje * / 00:00:30:010 / processingmodule(02) para buttoncontroller(04)
Mensaje * / 00:00:30:010 / buttoncontroller(04) para speedcontroller(06)
Mensaje * / 00:00:30:010 / speedcontroller(06) para accq(07)
Mensaje Y / 00:00:30:010 / accq(07) / out /      1.00000 para speedcontroller(06)
Mensaje D / 00:00:30:010 / accq(07) / ... para speedcontroller(06)
Mensaje X / 00:00:30:010 / speedcontroller(06) / in /      1.00000 para inc(09)
Mensaje D / 00:00:30:010 / inc(09) / 00:00:00:015 para speedcontroller(06)
Mensaje D / 00:00:30:010 / speedcontroller(06) / 00:00:00:015 para buttoncontroller(04)
Mensaje D / 00:00:30:010 / buttoncontroller(04) / 00:00:00:015 para processingmodule(02)
Mensaje D / 00:00:30:010 / processingmodule(02) / 00:00:00:015 para top(01)
Mensaje D / 00:00:30:010 / top(01) / 00:00:00:015 para Root(00)
Mensaje * / 00:00:30:025 / Root(00) para top(01)
Mensaje * / 00:00:30:025 / top(01) para processingmodule(02)
Mensaje * / 00:00:30:025 / processingmodule(02) para buttoncontroller(04)
Mensaje * / 00:00:30:025 / buttoncontroller(04) para speedcontroller(06)
Mensaje * / 00:00:30:025 / speedcontroller(06) para inc(09)
Mensaje Y / 00:00:30:025 / inc(09) / out /      1.00000 para speedcontroller(06)
Mensaje D / 00:00:30:025 / inc(09) / ... para speedcontroller(06)
Mensaje Y / 00:00:30:025 / speedcontroller(06) / incout /      1.00000 para buttoncontroller(04)
Mensaje X / 00:00:30:025 / speedcontroller(06) / done /      1.00000 para accq(07)
Mensaje Y / 00:00:30:025 / buttoncontroller(04) / outacc /      1.00000 para processingmodule(02)
Mensaje D / 00:00:30:025 / accq(07) / ... para speedcontroller(06)
Mensaje X / 00:00:30:025 / processingmodule(02) / in_inc /      1.00000 para ccsc(13)
Mensaje D / 00:00:30:025 / speedcontroller(06) / ... para buttoncontroller(04)
Mensaje D / 00:00:30:025 / ccsc(13) / 00:00:00:015 para processingmodule(02)
Mensaje D / 00:00:30:025 / buttoncontroller(04) / ... para processingmodule(02)
Mensaje D / 00:00:30:025 / processingmodule(02) / 00:00:00:015 para top(01)
Mensaje D / 00:00:30:025 / top(01) / 00:00:00:015 para Root(00)
Mensaje * / 00:00:30:040 / Root(00) para top(01)
Mensaje * / 00:00:30:040 / top(01) para processingmodule(02)
Mensaje * / 00:00:30:040 / processingmodule(02) para ccsc(13)
Mensaje Y / 00:00:30:040 / ccsc(13) / out_dec /      1.00000 para processingmodule(02)
Mensaje D / 00:00:30:040 / ccsc(13) / ... para processingmodule(02)
Mensaje Y / 00:00:30:040 / processingmodule(02) / outdec /      1.00000 para top(01)
Mensaje D / 00:00:30:040 / processingmodule(02) / ... para top(01)
Mensaje Y / 00:00:30:040 / top(01) / testoutdec /      1.00000 para Root(00)
Mensaje D / 00:00:30:040 / top(01) / ... para Root(00)
Mensaje X / 00:00:31:000 / Root(00) / testinspeed /    120.00000 para top(01)
Mensaje X / 00:00:31:000 / top(01) / inspeed /    120.00000 para processingmodule(02)
Mensaje X / 00:00:31:000 / processingmodule(02) / in_speed /    120.00000 para ccsc(13)
Mensaje D / 00:00:31:000 / ccsc(13) / 00:00:00:015 para processingmodule(02)
Mensaje D / 00:00:31:000 / processingmodule(02) / 00:00:00:015 para top(01)
Mensaje D / 00:00:31:000 / top(01) / 00:00:00:015 para Root(00)
Mensaje * / 00:00:31:015 / Root(00) para top(01)
Mensaje * / 00:00:31:015 / top(01) para processingmodule(02)
Mensaje * / 00:00:31:015 / processingmodule(02) para ccsc(13)
Mensaje Y / 00:00:31:015 / ccsc(13) / out_dec /      1.00000 para processingmodule(02)
Mensaje D / 00:00:31:015 / ccsc(13) / ... para processingmodule(02)
Mensaje Y / 00:00:31:015 / processingmodule(02) / outdec /      1.00000 para top(01)
Mensaje D / 00:00:31:015 / processingmodule(02) / ... para top(01)
Mensaje Y / 00:00:31:015 / top(01) / testoutdec /      1.00000 para Root(00)
Mensaje D / 00:00:31:015 / top(01) / ... para Root(00)
Mensaje X / 00:00:40:000 / Root(00) / testinacc /      1.00000 para top(01)
Mensaje X / 00:00:40:000 / top(01) / inacc /      1.00000 para processingmodule(02)
Mensaje X / 00:00:40:000 / processingmodule(02) / inacc /      1.00000 para buttoncontroller(04)
Mensaje X / 00:00:40:000 / buttoncontroller(04) / accin /      1.00000 para speedcontroller(06)
Mensaje X / 00:00:40:000 / speedcontroller(06) / in /      1.00000 para accq(07)
Mensaje D / 00:00:40:000 / accq(07) / 00:00:00:010 para speedcontroller(06)
Mensaje D / 00:00:40:000 / speedcontroller(06) / 00:00:00:010 para buttoncontroller(04)
Mensaje D / 00:00:40:000 / buttoncontroller(04) / 00:00:00:010 para processingmodule(02)
Mensaje D / 00:00:40:000 / processingmodule(02) / 00:00:00:010 para top(01)
Mensaje D / 00:00:40:000 / top(01) / 00:00:00:010 para Root(00)
Mensaje * / 00:00:40:010 / Root(00) para top(01)
Mensaje * / 00:00:40:010 / top(01) para processingmodule(02)
Mensaje * / 00:00:40:010 / processingmodule(02) para buttoncontroller(04)
Mensaje * / 00:00:40:010 / buttoncontroller(04) para speedcontroller(06)
Mensaje * / 00:00:40:010 / speedcontroller(06) para accq(07)
Mensaje Y / 00:00:40:010 / accq(07) / out /      1.00000 para speedcontroller(06)
Mensaje D / 00:00:40:010 / accq(07) / ... para speedcontroller(06)
Mensaje X / 00:00:40:010 / speedcontroller(06) / in /      1.00000 para inc(09)
Mensaje D / 00:00:40:010 / inc(09) / 00:00:00:015 para speedcontroller(06)
Mensaje D / 00:00:40:010 / speedcontroller(06) / 00:00:00:015 para buttoncontroller(04)
Mensaje D / 00:00:40:010 / buttoncontroller(04) / 00:00:00:015 para processingmodule(02)
Mensaje D / 00:00:40:010 / processingmodule(02) / 00:00:00:015 para top(01)
Mensaje D / 00:00:40:010 / top(01) / 00:00:00:015 para Root(00)
Mensaje * / 00:00:40:025 / Root(00) para top(01)
Mensaje * / 00:00:40:025 / top(01) para processingmodule(02)
Mensaje * / 00:00:40:025 / processingmodule(02) para buttoncontroller(04)
Mensaje * / 00:00:40:025 / buttoncontroller(04) para speedcontroller(06)
Mensaje * / 00:00:40:025 / speedcontroller(06) para inc(09)
Mensaje Y / 00:00:40:025 / inc(09) / out /      1.00000 para speedcontroller(06)
Mensaje D / 00:00:40:025 / inc(09) / ... para speedcontroller(06)
Mensaje Y / 00:00:40:025 / speedcontroller(06) / incout /      1.00000 para buttoncontroller(04)
Mensaje X / 00:00:40:025 / speedcontroller(06) / done /      1.00000 para accq(07)
Mensaje Y / 00:00:40:025 / buttoncontroller(04) / outacc /      1.00000 para processingmodule(02)
Mensaje D / 00:00:40:025 / accq(07) / ... para speedcontroller(06)
Mensaje X / 00:00:40:025 / processingmodule(02) / in_inc /      1.00000 para ccsc(13)
Mensaje D / 00:00:40:025 / speedcontroller(06) / ... para buttoncontroller(04)
Mensaje D / 00:00:40:025 / ccsc(13) / 00:00:00:015 para processingmodule(02)
Mensaje D / 00:00:40:025 / buttoncontroller(04) / ... para processingmodule(02)
Mensaje D / 00:00:40:025 / processingmodule(02) / 00:00:00:015 para top(01)
Mensaje D / 00:00:40:025 / top(01) / 00:00:00:015 para Root(00)
Mensaje * / 00:00:40:040 / Root(00) para top(01)
Mensaje * / 00:00:40:040 / top(01) para processingmodule(02)
Mensaje * / 00:00:40:040 / processingmodule(02) para ccsc(13)
Mensaje Y / 00:00:40:040 / ccsc(13) / out_dec /      1.00000 para processingmodule(02)
Mensaje D / 00:00:40:040 / ccsc(13) / ... para processingmodule(02)
Mensaje Y / 00:00:40:040 / processingmodule(02) / outdec /      1.00000 para top(01)
Mensaje D / 00:00:40:040 / processingmodule(02) / ... para top(01)
Mensaje Y / 00:00:40:040 / top(01) / testoutdec /      1.00000 para Root(00)
Mensaje D / 00:00:40:040 / top(01) / ... para Root(00)
Mensaje X / 00:00:41:000 / Root(00) / testinspeed /    115.00000 para top(01)
Mensaje X / 00:00:41:000 / top(01) / inspeed /    115.00000 para processingmodule(02)
Mensaje X / 00:00:41:000 / processingmodule(02) / in_speed /    115.00000 para ccsc(13)
Mensaje D / 00:00:41:000 / ccsc(13) / 00:00:00:015 para processingmodule(02)
Mensaje D / 00:00:41:000 / processingmodule(02) / 00:00:00:015 para top(01)
Mensaje D / 00:00:41:000 / top(01) / 00:00:00:015 para Root(00)
Mensaje * / 00:00:41:015 / Root(00) para top(01)
Mensaje * / 00:00:41:015 / top(01) para processingmodule(02)
Mensaje * / 00:00:41:015 / processingmodule(02) para ccsc(13)
Mensaje Y / 00:00:41:015 / ccsc(13) / out_dec /      1.00000 para processingmodule(02)
Mensaje D / 00:00:41:015 / ccsc(13) / ... para processingmodule(02)
Mensaje Y / 00:00:41:015 / processingmodule(02) / outdec /      1.00000 para top(01)
Mensaje D / 00:00:41:015 / processingmodule(02) / ... para top(01)
Mensaje Y / 00:00:41:015 / top(01) / testoutdec /      1.00000 para Root(00)
Mensaje D / 00:00:41:015 / top(01) / ... para Root(00)
Mensaje X / 00:00:45:000 / Root(00) / testinbreak /      1.00000 para top(01)
Mensaje X / 00:00:45:000 / top(01) / inbreak /      1.00000 para processingmodule(02)
Mensaje X / 00:00:45:000 / processingmodule(02) / in /      1.00000 para brc(03)
Mensaje D / 00:00:45:000 / brc(03) / 00:00:00:010 para processingmodule(02)
Mensaje D / 00:00:45:000 / processingmodule(02) / 00:00:00:010 para top(01)
Mensaje D / 00:00:45:000 / top(01) / 00:00:00:010 para Root(00)
Mensaje * / 00:00:45:010 / Root(00) para top(01)
Mensaje * / 00:00:45:010 / top(01) para processingmodule(02)
Mensaje * / 00:00:45:010 / processingmodule(02) para brc(03)
Mensaje Y / 00:00:45:010 / brc(03) / out /      1.00000 para processingmodule(02)
Mensaje D / 00:00:45:010 / brc(03) / ... para processingmodule(02)
Mensaje X / 00:00:45:010 / processingmodule(02) / in_break /      1.00000 para ccsc(13)
Mensaje D / 00:00:45:010 / ccsc(13) / 00:00:00:015 para processingmodule(02)
Mensaje D / 00:00:45:010 / processingmodule(02) / 00:00:00:015 para top(01)
Mensaje D / 00:00:45:010 / top(01) / 00:00:00:015 para Root(00)
Mensaje * / 00:00:45:025 / Root(00) para top(01)
Mensaje * / 00:00:45:025 / top(01) para processingmodule(02)
Mensaje * / 00:00:45:025 / processingmodule(02) para ccsc(13)
Mensaje Y / 00:00:45:025 / ccsc(13) / out_stop /      1.00000 para processingmodule(02)
Mensaje D / 00:00:45:025 / ccsc(13) / ... para processingmodule(02)
Mensaje Y / 00:00:45:025 / processingmodule(02) / outstop /      1.00000 para top(01)
Mensaje D / 00:00:45:025 / processingmodule(02) / ... para top(01)
Mensaje Y / 00:00:45:025 / top(01) / testoutstop /      1.00000 para Root(00)
Mensaje D / 00:00:45:025 / top(01) / ... para Root(00)
Mensaje X / 00:00:45:500 / Root(00) / testinspeed /     80.00000 para top(01)
Mensaje X / 00:00:45:500 / top(01) / inspeed /     80.00000 para processingmodule(02)
Mensaje X / 00:00:45:500 / processingmodule(02) / in_speed /     80.00000 para ccsc(13)
Mensaje D / 00:00:45:500 / ccsc(13) / 00:00:00:015 para processingmodule(02)
Mensaje D / 00:00:45:500 / processingmodule(02) / 00:00:00:015 para top(01)
Mensaje D / 00:00:45:500 / top(01) / 00:00:00:015 para Root(00)
Mensaje * / 00:00:45:515 / Root(00) para top(01)
Mensaje * / 00:00:45:515 / top(01) para processingmodule(02)
Mensaje * / 00:00:45:515 / processingmodule(02) para ccsc(13)
Mensaje D / 00:00:45:515 / ccsc(13) / ... para processingmodule(02)
Mensaje D / 00:00:45:515 / processingmodule(02) / ... para top(01)
Mensaje D / 00:00:45:515 / top(01) / ... para Root(00)
Mensaje X / 00:00:46:000 / Root(00) / testinresume /      1.00000 para top(01)
Mensaje X / 00:00:46:000 / top(01) / inresume /      1.00000 para processingmodule(02)
Mensaje X / 00:00:46:000 / processingmodule(02) / inresume /      1.00000 para buttoncontroller(04)
Mensaje X / 00:00:46:000 / buttoncontroller(04) / in /      1.00000 para resume(12)
Mensaje D / 00:00:46:000 / resume(12) / 00:00:00:010 para buttoncontroller(04)
Mensaje D / 00:00:46:000 / buttoncontroller(04) / 00:00:00:010 para processingmodule(02)
Mensaje D / 00:00:46:000 / processingmodule(02) / 00:00:00:010 para top(01)
Mensaje D / 00:00:46:000 / top(01) / 00:00:00:010 para Root(00)
Mensaje * / 00:00:46:010 / Root(00) para top(01)
Mensaje * / 00:00:46:010 / top(01) para processingmodule(02)
Mensaje * / 00:00:46:010 / processingmodule(02) para buttoncontroller(04)
Mensaje * / 00:00:46:010 / buttoncontroller(04) para resume(12)
Mensaje Y / 00:00:46:010 / resume(12) / out /      1.00000 para buttoncontroller(04)
Mensaje D / 00:00:46:010 / resume(12) / ... para buttoncontroller(04)
Mensaje Y / 00:00:46:010 / buttoncontroller(04) / outresume /      1.00000 para processingmodule(02)
Mensaje D / 00:00:46:010 / buttoncontroller(04) / ... para processingmodule(02)
Mensaje X / 00:00:46:010 / processingmodule(02) / in_resume /      1.00000 para ccsc(13)
Mensaje D / 00:00:46:010 / ccsc(13) / 00:00:00:015 para processingmodule(02)
Mensaje D / 00:00:46:010 / processingmodule(02) / 00:00:00:015 para top(01)
Mensaje D / 00:00:46:010 / top(01) / 00:00:00:015 para Root(00)
Mensaje * / 00:00:46:025 / Root(00) para top(01)
Mensaje * / 00:00:46:025 / top(01) para processingmodule(02)
Mensaje * / 00:00:46:025 / processingmodule(02) para ccsc(13)
Mensaje Y / 00:00:46:025 / ccsc(13) / out_inc /      1.00000 para processingmodule(02)
Mensaje D / 00:00:46:025 / ccsc(13) / ... para processingmodule(02)
Mensaje Y / 00:00:46:025 / processingmodule(02) / outinc /      1.00000 para top(01)
Mensaje D / 00:00:46:025 / processingmodule(02) / ... para top(01)
Mensaje Y / 00:00:46:025 / top(01) / testoutinc /      1.00000 para Root(00)
Mensaje D / 00:00:46:025 / top(01) / ... para Root(00)
Mensaje X / 00:00:48:000 / Root(00) / testinspeed /    110.00000 para top(01)
Mensaje X / 00:00:48:000 / top(01) / inspeed /    110.00000 para processingmodule(02)
Mensaje X / 00:00:48:000 / processingmodule(02) / in_speed /    110.00000 para ccsc(13)
Mensaje D / 00:00:48:000 / ccsc(13) / 00:00:00:015 para processingmodule(02)
Mensaje D / 00:00:48:000 / processingmodule(02) / 00:00:00:015 para top(01)
Mensaje D / 00:00:48:000 / top(01) / 00:00:00:015 para Root(00)
Mensaje * / 00:00:48:015 / Root(00) para top(01)
Mensaje * / 00:00:48:015 / top(01) para processingmodule(02)
Mensaje * / 00:00:48:015 / processingmodule(02) para ccsc(13)
Mensaje Y / 00:00:48:015 / ccsc(13) / out_dec /      1.00000 para processingmodule(02)
Mensaje D / 00:00:48:015 / ccsc(13) / ... para processingmodule(02)
Mensaje Y / 00:00:48:015 / processingmodule(02) / outdec /      1.00000 para top(01)
Mensaje D / 00:00:48:015 / processingmodule(02) / ... para top(01)
Mensaje Y / 00:00:48:015 / top(01) / testoutdec /      1.00000 para Root(00)
Mensaje D / 00:00:48:015 / top(01) / ... para Root(00)
Mensaje X / 00:00:50:000 / Root(00) / testindec /      1.00000 para top(01)
Mensaje X / 00:00:50:000 / top(01) / indec /      1.00000 para processingmodule(02)
Mensaje X / 00:00:50:000 / processingmodule(02) / indec /      1.00000 para buttoncontroller(04)
Mensaje X / 00:00:50:000 / buttoncontroller(04) / decin /      1.00000 para speedcontroller(06)
Mensaje X / 00:00:50:000 / speedcontroller(06) / in /      1.00000 para decq(08)
Mensaje D / 00:00:50:000 / decq(08) / 00:00:00:010 para speedcontroller(06)
Mensaje D / 00:00:50:000 / speedcontroller(06) / 00:00:00:010 para buttoncontroller(04)
Mensaje D / 00:00:50:000 / buttoncontroller(04) / 00:00:00:010 para processingmodule(02)
Mensaje D / 00:00:50:000 / processingmodule(02) / 00:00:00:010 para top(01)
Mensaje D / 00:00:50:000 / top(01) / 00:00:00:010 para Root(00)
Mensaje * / 00:00:50:010 / Root(00) para top(01)
Mensaje * / 00:00:50:010 / top(01) para processingmodule(02)
Mensaje * / 00:00:50:010 / processingmodule(02) para buttoncontroller(04)
Mensaje * / 00:00:50:010 / buttoncontroller(04) para speedcontroller(06)
Mensaje * / 00:00:50:010 / speedcontroller(06) para decq(08)
Mensaje Y / 00:00:50:010 / decq(08) / out /      1.00000 para speedcontroller(06)
Mensaje D / 00:00:50:010 / decq(08) / ... para speedcontroller(06)
Mensaje X / 00:00:50:010 / speedcontroller(06) / in /      1.00000 para dec(10)
Mensaje D / 00:00:50:010 / dec(10) / 00:00:00:015 para speedcontroller(06)
Mensaje D / 00:00:50:010 / speedcontroller(06) / 00:00:00:015 para buttoncontroller(04)
Mensaje D / 00:00:50:010 / buttoncontroller(04) / 00:00:00:015 para processingmodule(02)
Mensaje D / 00:00:50:010 / processingmodule(02) / 00:00:00:015 para top(01)
Mensaje D / 00:00:50:010 / top(01) / 00:00:00:015 para Root(00)
Mensaje * / 00:00:50:025 / Root(00) para top(01)
Mensaje * / 00:00:50:025 / top(01) para processingmodule(02)
Mensaje * / 00:00:50:025 / processingmodule(02) para buttoncontroller(04)
Mensaje * / 00:00:50:025 / buttoncontroller(04) para speedcontroller(06)
Mensaje * / 00:00:50:025 / speedcontroller(06) para dec(10)
Mensaje Y / 00:00:50:025 / dec(10) / out /      1.00000 para speedcontroller(06)
Mensaje D / 00:00:50:025 / dec(10) / ... para speedcontroller(06)
Mensaje Y / 00:00:50:025 / speedcontroller(06) / decout /      1.00000 para buttoncontroller(04)
Mensaje X / 00:00:50:025 / speedcontroller(06) / done /      1.00000 para decq(08)
Mensaje Y / 00:00:50:025 / buttoncontroller(04) / outdec /      1.00000 para processingmodule(02)
Mensaje D / 00:00:50:025 / decq(08) / ... para speedcontroller(06)
Mensaje X / 00:00:50:025 / processingmodule(02) / in_dec /      1.00000 para ccsc(13)
Mensaje D / 00:00:50:025 / speedcontroller(06) / ... para buttoncontroller(04)
Mensaje D / 00:00:50:025 / ccsc(13) / 00:00:00:015 para processingmodule(02)
Mensaje D / 00:00:50:025 / buttoncontroller(04) / ... para processingmodule(02)
Mensaje D / 00:00:50:025 / processingmodule(02) / 00:00:00:015 para top(01)
Mensaje D / 00:00:50:025 / top(01) / 00:00:00:015 para Root(00)
Mensaje * / 00:00:50:040 / Root(00) para top(01)
Mensaje * / 00:00:50:040 / top(01) para processingmodule(02)
Mensaje * / 00:00:50:040 / processingmodule(02) para ccsc(13)
Mensaje Y / 00:00:50:040 / ccsc(13) / out_dec /      1.00000 para processingmodule(02)
Mensaje D / 00:00:50:040 / ccsc(13) / ... para processingmodule(02)
Mensaje Y / 00:00:50:040 / processingmodule(02) / outdec /      1.00000 para top(01)
Mensaje D / 00:00:50:040 / processingmodule(02) / ... para top(01)
Mensaje Y / 00:00:50:040 / top(01) / testoutdec /      1.00000 para Root(00)
Mensaje D / 00:00:50:040 / top(01) / ... para Root(00)
Mensaje X / 00:00:51:000 / Root(00) / testinspeed /    120.00000 para top(01)
Mensaje X / 00:00:51:000 / top(01) / inspeed /    120.00000 para processingmodule(02)
Mensaje X / 00:00:51:000 / processingmodule(02) / in_speed /    120.00000 para ccsc(13)
Mensaje D / 00:00:51:000 / ccsc(13) / 00:00:00:015 para processingmodule(02)
Mensaje D / 00:00:51:000 / processingmodule(02) / 00:00:00:015 para top(01)
Mensaje D / 00:00:51:000 / top(01) / 00:00:00:015 para Root(00)
Mensaje * / 00:00:51:015 / Root(00) para top(01)
Mensaje * / 00:00:51:015 / top(01) para processingmodule(02)
Mensaje * / 00:00:51:015 / processingmodule(02) para ccsc(13)
Mensaje Y / 00:00:51:015 / ccsc(13) / out_dec /      1.00000 para processingmodule(02)
Mensaje D / 00:00:51:015 / ccsc(13) / ... para processingmodule(02)
Mensaje Y / 00:00:51:015 / processingmodule(02) / outdec /      1.00000 para top(01)
Mensaje D / 00:00:51:015 / processingmodule(02) / ... para top(01)
Mensaje Y / 00:00:51:015 / top(01) / testoutdec /      1.00000 para Root(00)
Mensaje D / 00:00:51:015 / top(01) / ... para Root(00)
Mensaje X / 00:01:00:000 / Root(00) / testindec /      1.00000 para top(01)
Mensaje X / 00:01:00:000 / top(01) / indec /      1.00000 para processingmodule(02)
Mensaje X / 00:01:00:000 / processingmodule(02) / indec /      1.00000 para buttoncontroller(04)
Mensaje X / 00:01:00:000 / buttoncontroller(04) / decin /      1.00000 para speedcontroller(06)
Mensaje X / 00:01:00:000 / speedcontroller(06) / in /      1.00000 para decq(08)
Mensaje D / 00:01:00:000 / decq(08) / 00:00:00:010 para speedcontroller(06)
Mensaje D / 00:01:00:000 / speedcontroller(06) / 00:00:00:010 para buttoncontroller(04)
Mensaje D / 00:01:00:000 / buttoncontroller(04) / 00:00:00:010 para processingmodule(02)
Mensaje D / 00:01:00:000 / processingmodule(02) / 00:00:00:010 para top(01)
Mensaje D / 00:01:00:000 / top(01) / 00:00:00:010 para Root(00)
Mensaje * / 00:01:00:010 / Root(00) para top(01)
Mensaje * / 00:01:00:010 / top(01) para processingmodule(02)
Mensaje * / 00:01:00:010 / processingmodule(02) para buttoncontroller(04)
Mensaje * / 00:01:00:010 / buttoncontroller(04) para speedcontroller(06)
Mensaje * / 00:01:00:010 / speedcontroller(06) para decq(08)
Mensaje Y / 00:01:00:010 / decq(08) / out /      1.00000 para speedcontroller(06)
Mensaje D / 00:01:00:010 / decq(08) / ... para speedcontroller(06)
Mensaje X / 00:01:00:010 / speedcontroller(06) / in /      1.00000 para dec(10)
Mensaje D / 00:01:00:010 / dec(10) / 00:00:00:015 para speedcontroller(06)
Mensaje D / 00:01:00:010 / speedcontroller(06) / 00:00:00:015 para buttoncontroller(04)
Mensaje D / 00:01:00:010 / buttoncontroller(04) / 00:00:00:015 para processingmodule(02)
Mensaje D / 00:01:00:010 / processingmodule(02) / 00:00:00:015 para top(01)
Mensaje D / 00:01:00:010 / top(01) / 00:00:00:015 para Root(00)
Mensaje * / 00:01:00:025 / Root(00) para top(01)
Mensaje * / 00:01:00:025 / top(01) para processingmodule(02)
Mensaje * / 00:01:00:025 / processingmodule(02) para buttoncontroller(04)
Mensaje * / 00:01:00:025 / buttoncontroller(04) para speedcontroller(06)
Mensaje * / 00:01:00:025 / speedcontroller(06) para dec(10)
Mensaje Y / 00:01:00:025 / dec(10) / out /      1.00000 para speedcontroller(06)
Mensaje D / 00:01:00:025 / dec(10) / ... para speedcontroller(06)
Mensaje Y / 00:01:00:025 / speedcontroller(06) / decout /      1.00000 para buttoncontroller(04)
Mensaje X / 00:01:00:025 / speedcontroller(06) / done /      1.00000 para decq(08)
Mensaje Y / 00:01:00:025 / buttoncontroller(04) / outdec /      1.00000 para processingmodule(02)
Mensaje D / 00:01:00:025 / decq(08) / ... para speedcontroller(06)
Mensaje X / 00:01:00:025 / processingmodule(02) / in_dec /      1.00000 para ccsc(13)
Mensaje D / 00:01:00:025 / speedcontroller(06) / ... para buttoncontroller(04)
Mensaje D / 00:01:00:025 / ccsc(13) / 00:00:00:015 para processingmodule(02)
Mensaje D / 00:01:00:025 / buttoncontroller(04) / ... para processingmodule(02)
Mensaje D / 00:01:00:025 / processingmodule(02) / 00:00:00:015 para top(01)
Mensaje D / 00:01:00:025 / top(01) / 00:00:00:015 para Root(00)
Mensaje * / 00:01:00:040 / Root(00) para top(01)
Mensaje * / 00:01:00:040 / top(01) para processingmodule(02)
Mensaje * / 00:01:00:040 / processingmodule(02) para ccsc(13)
Mensaje Y / 00:01:00:040 / ccsc(13) / out_dec /      1.00000 para processingmodule(02)
Mensaje D / 00:01:00:040 / ccsc(13) / ... para processingmodule(02)
Mensaje Y / 00:01:00:040 / processingmodule(02) / outdec /      1.00000 para top(01)
Mensaje D / 00:01:00:040 / processingmodule(02) / ... para top(01)
Mensaje Y / 00:01:00:040 / top(01) / testoutdec /      1.00000 para Root(00)
Mensaje D / 00:01:00:040 / top(01) / ... para Root(00)
Mensaje X / 00:01:03:000 / Root(00) / testinspeed /    115.00000 para top(01)
Mensaje X / 00:01:03:000 / top(01) / inspeed /    115.00000 para processingmodule(02)
Mensaje X / 00:01:03:000 / processingmodule(02) / in_speed /    115.00000 para ccsc(13)
Mensaje D / 00:01:03:000 / ccsc(13) / 00:00:00:015 para processingmodule(02)
Mensaje D / 00:01:03:000 / processingmodule(02) / 00:00:00:015 para top(01)
Mensaje D / 00:01:03:000 / top(01) / 00:00:00:015 para Root(00)
Mensaje * / 00:01:03:015 / Root(00) para top(01)
Mensaje * / 00:01:03:015 / top(01) para processingmodule(02)
Mensaje * / 00:01:03:015 / processingmodule(02) para ccsc(13)
Mensaje Y / 00:01:03:015 / ccsc(13) / out_dec /      1.00000 para processingmodule(02)
Mensaje D / 00:01:03:015 / ccsc(13) / ... para processingmodule(02)
Mensaje Y / 00:01:03:015 / processingmodule(02) / outdec /      1.00000 para top(01)
Mensaje D / 00:01:03:015 / processingmodule(02) / ... para top(01)
Mensaje Y / 00:01:03:015 / top(01) / testoutdec /      1.00000 para Root(00)
Mensaje D / 00:01:03:015 / top(01) / ... para Root(00)
Mensaje X / 00:01:05:000 / Root(00) / testingas /      1.00000 para top(01)
Mensaje X / 00:01:05:000 / top(01) / ingas /      1.00000 para processingmodule(02)
Mensaje X / 00:01:05:000 / processingmodule(02) / in /      1.00000 para pc(14)
Mensaje D / 00:01:05:000 / pc(14) / 00:00:00:010 para processingmodule(02)
Mensaje D / 00:01:05:000 / processingmodule(02) / 00:00:00:010 para top(01)
Mensaje D / 00:01:05:000 / top(01) / 00:00:00:010 para Root(00)
Mensaje * / 00:01:05:010 / Root(00) para top(01)
Mensaje * / 00:01:05:010 / top(01) para processingmodule(02)
Mensaje * / 00:01:05:010 / processingmodule(02) para pc(14)
Mensaje Y / 00:01:05:010 / pc(14) / out /      1.00000 para processingmodule(02)
Mensaje D / 00:01:05:010 / pc(14) / ... para processingmodule(02)
Mensaje X / 00:01:05:010 / processingmodule(02) / in_gas /      1.00000 para ccsc(13)
Mensaje D / 00:01:05:010 / ccsc(13) / 00:00:00:015 para processingmodule(02)
Mensaje D / 00:01:05:010 / processingmodule(02) / 00:00:00:015 para top(01)
Mensaje D / 00:01:05:010 / top(01) / 00:00:00:015 para Root(00)
Mensaje * / 00:01:05:025 / Root(00) para top(01)
Mensaje * / 00:01:05:025 / top(01) para processingmodule(02)
Mensaje * / 00:01:05:025 / processingmodule(02) para ccsc(13)
Mensaje Y / 00:01:05:025 / ccsc(13) / out_stop /      1.00000 para processingmodule(02)
Mensaje D / 00:01:05:025 / ccsc(13) / ... para processingmodule(02)
Mensaje Y / 00:01:05:025 / processingmodule(02) / outstop /      1.00000 para top(01)
Mensaje D / 00:01:05:025 / processingmodule(02) / ... para top(01)
Mensaje Y / 00:01:05:025 / top(01) / testoutstop /      1.00000 para Root(00)
Mensaje D / 00:01:05:025 / top(01) / ... para Root(00)
Mensaje X / 00:01:08:000 / Root(00) / testinspeed /    110.00000 para top(01)
Mensaje X / 00:01:08:000 / top(01) / inspeed /    110.00000 para processingmodule(02)
Mensaje X / 00:01:08:000 / processingmodule(02) / in_speed /    110.00000 para ccsc(13)
Mensaje D / 00:01:08:000 / ccsc(13) / 00:00:00:015 para processingmodule(02)
Mensaje D / 00:01:08:000 / processingmodule(02) / 00:00:00:015 para top(01)
Mensaje D / 00:01:08:000 / top(01) / 00:00:00:015 para Root(00)
Mensaje * / 00:01:08:015 / Root(00) para top(01)
Mensaje * / 00:01:08:015 / top(01) para processingmodule(02)
Mensaje * / 00:01:08:015 / processingmodule(02) para ccsc(13)
Mensaje D / 00:01:08:015 / ccsc(13) / ... para processingmodule(02)
Mensaje D / 00:01:08:015 / processingmodule(02) / ... para top(01)
Mensaje D / 00:01:08:015 / top(01) / ... para Root(00)
Mensaje X / 00:01:10:000 / Root(00) / testindec /      1.00000 para top(01)
Mensaje X / 00:01:10:000 / top(01) / indec /      1.00000 para processingmodule(02)
Mensaje X / 00:01:10:000 / processingmodule(02) / indec /      1.00000 para buttoncontroller(04)
Mensaje X / 00:01:10:000 / buttoncontroller(04) / decin /      1.00000 para speedcontroller(06)
Mensaje X / 00:01:10:000 / speedcontroller(06) / in /      1.00000 para decq(08)
Mensaje D / 00:01:10:000 / decq(08) / 00:00:00:010 para speedcontroller(06)
Mensaje D / 00:01:10:000 / speedcontroller(06) / 00:00:00:010 para buttoncontroller(04)
Mensaje D / 00:01:10:000 / buttoncontroller(04) / 00:00:00:010 para processingmodule(02)
Mensaje D / 00:01:10:000 / processingmodule(02) / 00:00:00:010 para top(01)
Mensaje D / 00:01:10:000 / top(01) / 00:00:00:010 para Root(00)
Mensaje * / 00:01:10:010 / Root(00) para top(01)
Mensaje * / 00:01:10:010 / top(01) para processingmodule(02)
Mensaje * / 00:01:10:010 / processingmodule(02) para buttoncontroller(04)
Mensaje * / 00:01:10:010 / buttoncontroller(04) para speedcontroller(06)
Mensaje * / 00:01:10:010 / speedcontroller(06) para decq(08)
Mensaje Y / 00:01:10:010 / decq(08) / out /      1.00000 para speedcontroller(06)
Mensaje D / 00:01:10:010 / decq(08) / ... para speedcontroller(06)
Mensaje X / 00:01:10:010 / speedcontroller(06) / in /      1.00000 para dec(10)
Mensaje D / 00:01:10:010 / dec(10) / 00:00:00:015 para speedcontroller(06)
Mensaje D / 00:01:10:010 / speedcontroller(06) / 00:00:00:015 para buttoncontroller(04)
Mensaje D / 00:01:10:010 / buttoncontroller(04) / 00:00:00:015 para processingmodule(02)
Mensaje D / 00:01:10:010 / processingmodule(02) / 00:00:00:015 para top(01)
Mensaje D / 00:01:10:010 / top(01) / 00:00:00:015 para Root(00)
Mensaje * / 00:01:10:025 / Root(00) para top(01)
Mensaje * / 00:01:10:025 / top(01) para processingmodule(02)
Mensaje * / 00:01:10:025 / processingmodule(02) para buttoncontroller(04)
Mensaje * / 00:01:10:025 / buttoncontroller(04) para speedcontroller(06)
Mensaje * / 00:01:10:025 / speedcontroller(06) para dec(10)
Mensaje Y / 00:01:10:025 / dec(10) / out /      1.00000 para speedcontroller(06)
Mensaje D / 00:01:10:025 / dec(10) / ... para speedcontroller(06)
Mensaje Y / 00:01:10:025 / speedcontroller(06) / decout /      1.00000 para buttoncontroller(04)
Mensaje X / 00:01:10:025 / speedcontroller(06) / done /      1.00000 para decq(08)
Mensaje Y / 00:01:10:025 / buttoncontroller(04) / outdec /      1.00000 para processingmodule(02)
Mensaje D / 00:01:10:025 / decq(08) / ... para speedcontroller(06)
Mensaje X / 00:01:10:025 / processingmodule(02) / in_dec /      1.00000 para ccsc(13)
Mensaje D / 00:01:10:025 / speedcontroller(06) / ... para buttoncontroller(04)
Mensaje D / 00:01:10:025 / ccsc(13) / 00:00:00:015 para processingmodule(02)
Mensaje D / 00:01:10:025 / buttoncontroller(04) / ... para processingmodule(02)
Mensaje D / 00:01:10:025 / processingmodule(02) / 00:00:00:015 para top(01)
Mensaje D / 00:01:10:025 / top(01) / 00:00:00:015 para Root(00)
Mensaje * / 00:01:10:040 / Root(00) para top(01)
Mensaje * / 00:01:10:040 / top(01) para processingmodule(02)
Mensaje * / 00:01:10:040 / processingmodule(02) para ccsc(13)
Mensaje D / 00:01:10:040 / ccsc(13) / ... para processingmodule(02)
Mensaje D / 00:01:10:040 / processingmodule(02) / ... para top(01)
Mensaje D / 00:01:10:040 / top(01) / ... para Root(00)
Mensaje X / 00:01:11:000 / Root(00) / testinspeed /    110.00000 para top(01)
Mensaje X / 00:01:11:000 / top(01) / inspeed /    110.00000 para processingmodule(02)
Mensaje X / 00:01:11:000 / processingmodule(02) / in_speed /    110.00000 para ccsc(13)
Mensaje D / 00:01:11:000 / ccsc(13) / 00:00:00:015 para processingmodule(02)
Mensaje D / 00:01:11:000 / processingmodule(02) / 00:00:00:015 para top(01)
Mensaje D / 00:01:11:000 / top(01) / 00:00:00:015 para Root(00)
Mensaje * / 00:01:11:015 / Root(00) para top(01)
Mensaje * / 00:01:11:015 / top(01) para processingmodule(02)
Mensaje * / 00:01:11:015 / processingmodule(02) para ccsc(13)
Mensaje D / 00:01:11:015 / ccsc(13) / ... para processingmodule(02)
Mensaje D / 00:01:11:015 / processingmodule(02) / ... para top(01)
Mensaje D / 00:01:11:015 / top(01) / ... para Root(00)
Mensaje X / 00:01:20:000 / Root(00) / testinresume /      1.00000 para top(01)
Mensaje X / 00:01:20:000 / top(01) / inresume /      1.00000 para processingmodule(02)
Mensaje X / 00:01:20:000 / processingmodule(02) / inresume /      1.00000 para buttoncontroller(04)
Mensaje X / 00:01:20:000 / buttoncontroller(04) / in /      1.00000 para resume(12)
Mensaje D / 00:01:20:000 / resume(12) / 00:00:00:010 para buttoncontroller(04)
Mensaje D / 00:01:20:000 / buttoncontroller(04) / 00:00:00:010 para processingmodule(02)
Mensaje D / 00:01:20:000 / processingmodule(02) / 00:00:00:010 para top(01)
Mensaje D / 00:01:20:000 / top(01) / 00:00:00:010 para Root(00)
Mensaje * / 00:01:20:010 / Root(00) para top(01)
Mensaje * / 00:01:20:010 / top(01) para processingmodule(02)
Mensaje * / 00:01:20:010 / processingmodule(02) para buttoncontroller(04)
Mensaje * / 00:01:20:010 / buttoncontroller(04) para resume(12)
Mensaje Y / 00:01:20:010 / resume(12) / out /      1.00000 para buttoncontroller(04)
Mensaje D / 00:01:20:010 / resume(12) / ... para buttoncontroller(04)
Mensaje Y / 00:01:20:010 / buttoncontroller(04) / outresume /      1.00000 para processingmodule(02)
Mensaje D / 00:01:20:010 / buttoncontroller(04) / ... para processingmodule(02)
Mensaje X / 00:01:20:010 / processingmodule(02) / in_resume /      1.00000 para ccsc(13)
Mensaje D / 00:01:20:010 / ccsc(13) / 00:00:00:015 para processingmodule(02)
Mensaje D / 00:01:20:010 / processingmodule(02) / 00:00:00:015 para top(01)
Mensaje D / 00:01:20:010 / top(01) / 00:00:00:015 para Root(00)
Mensaje * / 00:01:20:025 / Root(00) para top(01)
Mensaje * / 00:01:20:025 / top(01) para processingmodule(02)
Mensaje * / 00:01:20:025 / processingmodule(02) para ccsc(13)
Mensaje D / 00:01:20:025 / ccsc(13) / ... para processingmodule(02)
Mensaje D / 00:01:20:025 / processingmodule(02) / ... para top(01)
Mensaje D / 00:01:20:025 / top(01) / ... para Root(00)
Mensaje X / 00:01:21:000 / Root(00) / testinspeed /    110.00000 para top(01)
Mensaje X / 00:01:21:000 / top(01) / inspeed /    110.00000 para processingmodule(02)
Mensaje X / 00:01:21:000 / processingmodule(02) / in_speed /    110.00000 para ccsc(13)
Mensaje D / 00:01:21:000 / ccsc(13) / 00:00:00:015 para processingmodule(02)
Mensaje D / 00:01:21:000 / processingmodule(02) / 00:00:00:015 para top(01)
Mensaje D / 00:01:21:000 / top(01) / 00:00:00:015 para Root(00)
Mensaje * / 00:01:21:015 / Root(00) para top(01)
Mensaje * / 00:01:21:015 / top(01) para processingmodule(02)
Mensaje * / 00:01:21:015 / processingmodule(02) para ccsc(13)
Mensaje D / 00:01:21:015 / ccsc(13) / ... para processingmodule(02)
Mensaje D / 00:01:21:015 / processingmodule(02) / ... para top(01)
Mensaje D / 00:01:21:015 / top(01) / ... para Root(00)
Mensaje X / 00:01:30:000 / Root(00) / testinoff /      1.00000 para top(01)
Mensaje X / 00:01:30:000 / top(01) / inoff /      1.00000 para processingmodule(02)
Mensaje X / 00:01:30:000 / processingmodule(02) / inoff /      1.00000 para buttoncontroller(04)
Mensaje X / 00:01:30:000 / buttoncontroller(04) / inoff /      1.00000 para onoff(05)
Mensaje D / 00:01:30:000 / onoff(05) / 00:00:00:015 para buttoncontroller(04)
Mensaje D / 00:01:30:000 / buttoncontroller(04) / 00:00:00:015 para processingmodule(02)
Mensaje D / 00:01:30:000 / processingmodule(02) / 00:00:00:015 para top(01)
Mensaje D / 00:01:30:000 / top(01) / 00:00:00:015 para Root(00)
Mensaje * / 00:01:30:015 / Root(00) para top(01)
Mensaje * / 00:01:30:015 / top(01) para processingmodule(02)
Mensaje * / 00:01:30:015 / processingmodule(02) para buttoncontroller(04)
Mensaje * / 00:01:30:015 / buttoncontroller(04) para onoff(05)
Mensaje Y / 00:01:30:015 / onoff(05) / outoff /      1.00000 para buttoncontroller(04)
Mensaje D / 00:01:30:015 / onoff(05) / ... para buttoncontroller(04)
Mensaje Y / 00:01:30:015 / buttoncontroller(04) / outoff /      1.00000 para processingmodule(02)
Mensaje D / 00:01:30:015 / buttoncontroller(04) / ... para processingmodule(02)
Mensaje X / 00:01:30:015 / processingmodule(02) / in_turnedoff /      1.00000 para ccsc(13)
Mensaje D / 00:01:30:015 / ccsc(13) / 00:00:00:015 para processingmodule(02)
Mensaje D / 00:01:30:015 / processingmodule(02) / 00:00:00:015 para top(01)
Mensaje D / 00:01:30:015 / top(01) / 00:00:00:015 para Root(00)
Mensaje * / 00:01:30:030 / Root(00) para top(01)
Mensaje * / 00:01:30:030 / top(01) para processingmodule(02)
Mensaje * / 00:01:30:030 / processingmodule(02) para ccsc(13)
Mensaje D / 00:01:30:030 / ccsc(13) / ... para processingmodule(02)
Mensaje D / 00:01:30:030 / processingmodule(02) / ... para top(01)
Mensaje D / 00:01:30:030 / top(01) / ... para Root(00)
