Mensaje I / 00:00:00:000 / Root(00) para top(01)
Mensaje I / 00:00:00:000 / top(01) para speedcontroller(02)
Mensaje I / 00:00:00:000 / speedcontroller(02) para accq(03)
Mensaje I / 00:00:00:000 / speedcontroller(02) para decq(04)
Mensaje I / 00:00:00:000 / speedcontroller(02) para inc(05)
Mensaje I / 00:00:00:000 / speedcontroller(02) para dec(06)
Mensaje D / 00:00:00:000 / accq(03) / ... para speedcontroller(02)
Mensaje D / 00:00:00:000 / decq(04) / ... para speedcontroller(02)
Mensaje D / 00:00:00:000 / inc(05) / ... para speedcontroller(02)
Mensaje D / 00:00:00:000 / dec(06) / ... para speedcontroller(02)
Mensaje D / 00:00:00:000 / speedcontroller(02) / ... para top(01)
Mensaje D / 00:00:00:000 / top(01) / ... para Root(00)
Mensaje X / 00:00:10:000 / Root(00) / testaccin /      1.00000 para top(01)
Mensaje X / 00:00:10:000 / top(01) / accin /      1.00000 para speedcontroller(02)
Mensaje X / 00:00:10:000 / speedcontroller(02) / in /      1.00000 para accq(03)
Mensaje D / 00:00:10:000 / accq(03) / 00:00:00:010 para speedcontroller(02)
Mensaje D / 00:00:10:000 / speedcontroller(02) / 00:00:00:010 para top(01)
Mensaje D / 00:00:10:000 / top(01) / 00:00:00:010 para Root(00)
Mensaje * / 00:00:10:010 / Root(00) para top(01)
Mensaje * / 00:00:10:010 / top(01) para speedcontroller(02)
Mensaje * / 00:00:10:010 / speedcontroller(02) para accq(03)
Mensaje Y / 00:00:10:010 / accq(03) / out /      1.00000 para speedcontroller(02)
Mensaje D / 00:00:10:010 / accq(03) / ... para speedcontroller(02)
Mensaje X / 00:00:10:010 / speedcontroller(02) / in /      1.00000 para inc(05)
Mensaje D / 00:00:10:010 / inc(05) / 00:00:00:015 para speedcontroller(02)
Mensaje D / 00:00:10:010 / speedcontroller(02) / 00:00:00:015 para top(01)
Mensaje D / 00:00:10:010 / top(01) / 00:00:00:015 para Root(00)
Mensaje * / 00:00:10:025 / Root(00) para top(01)
Mensaje * / 00:00:10:025 / top(01) para speedcontroller(02)
Mensaje * / 00:00:10:025 / speedcontroller(02) para inc(05)
Mensaje Y / 00:00:10:025 / inc(05) / out /      1.00000 para speedcontroller(02)
Mensaje D / 00:00:10:025 / inc(05) / ... para speedcontroller(02)
Mensaje Y / 00:00:10:025 / speedcontroller(02) / incout /      1.00000 para top(01)
Mensaje X / 00:00:10:025 / speedcontroller(02) / done /      1.00000 para accq(03)
Mensaje Y / 00:00:10:025 / top(01) / testincout /      1.00000 para Root(00)
Mensaje D / 00:00:10:025 / accq(03) / ... para speedcontroller(02)
Mensaje D / 00:00:10:025 / speedcontroller(02) / ... para top(01)
Mensaje D / 00:00:10:025 / top(01) / ... para Root(00)
Mensaje X / 00:00:20:000 / Root(00) / testaccin /      1.00000 para top(01)
Mensaje X / 00:00:20:000 / top(01) / accin /      1.00000 para speedcontroller(02)
Mensaje X / 00:00:20:000 / speedcontroller(02) / in /      1.00000 para accq(03)
Mensaje D / 00:00:20:000 / accq(03) / 00:00:00:010 para speedcontroller(02)
Mensaje D / 00:00:20:000 / speedcontroller(02) / 00:00:00:010 para top(01)
Mensaje D / 00:00:20:000 / top(01) / 00:00:00:010 para Root(00)
Mensaje * / 00:00:20:010 / Root(00) para top(01)
Mensaje * / 00:00:20:010 / top(01) para speedcontroller(02)
Mensaje * / 00:00:20:010 / speedcontroller(02) para accq(03)
Mensaje Y / 00:00:20:010 / accq(03) / out /      1.00000 para speedcontroller(02)
Mensaje D / 00:00:20:010 / accq(03) / ... para speedcontroller(02)
Mensaje X / 00:00:20:010 / speedcontroller(02) / in /      1.00000 para inc(05)
Mensaje D / 00:00:20:010 / inc(05) / 00:00:00:015 para speedcontroller(02)
Mensaje D / 00:00:20:010 / speedcontroller(02) / 00:00:00:015 para top(01)
Mensaje D / 00:00:20:010 / top(01) / 00:00:00:015 para Root(00)
Mensaje * / 00:00:20:025 / Root(00) para top(01)
Mensaje * / 00:00:20:025 / top(01) para speedcontroller(02)
Mensaje * / 00:00:20:025 / speedcontroller(02) para inc(05)
Mensaje Y / 00:00:20:025 / inc(05) / out /      1.00000 para speedcontroller(02)
Mensaje D / 00:00:20:025 / inc(05) / ... para speedcontroller(02)
Mensaje Y / 00:00:20:025 / speedcontroller(02) / incout /      1.00000 para top(01)
Mensaje X / 00:00:20:025 / speedcontroller(02) / done /      1.00000 para accq(03)
Mensaje Y / 00:00:20:025 / top(01) / testincout /      1.00000 para Root(00)
Mensaje D / 00:00:20:025 / accq(03) / ... para speedcontroller(02)
Mensaje D / 00:00:20:025 / speedcontroller(02) / ... para top(01)
Mensaje D / 00:00:20:025 / top(01) / ... para Root(00)
Mensaje X / 00:00:30:000 / Root(00) / testaccin /      1.00000 para top(01)
Mensaje X / 00:00:30:000 / top(01) / accin /      1.00000 para speedcontroller(02)
Mensaje X / 00:00:30:000 / speedcontroller(02) / in /      1.00000 para accq(03)
Mensaje D / 00:00:30:000 / accq(03) / 00:00:00:010 para speedcontroller(02)
Mensaje D / 00:00:30:000 / speedcontroller(02) / 00:00:00:010 para top(01)
Mensaje D / 00:00:30:000 / top(01) / 00:00:00:010 para Root(00)
Mensaje X / 00:00:30:005 / Root(00) / testaccin /      1.00000 para top(01)
Mensaje X / 00:00:30:005 / top(01) / accin /      1.00000 para speedcontroller(02)
Mensaje X / 00:00:30:005 / speedcontroller(02) / in /      1.00000 para accq(03)
Mensaje D / 00:00:30:005 / accq(03) / 00:00:00:005 para speedcontroller(02)
Mensaje D / 00:00:30:005 / speedcontroller(02) / 00:00:00:005 para top(01)
Mensaje D / 00:00:30:005 / top(01) / 00:00:00:005 para Root(00)
Mensaje X / 00:00:30:008 / Root(00) / testaccin /      1.00000 para top(01)
Mensaje X / 00:00:30:008 / top(01) / accin /      1.00000 para speedcontroller(02)
Mensaje X / 00:00:30:008 / speedcontroller(02) / in /      1.00000 para accq(03)
Mensaje D / 00:00:30:008 / accq(03) / 00:00:00:002 para speedcontroller(02)
Mensaje D / 00:00:30:008 / speedcontroller(02) / 00:00:00:002 para top(01)
Mensaje D / 00:00:30:008 / top(01) / 00:00:00:002 para Root(00)
Mensaje X / 00:00:30:010 / Root(00) / testaccin /      1.00000 para top(01)
Mensaje X / 00:00:30:010 / top(01) / accin /      1.00000 para speedcontroller(02)
Mensaje X / 00:00:30:010 / speedcontroller(02) / in /      1.00000 para accq(03)
Mensaje D / 00:00:30:010 / accq(03) / 00:00:00:000 para speedcontroller(02)
Mensaje D / 00:00:30:010 / speedcontroller(02) / 00:00:00:000 para top(01)
Mensaje D / 00:00:30:010 / top(01) / 00:00:00:000 para Root(00)
Mensaje * / 00:00:30:010 / Root(00) para top(01)
Mensaje * / 00:00:30:010 / top(01) para speedcontroller(02)
Mensaje * / 00:00:30:010 / speedcontroller(02) para accq(03)
Mensaje Y / 00:00:30:010 / accq(03) / out /      1.00000 para speedcontroller(02)
Mensaje D / 00:00:30:010 / accq(03) / ... para speedcontroller(02)
Mensaje X / 00:00:30:010 / speedcontroller(02) / in /      1.00000 para inc(05)
Mensaje D / 00:00:30:010 / inc(05) / 00:00:00:015 para speedcontroller(02)
Mensaje D / 00:00:30:010 / speedcontroller(02) / 00:00:00:015 para top(01)
Mensaje D / 00:00:30:010 / top(01) / 00:00:00:015 para Root(00)
Mensaje X / 00:00:30:015 / Root(00) / testaccin /      1.00000 para top(01)
Mensaje X / 00:00:30:015 / top(01) / accin /      1.00000 para speedcontroller(02)
Mensaje X / 00:00:30:015 / speedcontroller(02) / in /      1.00000 para accq(03)
Mensaje D / 00:00:30:015 / accq(03) / ... para speedcontroller(02)
Mensaje D / 00:00:30:015 / speedcontroller(02) / 00:00:00:010 para top(01)
Mensaje D / 00:00:30:015 / top(01) / 00:00:00:010 para Root(00)
Mensaje * / 00:00:30:025 / Root(00) para top(01)
Mensaje * / 00:00:30:025 / top(01) para speedcontroller(02)
Mensaje * / 00:00:30:025 / speedcontroller(02) para inc(05)
Mensaje Y / 00:00:30:025 / inc(05) / out /      1.00000 para speedcontroller(02)
Mensaje D / 00:00:30:025 / inc(05) / ... para speedcontroller(02)
Mensaje Y / 00:00:30:025 / speedcontroller(02) / incout /      1.00000 para top(01)
Mensaje X / 00:00:30:025 / speedcontroller(02) / done /      1.00000 para accq(03)
Mensaje Y / 00:00:30:025 / top(01) / testincout /      1.00000 para Root(00)
Mensaje D / 00:00:30:025 / accq(03) / 00:00:00:010 para speedcontroller(02)
Mensaje D / 00:00:30:025 / speedcontroller(02) / 00:00:00:010 para top(01)
Mensaje D / 00:00:30:025 / top(01) / 00:00:00:010 para Root(00)
Mensaje * / 00:00:30:035 / Root(00) para top(01)
Mensaje * / 00:00:30:035 / top(01) para speedcontroller(02)
Mensaje * / 00:00:30:035 / speedcontroller(02) para accq(03)
Mensaje Y / 00:00:30:035 / accq(03) / out /      1.00000 para speedcontroller(02)
Mensaje D / 00:00:30:035 / accq(03) / ... para speedcontroller(02)
Mensaje X / 00:00:30:035 / speedcontroller(02) / in /      1.00000 para inc(05)
Mensaje D / 00:00:30:035 / inc(05) / 00:00:00:015 para speedcontroller(02)
Mensaje D / 00:00:30:035 / speedcontroller(02) / 00:00:00:015 para top(01)
Mensaje D / 00:00:30:035 / top(01) / 00:00:00:015 para Root(00)
Mensaje * / 00:00:30:050 / Root(00) para top(01)
Mensaje * / 00:00:30:050 / top(01) para speedcontroller(02)
Mensaje * / 00:00:30:050 / speedcontroller(02) para inc(05)
Mensaje Y / 00:00:30:050 / inc(05) / out /      1.00000 para speedcontroller(02)
Mensaje D / 00:00:30:050 / inc(05) / ... para speedcontroller(02)
Mensaje Y / 00:00:30:050 / speedcontroller(02) / incout /      1.00000 para top(01)
Mensaje X / 00:00:30:050 / speedcontroller(02) / done /      1.00000 para accq(03)
Mensaje Y / 00:00:30:050 / top(01) / testincout /      1.00000 para Root(00)
Mensaje D / 00:00:30:050 / accq(03) / 00:00:00:010 para speedcontroller(02)
Mensaje D / 00:00:30:050 / speedcontroller(02) / 00:00:00:010 para top(01)
Mensaje D / 00:00:30:050 / top(01) / 00:00:00:010 para Root(00)
Mensaje * / 00:00:30:060 / Root(00) para top(01)
Mensaje * / 00:00:30:060 / top(01) para speedcontroller(02)
Mensaje * / 00:00:30:060 / speedcontroller(02) para accq(03)
Mensaje Y / 00:00:30:060 / accq(03) / out /      1.00000 para speedcontroller(02)
Mensaje D / 00:00:30:060 / accq(03) / ... para speedcontroller(02)
Mensaje X / 00:00:30:060 / speedcontroller(02) / in /      1.00000 para inc(05)
Mensaje D / 00:00:30:060 / inc(05) / 00:00:00:015 para speedcontroller(02)
Mensaje D / 00:00:30:060 / speedcontroller(02) / 00:00:00:015 para top(01)
Mensaje D / 00:00:30:060 / top(01) / 00:00:00:015 para Root(00)
Mensaje * / 00:00:30:075 / Root(00) para top(01)
Mensaje * / 00:00:30:075 / top(01) para speedcontroller(02)
Mensaje * / 00:00:30:075 / speedcontroller(02) para inc(05)
Mensaje Y / 00:00:30:075 / inc(05) / out /      1.00000 para speedcontroller(02)
Mensaje D / 00:00:30:075 / inc(05) / ... para speedcontroller(02)
Mensaje Y / 00:00:30:075 / speedcontroller(02) / incout /      1.00000 para top(01)
Mensaje X / 00:00:30:075 / speedcontroller(02) / done /      1.00000 para accq(03)
Mensaje Y / 00:00:30:075 / top(01) / testincout /      1.00000 para Root(00)
Mensaje D / 00:00:30:075 / accq(03) / 00:00:00:010 para speedcontroller(02)
Mensaje D / 00:00:30:075 / speedcontroller(02) / 00:00:00:010 para top(01)
Mensaje D / 00:00:30:075 / top(01) / 00:00:00:010 para Root(00)
Mensaje * / 00:00:30:085 / Root(00) para top(01)
Mensaje * / 00:00:30:085 / top(01) para speedcontroller(02)
Mensaje * / 00:00:30:085 / speedcontroller(02) para accq(03)
Mensaje Y / 00:00:30:085 / accq(03) / out /      1.00000 para speedcontroller(02)
Mensaje D / 00:00:30:085 / accq(03) / ... para speedcontroller(02)
Mensaje X / 00:00:30:085 / speedcontroller(02) / in /      1.00000 para inc(05)
Mensaje D / 00:00:30:085 / inc(05) / 00:00:00:015 para speedcontroller(02)
Mensaje D / 00:00:30:085 / speedcontroller(02) / 00:00:00:015 para top(01)
Mensaje D / 00:00:30:085 / top(01) / 00:00:00:015 para Root(00)
Mensaje * / 00:00:30:100 / Root(00) para top(01)
Mensaje * / 00:00:30:100 / top(01) para speedcontroller(02)
Mensaje * / 00:00:30:100 / speedcontroller(02) para inc(05)
Mensaje Y / 00:00:30:100 / inc(05) / out /      1.00000 para speedcontroller(02)
Mensaje D / 00:00:30:100 / inc(05) / ... para speedcontroller(02)
Mensaje Y / 00:00:30:100 / speedcontroller(02) / incout /      1.00000 para top(01)
Mensaje X / 00:00:30:100 / speedcontroller(02) / done /      1.00000 para accq(03)
Mensaje Y / 00:00:30:100 / top(01) / testincout /      1.00000 para Root(00)
Mensaje D / 00:00:30:100 / accq(03) / 00:00:00:010 para speedcontroller(02)
Mensaje D / 00:00:30:100 / speedcontroller(02) / 00:00:00:010 para top(01)
Mensaje D / 00:00:30:100 / top(01) / 00:00:00:010 para Root(00)
Mensaje * / 00:00:30:110 / Root(00) para top(01)
Mensaje * / 00:00:30:110 / top(01) para speedcontroller(02)
Mensaje * / 00:00:30:110 / speedcontroller(02) para accq(03)
Mensaje Y / 00:00:30:110 / accq(03) / out /      1.00000 para speedcontroller(02)
Mensaje D / 00:00:30:110 / accq(03) / ... para speedcontroller(02)
Mensaje X / 00:00:30:110 / speedcontroller(02) / in /      1.00000 para inc(05)
Mensaje D / 00:00:30:110 / inc(05) / 00:00:00:015 para speedcontroller(02)
Mensaje D / 00:00:30:110 / speedcontroller(02) / 00:00:00:015 para top(01)
Mensaje D / 00:00:30:110 / top(01) / 00:00:00:015 para Root(00)
Mensaje * / 00:00:30:125 / Root(00) para top(01)
Mensaje * / 00:00:30:125 / top(01) para speedcontroller(02)
Mensaje * / 00:00:30:125 / speedcontroller(02) para inc(05)
Mensaje Y / 00:00:30:125 / inc(05) / out /      1.00000 para speedcontroller(02)
Mensaje D / 00:00:30:125 / inc(05) / ... para speedcontroller(02)
Mensaje Y / 00:00:30:125 / speedcontroller(02) / incout /      1.00000 para top(01)
Mensaje X / 00:00:30:125 / speedcontroller(02) / done /      1.00000 para accq(03)
Mensaje Y / 00:00:30:125 / top(01) / testincout /      1.00000 para Root(00)
Mensaje D / 00:00:30:125 / accq(03) / ... para speedcontroller(02)
Mensaje D / 00:00:30:125 / speedcontroller(02) / ... para top(01)
Mensaje D / 00:00:30:125 / top(01) / ... para Root(00)
Mensaje X / 00:00:40:000 / Root(00) / testaccin /      1.00000 para top(01)
Mensaje X / 00:00:40:000 / top(01) / accin /      1.00000 para speedcontroller(02)
Mensaje X / 00:00:40:000 / speedcontroller(02) / in /      1.00000 para accq(03)
Mensaje D / 00:00:40:000 / accq(03) / 00:00:00:010 para speedcontroller(02)
Mensaje D / 00:00:40:000 / speedcontroller(02) / 00:00:00:010 para top(01)
Mensaje D / 00:00:40:000 / top(01) / 00:00:00:010 para Root(00)
Mensaje X / 00:00:40:005 / Root(00) / testaccin /      1.00000 para top(01)
Mensaje X / 00:00:40:005 / top(01) / accin /      1.00000 para speedcontroller(02)
Mensaje X / 00:00:40:005 / speedcontroller(02) / in /      1.00000 para accq(03)
Mensaje D / 00:00:40:005 / accq(03) / 00:00:00:005 para speedcontroller(02)
Mensaje D / 00:00:40:005 / speedcontroller(02) / 00:00:00:005 para top(01)
Mensaje D / 00:00:40:005 / top(01) / 00:00:00:005 para Root(00)
Mensaje * / 00:00:40:010 / Root(00) para top(01)
Mensaje * / 00:00:40:010 / top(01) para speedcontroller(02)
Mensaje * / 00:00:40:010 / speedcontroller(02) para accq(03)
Mensaje Y / 00:00:40:010 / accq(03) / out /      1.00000 para speedcontroller(02)
Mensaje D / 00:00:40:010 / accq(03) / ... para speedcontroller(02)
Mensaje X / 00:00:40:010 / speedcontroller(02) / in /      1.00000 para inc(05)
Mensaje D / 00:00:40:010 / inc(05) / 00:00:00:015 para speedcontroller(02)
Mensaje D / 00:00:40:010 / speedcontroller(02) / 00:00:00:015 para top(01)
Mensaje D / 00:00:40:010 / top(01) / 00:00:00:015 para Root(00)
Mensaje * / 00:00:40:025 / Root(00) para top(01)
Mensaje * / 00:00:40:025 / top(01) para speedcontroller(02)
Mensaje * / 00:00:40:025 / speedcontroller(02) para inc(05)
Mensaje Y / 00:00:40:025 / inc(05) / out /      1.00000 para speedcontroller(02)
Mensaje D / 00:00:40:025 / inc(05) / ... para speedcontroller(02)
Mensaje Y / 00:00:40:025 / speedcontroller(02) / incout /      1.00000 para top(01)
Mensaje X / 00:00:40:025 / speedcontroller(02) / done /      1.00000 para accq(03)
Mensaje Y / 00:00:40:025 / top(01) / testincout /      1.00000 para Root(00)
Mensaje D / 00:00:40:025 / accq(03) / 00:00:00:010 para speedcontroller(02)
Mensaje D / 00:00:40:025 / speedcontroller(02) / 00:00:00:010 para top(01)
Mensaje D / 00:00:40:025 / top(01) / 00:00:00:010 para Root(00)
Mensaje * / 00:00:40:035 / Root(00) para top(01)
Mensaje * / 00:00:40:035 / top(01) para speedcontroller(02)
Mensaje * / 00:00:40:035 / speedcontroller(02) para accq(03)
Mensaje Y / 00:00:40:035 / accq(03) / out /      1.00000 para speedcontroller(02)
Mensaje D / 00:00:40:035 / accq(03) / ... para speedcontroller(02)
Mensaje X / 00:00:40:035 / speedcontroller(02) / in /      1.00000 para inc(05)
Mensaje D / 00:00:40:035 / inc(05) / 00:00:00:015 para speedcontroller(02)
Mensaje D / 00:00:40:035 / speedcontroller(02) / 00:00:00:015 para top(01)
Mensaje D / 00:00:40:035 / top(01) / 00:00:00:015 para Root(00)
Mensaje * / 00:00:40:050 / Root(00) para top(01)
Mensaje * / 00:00:40:050 / top(01) para speedcontroller(02)
Mensaje * / 00:00:40:050 / speedcontroller(02) para inc(05)
Mensaje Y / 00:00:40:050 / inc(05) / out /      1.00000 para speedcontroller(02)
Mensaje D / 00:00:40:050 / inc(05) / ... para speedcontroller(02)
Mensaje Y / 00:00:40:050 / speedcontroller(02) / incout /      1.00000 para top(01)
Mensaje X / 00:00:40:050 / speedcontroller(02) / done /      1.00000 para accq(03)
Mensaje Y / 00:00:40:050 / top(01) / testincout /      1.00000 para Root(00)
Mensaje D / 00:00:40:050 / accq(03) / ... para speedcontroller(02)
Mensaje D / 00:00:40:050 / speedcontroller(02) / ... para top(01)
Mensaje D / 00:00:40:050 / top(01) / ... para Root(00)
Mensaje X / 00:00:50:000 / Root(00) / testdecin /      1.00000 para top(01)
Mensaje X / 00:00:50:000 / top(01) / decin /      1.00000 para speedcontroller(02)
Mensaje X / 00:00:50:000 / speedcontroller(02) / in /      1.00000 para decq(04)
Mensaje D / 00:00:50:000 / decq(04) / 00:00:00:010 para speedcontroller(02)
Mensaje D / 00:00:50:000 / speedcontroller(02) / 00:00:00:010 para top(01)
Mensaje D / 00:00:50:000 / top(01) / 00:00:00:010 para Root(00)
Mensaje X / 00:00:50:005 / Root(00) / testdecin /      1.00000 para top(01)
Mensaje X / 00:00:50:005 / top(01) / decin /      1.00000 para speedcontroller(02)
Mensaje X / 00:00:50:005 / speedcontroller(02) / in /      1.00000 para decq(04)
Mensaje D / 00:00:50:005 / decq(04) / 00:00:00:005 para speedcontroller(02)
Mensaje D / 00:00:50:005 / speedcontroller(02) / 00:00:00:005 para top(01)
Mensaje D / 00:00:50:005 / top(01) / 00:00:00:005 para Root(00)
Mensaje * / 00:00:50:010 / Root(00) para top(01)
Mensaje * / 00:00:50:010 / top(01) para speedcontroller(02)
Mensaje * / 00:00:50:010 / speedcontroller(02) para decq(04)
Mensaje Y / 00:00:50:010 / decq(04) / out /      1.00000 para speedcontroller(02)
Mensaje D / 00:00:50:010 / decq(04) / ... para speedcontroller(02)
Mensaje X / 00:00:50:010 / speedcontroller(02) / in /      1.00000 para dec(06)
Mensaje D / 00:00:50:010 / dec(06) / 00:00:00:015 para speedcontroller(02)
Mensaje D / 00:00:50:010 / speedcontroller(02) / 00:00:00:015 para top(01)
Mensaje D / 00:00:50:010 / top(01) / 00:00:00:015 para Root(00)
Mensaje * / 00:00:50:025 / Root(00) para top(01)
Mensaje * / 00:00:50:025 / top(01) para speedcontroller(02)
Mensaje * / 00:00:50:025 / speedcontroller(02) para dec(06)
Mensaje Y / 00:00:50:025 / dec(06) / out /      1.00000 para speedcontroller(02)
Mensaje D / 00:00:50:025 / dec(06) / ... para speedcontroller(02)
Mensaje Y / 00:00:50:025 / speedcontroller(02) / decout /      1.00000 para top(01)
Mensaje X / 00:00:50:025 / speedcontroller(02) / done /      1.00000 para decq(04)
Mensaje Y / 00:00:50:025 / top(01) / testdecout /      1.00000 para Root(00)
Mensaje D / 00:00:50:025 / decq(04) / 00:00:00:010 para speedcontroller(02)
Mensaje D / 00:00:50:025 / speedcontroller(02) / 00:00:00:010 para top(01)
Mensaje D / 00:00:50:025 / top(01) / 00:00:00:010 para Root(00)
Mensaje * / 00:00:50:035 / Root(00) para top(01)
Mensaje * / 00:00:50:035 / top(01) para speedcontroller(02)
Mensaje * / 00:00:50:035 / speedcontroller(02) para decq(04)
Mensaje Y / 00:00:50:035 / decq(04) / out /      1.00000 para speedcontroller(02)
Mensaje D / 00:00:50:035 / decq(04) / ... para speedcontroller(02)
Mensaje X / 00:00:50:035 / speedcontroller(02) / in /      1.00000 para dec(06)
Mensaje D / 00:00:50:035 / dec(06) / 00:00:00:015 para speedcontroller(02)
Mensaje D / 00:00:50:035 / speedcontroller(02) / 00:00:00:015 para top(01)
Mensaje D / 00:00:50:035 / top(01) / 00:00:00:015 para Root(00)
Mensaje * / 00:00:50:050 / Root(00) para top(01)
Mensaje * / 00:00:50:050 / top(01) para speedcontroller(02)
Mensaje * / 00:00:50:050 / speedcontroller(02) para dec(06)
Mensaje Y / 00:00:50:050 / dec(06) / out /      1.00000 para speedcontroller(02)
Mensaje D / 00:00:50:050 / dec(06) / ... para speedcontroller(02)
Mensaje Y / 00:00:50:050 / speedcontroller(02) / decout /      1.00000 para top(01)
Mensaje X / 00:00:50:050 / speedcontroller(02) / done /      1.00000 para decq(04)
Mensaje Y / 00:00:50:050 / top(01) / testdecout /      1.00000 para Root(00)
Mensaje D / 00:00:50:050 / decq(04) / ... para speedcontroller(02)
Mensaje D / 00:00:50:050 / speedcontroller(02) / ... para top(01)
Mensaje D / 00:00:50:050 / top(01) / ... para Root(00)
Mensaje X / 00:01:00:005 / Root(00) / testdecin /      1.00000 para top(01)
Mensaje X / 00:01:00:005 / top(01) / decin /      1.00000 para speedcontroller(02)
Mensaje X / 00:01:00:005 / speedcontroller(02) / in /      1.00000 para decq(04)
Mensaje D / 00:01:00:005 / decq(04) / 00:00:00:010 para speedcontroller(02)
Mensaje D / 00:01:00:005 / speedcontroller(02) / 00:00:00:010 para top(01)
Mensaje D / 00:01:00:005 / top(01) / 00:00:00:010 para Root(00)
Mensaje * / 00:01:00:015 / Root(00) para top(01)
Mensaje * / 00:01:00:015 / top(01) para speedcontroller(02)
Mensaje * / 00:01:00:015 / speedcontroller(02) para decq(04)
Mensaje Y / 00:01:00:015 / decq(04) / out /      1.00000 para speedcontroller(02)
Mensaje D / 00:01:00:015 / decq(04) / ... para speedcontroller(02)
Mensaje X / 00:01:00:015 / speedcontroller(02) / in /      1.00000 para dec(06)
Mensaje D / 00:01:00:015 / dec(06) / 00:00:00:015 para speedcontroller(02)
Mensaje D / 00:01:00:015 / speedcontroller(02) / 00:00:00:015 para top(01)
Mensaje D / 00:01:00:015 / top(01) / 00:00:00:015 para Root(00)
Mensaje * / 00:01:00:030 / Root(00) para top(01)
Mensaje * / 00:01:00:030 / top(01) para speedcontroller(02)
Mensaje * / 00:01:00:030 / speedcontroller(02) para dec(06)
Mensaje Y / 00:01:00:030 / dec(06) / out /      1.00000 para speedcontroller(02)
Mensaje D / 00:01:00:030 / dec(06) / ... para speedcontroller(02)
Mensaje Y / 00:01:00:030 / speedcontroller(02) / decout /      1.00000 para top(01)
Mensaje X / 00:01:00:030 / speedcontroller(02) / done /      1.00000 para decq(04)
Mensaje Y / 00:01:00:030 / top(01) / testdecout /      1.00000 para Root(00)
Mensaje D / 00:01:00:030 / decq(04) / ... para speedcontroller(02)
Mensaje D / 00:01:00:030 / speedcontroller(02) / ... para top(01)
Mensaje D / 00:01:00:030 / top(01) / ... para Root(00)
